Analysis & Synthesis report for DigCom32
Tue Mar 24 22:04:00 2009
Quartus II Version 8.0 Build 231 07/10/2008 Service Pack 1 SJ Web Edition


---------------------
; Table of Contents ;
---------------------
  1. Legal Notice
  2. Analysis & Synthesis Summary
  3. Analysis & Synthesis Settings
  4. Analysis & Synthesis Source Files Read
  5. Analysis & Synthesis Resource Usage Summary
  6. Analysis & Synthesis Resource Utilization by Entity
  7. Analysis & Synthesis RAM Summary
  8. Logic Cells Representing Combinational Loops
  9. General Register Statistics
 10. Source assignments for LPM_RAM_IO:inst1|altram:sram|altsyncram:ram_block|altsyncram_2891:auto_generated
 11. Parameter Settings for User Entity Instance: LPM_RAM_IO:inst1
 12. Analysis & Synthesis Messages



----------------
; Legal Notice ;
----------------
Copyright (C) 1991-2008 Altera Corporation
Your use of Altera Corporation's design tools, logic functions 
and other software and tools, and its AMPP partner logic 
functions, and any output files from any of the foregoing 
(including device programming or simulation files), and any 
associated documentation or information are expressly subject 
to the terms and conditions of the Altera Program License 
Subscription Agreement, Altera MegaCore Function License 
Agreement, or other applicable license agreement, including, 
without limitation, that your use is for the sole purpose of 
programming logic devices manufactured by Altera and sold by 
Altera or its authorized distributors.  Please refer to the 
applicable agreement for further details.



+----------------------------------------------------------------------------+
; Analysis & Synthesis Summary                                               ;
+-----------------------------+----------------------------------------------+
; Analysis & Synthesis Status ; Successful - Tue Mar 24 22:04:00 2009        ;
; Quartus II Version          ; 8.0 Build 231 07/10/2008 SP 1 SJ Web Edition ;
; Revision Name               ; DigCom32                                     ;
; Top-level Entity Name       ; DigCom32                                     ;
; Family                      ; Cyclone                                      ;
; Total logic elements        ; 769                                          ;
; Total pins                  ; 90                                           ;
; Total virtual pins          ; 0                                            ;
; Total memory bits           ; 65,536                                       ;
; DSP block 9-bit elements    ; N/A until Partition Merge                    ;
; Total PLLs                  ; 0                                            ;
; Total DLLs                  ; N/A until Partition Merge                    ;
+-----------------------------+----------------------------------------------+


+--------------------------------------------------------------------------------------------------------+
; Analysis & Synthesis Settings                                                                          ;
+--------------------------------------------------------------+--------------------+--------------------+
; Option                                                       ; Setting            ; Default Value      ;
+--------------------------------------------------------------+--------------------+--------------------+
; Device                                                       ; EP1C4F324C7        ;                    ;
; Top-level entity name                                        ; DigCom32           ; DigCom32           ;
; Family name                                                  ; Cyclone            ; Stratix II         ;
; Use Generated Physical Constraints File                      ; Off                ;                    ;
; Use smart compilation                                        ; Off                ; Off                ;
; Maximum processors allowed for parallel compilation          ; 1                  ; 1                  ;
; Restructure Multiplexers                                     ; Auto               ; Auto               ;
; Create Debugging Nodes for IP Cores                          ; Off                ; Off                ;
; Preserve fewer node names                                    ; On                 ; On                 ;
; Disable OpenCore Plus hardware evaluation                    ; Off                ; Off                ;
; Verilog Version                                              ; Verilog_2001       ; Verilog_2001       ;
; VHDL Version                                                 ; VHDL93             ; VHDL93             ;
; State Machine Processing                                     ; Auto               ; Auto               ;
; Safe State Machine                                           ; Off                ; Off                ;
; Extract Verilog State Machines                               ; On                 ; On                 ;
; Extract VHDL State Machines                                  ; On                 ; On                 ;
; Ignore Verilog initial constructs                            ; Off                ; Off                ;
; Iteration limit for constant Verilog loops                   ; 5000               ; 5000               ;
; Iteration limit for non-constant Verilog loops               ; 250                ; 250                ;
; Add Pass-Through Logic to Inferred RAMs                      ; On                 ; On                 ;
; Parallel Synthesis                                           ; Off                ; Off                ;
; NOT Gate Push-Back                                           ; On                 ; On                 ;
; Power-Up Don't Care                                          ; On                 ; On                 ;
; Remove Redundant Logic Cells                                 ; Off                ; Off                ;
; Remove Duplicate Registers                                   ; On                 ; On                 ;
; Ignore CARRY Buffers                                         ; Off                ; Off                ;
; Ignore CASCADE Buffers                                       ; Off                ; Off                ;
; Ignore GLOBAL Buffers                                        ; Off                ; Off                ;
; Ignore ROW GLOBAL Buffers                                    ; Off                ; Off                ;
; Ignore LCELL Buffers                                         ; Off                ; Off                ;
; Ignore SOFT Buffers                                          ; On                 ; On                 ;
; Limit AHDL Integers to 32 Bits                               ; Off                ; Off                ;
; Optimization Technique                                       ; Balanced           ; Balanced           ;
; Carry Chain Length                                           ; 70                 ; 70                 ;
; Auto Carry Chains                                            ; On                 ; On                 ;
; Auto Open-Drain Pins                                         ; On                 ; On                 ;
; Perform WYSIWYG Primitive Resynthesis                        ; Off                ; Off                ;
; Perform gate-level register retiming                         ; Off                ; Off                ;
; Allow register retiming to trade off Tsu/Tco with Fmax       ; On                 ; On                 ;
; Auto ROM Replacement                                         ; On                 ; On                 ;
; Auto RAM Replacement                                         ; On                 ; On                 ;
; Auto Shift Register Replacement                              ; Auto               ; Auto               ;
; Auto Clock Enable Replacement                                ; On                 ; On                 ;
; Strict RAM Replacement                                       ; Off                ; Off                ;
; Allow Synchronous Control Signals                            ; On                 ; On                 ;
; Force Use of Synchronous Clear Signals                       ; Off                ; Off                ;
; Auto RAM Block Balancing                                     ; On                 ; On                 ;
; Auto RAM to Logic Cell Conversion                            ; Off                ; Off                ;
; Auto Resource Sharing                                        ; Off                ; Off                ;
; Allow Any RAM Size For Recognition                           ; Off                ; Off                ;
; Allow Any ROM Size For Recognition                           ; Off                ; Off                ;
; Allow Any Shift Register Size For Recognition                ; Off                ; Off                ;
; Ignore translate_off and synthesis_off directives            ; Off                ; Off                ;
; Show Parameter Settings Tables in Synthesis Report           ; On                 ; On                 ;
; Ignore Maximum Fan-Out Assignments                           ; Off                ; Off                ;
; Synchronization Register Chain Length                        ; 2                  ; 2                  ;
; PowerPlay Power Optimization                                 ; Normal compilation ; Normal compilation ;
; HDL message level                                            ; Level2             ; Level2             ;
; Suppress Register Optimization Related Messages              ; Off                ; Off                ;
; Number of Removed Registers Reported in Synthesis Report     ; 100                ; 100                ;
; Number of Inverted Registers Reported in Synthesis Report    ; 100                ; 100                ;
; Clock MUX Protection                                         ; On                 ; On                 ;
; Block Design Naming                                          ; Auto               ; Auto               ;
; Synthesis Effort                                             ; Auto               ; Auto               ;
; Shift Register Replacement - Allow Asynchronous Clear Signal ; On                 ; On                 ;
+--------------------------------------------------------------+--------------------+--------------------+


+---------------------------------------------------------------------------------------------------------------------------------------------------------------------------------------+
; Analysis & Synthesis Source Files Read                                                                                                                                                ;
+----------------------------------+-----------------+------------------------------------+---------------------------------------------------------------------------------------------+
; File Name with User-Entered Path ; Used in Netlist ; File Type                          ; File Name with Absolute Path                                                                ;
+----------------------------------+-----------------+------------------------------------+---------------------------------------------------------------------------------------------+
; DigCom32.bdf                     ; yes             ; User Block Diagram/Schematic File  ; F:/Work2008/NowWorking/DigComV32/자료모음/CD자료/DigComV32/DigComV32/DigCom32.bdf           ;
; DC32VQM.vhd                      ; yes             ; Other                              ; F:/Work2008/NowWorking/DigComV32/자료모음/CD자료/DigComV32/DigComV32/DC32VQM.vhd            ;
; simplecom_ro1.vqm                ; yes             ; Other                              ; F:/Work2008/NowWorking/DigComV32/자료모음/CD자료/DigComV32/DigComV32/simplecom_ro1.vqm      ;
; LPM_RAM_IO.tdf                   ; yes             ; Megafunction                       ; c:/altera/80sp1/quartus/libraries/megafunctions/LPM_RAM_IO.tdf                              ;
; altram.inc                       ; yes             ; Megafunction                       ; c:/altera/80sp1/quartus/libraries/megafunctions/altram.inc                                  ;
; lpm_mux.inc                      ; yes             ; Megafunction                       ; c:/altera/80sp1/quartus/libraries/megafunctions/lpm_mux.inc                                 ;
; lpm_decode.inc                   ; yes             ; Megafunction                       ; c:/altera/80sp1/quartus/libraries/megafunctions/lpm_decode.inc                              ;
; aglobal80.inc                    ; yes             ; Megafunction                       ; c:/altera/80sp1/quartus/libraries/megafunctions/aglobal80.inc                               ;
; altram.tdf                       ; yes             ; Megafunction                       ; c:/altera/80sp1/quartus/libraries/megafunctions/altram.tdf                                  ;
; memmodes.inc                     ; yes             ; Megafunction                       ; c:/altera/80sp1/quartus/libraries/others/maxplus2/memmodes.inc                              ;
; altsyncram.inc                   ; yes             ; Megafunction                       ; c:/altera/80sp1/quartus/libraries/megafunctions/altsyncram.inc                              ;
; altqpram.inc                     ; yes             ; Megafunction                       ; c:/altera/80sp1/quartus/libraries/megafunctions/altqpram.inc                                ;
; altsyncram.tdf                   ; yes             ; Megafunction                       ; c:/altera/80sp1/quartus/libraries/megafunctions/altsyncram.tdf                              ;
; stratix_ram_block.inc            ; yes             ; Megafunction                       ; c:/altera/80sp1/quartus/libraries/megafunctions/stratix_ram_block.inc                       ;
; a_rdenreg.inc                    ; yes             ; Megafunction                       ; c:/altera/80sp1/quartus/libraries/megafunctions/a_rdenreg.inc                               ;
; altrom.inc                       ; yes             ; Megafunction                       ; c:/altera/80sp1/quartus/libraries/megafunctions/altrom.inc                                  ;
; altdpram.inc                     ; yes             ; Megafunction                       ; c:/altera/80sp1/quartus/libraries/megafunctions/altdpram.inc                                ;
; db/altsyncram_2891.tdf           ; yes             ; Auto-Generated Megafunction        ; F:/Work2008/NowWorking/DigComV32/자료모음/CD자료/DigComV32/DigComV32/db/altsyncram_2891.tdf ;
+----------------------------------+-----------------+------------------------------------+---------------------------------------------------------------------------------------------+


+-------------------------------------------------------------------------------------------------------+
; Analysis & Synthesis Resource Usage Summary                                                           ;
+---------------------------------------------+---------------------------------------------------------+
; Resource                                    ; Usage                                                   ;
+---------------------------------------------+---------------------------------------------------------+
; Total logic elements                        ; 769                                                     ;
;     -- Combinational with no register       ; 528                                                     ;
;     -- Register only                        ; 16                                                      ;
;     -- Combinational with a register        ; 225                                                     ;
;                                             ;                                                         ;
; Logic element usage by number of LUT inputs ;                                                         ;
;     -- 4 input functions                    ; 446                                                     ;
;     -- 3 input functions                    ; 131                                                     ;
;     -- 2 input functions                    ; 147                                                     ;
;     -- 1 input functions                    ; 28                                                      ;
;     -- 0 input functions                    ; 1                                                       ;
;                                             ;                                                         ;
; Logic elements by mode                      ;                                                         ;
;     -- normal mode                          ; 648                                                     ;
;     -- arithmetic mode                      ; 121                                                     ;
;     -- qfbk mode                            ; 60                                                      ;
;     -- register cascade mode                ; 0                                                       ;
;     -- synchronous clear/load mode          ; 138                                                     ;
;     -- asynchronous clear/load mode         ; 214                                                     ;
;                                             ;                                                         ;
; Total registers                             ; 241                                                     ;
; Total logic cells in carry chains           ; 129                                                     ;
; I/O pins                                    ; 90                                                      ;
; Total memory bits                           ; 65536                                                   ;
; Maximum fan-out node                        ; DC32VQM:inst|simplecom_ro1:DC_inst|reset:inst|reset_out ;
; Maximum fan-out                             ; 230                                                     ;
; Total fan-out                               ; 3497                                                    ;
; Average fan-out                             ; 4.00                                                    ;
+---------------------------------------------+---------------------------------------------------------+


+----------------------------------------------------------------------------------------------------------------------------------------------------------------------------------------------------------------------------------------------------------------------------------------------------------------+
; Analysis & Synthesis Resource Utilization by Entity                                                                                                                                                                                                                                                            ;
+----------------------------------------------+-------------+--------------+-------------+------+--------------+--------------+-------------------+------------------+-----------------+------------+--------------------------------------------------------------------------------------------+--------------+
; Compilation Hierarchy Node                   ; Logic Cells ; LC Registers ; Memory Bits ; Pins ; Virtual Pins ; LUT-Only LCs ; Register-Only LCs ; LUT/Register LCs ; Carry Chain LCs ; Packed LCs ; Full Hierarchy Name                                                                        ; Library Name ;
+----------------------------------------------+-------------+--------------+-------------+------+--------------+--------------+-------------------+------------------+-----------------+------------+--------------------------------------------------------------------------------------------+--------------+
; |DigCom32                                    ; 769 (1)     ; 241          ; 65536       ; 90   ; 0            ; 528 (1)      ; 16 (0)            ; 225 (0)          ; 129 (0)         ; 59 (0)     ; |DigCom32                                                                                  ; work         ;
;    |DC32VQM:inst|                            ; 750 (0)     ; 241          ; 0           ; 0    ; 0            ; 509 (0)      ; 16 (0)            ; 225 (0)          ; 129 (0)         ; 59 (0)     ; |DigCom32|DC32VQM:inst                                                                     ; work         ;
;       |simplecom_ro1:DC_inst|                ; 750 (0)     ; 241          ; 0           ; 0    ; 0            ; 509 (0)      ; 16 (0)            ; 225 (0)          ; 129 (0)         ; 59 (0)     ; |DigCom32|DC32VQM:inst|simplecom_ro1:DC_inst                                               ; work         ;
;          |addlogic:inst13|                   ; 29 (29)     ; 2            ; 0           ; 0    ; 0            ; 27 (27)      ; 0 (0)             ; 2 (2)            ; 17 (17)         ; 2 (2)      ; |DigCom32|DC32VQM:inst|simplecom_ro1:DC_inst|addlogic:inst13                               ;              ;
;          |control:inst4|                     ; 45 (45)     ; 0            ; 0           ; 0    ; 0            ; 45 (45)      ; 0 (0)             ; 0 (0)            ; 0 (0)           ; 12 (12)    ; |DigCom32|DC32VQM:inst|simplecom_ro1:DC_inst|control:inst4                                 ;              ;
;          |decoder:inst11|                    ; 8 (8)       ; 8            ; 0           ; 0    ; 0            ; 0 (0)        ; 0 (0)             ; 8 (8)            ; 0 (0)           ; 0 (0)      ; |DigCom32|DC32VQM:inst|simplecom_ro1:DC_inst|decoder:inst11                                ;              ;
;          |inpoutp:inst7|                     ; 90 (90)     ; 36           ; 0           ; 0    ; 0            ; 54 (54)      ; 2 (2)             ; 34 (34)          ; 0 (0)           ; 8 (8)      ; |DigCom32|DC32VQM:inst|simplecom_ro1:DC_inst|inpoutp:inst7                                 ;              ;
;          |reg:inst5|                         ; 357 (357)   ; 117          ; 0           ; 0    ; 0            ; 240 (240)    ; 12 (12)           ; 105 (105)        ; 56 (56)         ; 33 (33)    ; |DigCom32|DC32VQM:inst|simplecom_ro1:DC_inst|reg:inst5                                     ;              ;
;          |regOut:inst10|                     ; 122 (122)   ; 4            ; 0           ; 0    ; 0            ; 118 (118)    ; 0 (0)             ; 4 (4)            ; 0 (0)           ; 4 (4)      ; |DigCom32|DC32VQM:inst|simplecom_ro1:DC_inst|regOut:inst10                                 ;              ;
;          |reset:inst|                        ; 27 (27)     ; 21           ; 0           ; 0    ; 0            ; 6 (6)        ; 0 (0)             ; 21 (21)          ; 19 (19)         ; 0 (0)      ; |DigCom32|DC32VQM:inst|simplecom_ro1:DC_inst|reset:inst                                    ;              ;
;          |scounter:inst3|                    ; 67 (67)     ; 49           ; 0           ; 0    ; 0            ; 18 (18)      ; 2 (2)             ; 47 (47)          ; 37 (37)         ; 0 (0)      ; |DigCom32|DC32VQM:inst|simplecom_ro1:DC_inst|scounter:inst3                                ;              ;
;          |stepClkGen:inst8|                  ; 5 (5)       ; 4            ; 0           ; 0    ; 0            ; 1 (1)        ; 0 (0)             ; 4 (4)            ; 0 (0)           ; 0 (0)      ; |DigCom32|DC32VQM:inst|simplecom_ro1:DC_inst|stepClkGen:inst8                              ;              ;
;    |lpm_ram_io:inst1|                        ; 18 (18)     ; 0            ; 65536       ; 0    ; 0            ; 18 (18)      ; 0 (0)             ; 0 (0)            ; 0 (0)           ; 0 (0)      ; |DigCom32|lpm_ram_io:inst1                                                                 ; work         ;
;       |altram:sram|                          ; 0 (0)       ; 0            ; 65536       ; 0    ; 0            ; 0 (0)        ; 0 (0)             ; 0 (0)            ; 0 (0)           ; 0 (0)      ; |DigCom32|lpm_ram_io:inst1|altram:sram                                                     ; work         ;
;          |altsyncram:ram_block|              ; 0 (0)       ; 0            ; 65536       ; 0    ; 0            ; 0 (0)        ; 0 (0)             ; 0 (0)            ; 0 (0)           ; 0 (0)      ; |DigCom32|lpm_ram_io:inst1|altram:sram|altsyncram:ram_block                                ; work         ;
;             |altsyncram_2891:auto_generated| ; 0 (0)       ; 0            ; 65536       ; 0    ; 0            ; 0 (0)        ; 0 (0)             ; 0 (0)            ; 0 (0)           ; 0 (0)      ; |DigCom32|lpm_ram_io:inst1|altram:sram|altsyncram:ram_block|altsyncram_2891:auto_generated ; work         ;
+----------------------------------------------+-------------+--------------+-------------+------+--------------+--------------+-------------------+------------------+-----------------+------------+--------------------------------------------------------------------------------------------+--------------+
Note: For table entries with two numbers listed, the numbers in parentheses indicate the number of resources of the given type used by the specific entity alone. The numbers listed outside of parentheses indicate the total resources of the given type used by the specific entity and all of its sub-entities in the hierarchy.


+------------------------------------------------------------------------------------------------------------------------------------------------------------------------------------------------+
; Analysis & Synthesis RAM Summary                                                                                                                                                               ;
+---------------------------------------------------------------------------------------------+------+-------------+--------------+--------------+--------------+--------------+-------+---------+
; Name                                                                                        ; Type ; Mode        ; Port A Depth ; Port A Width ; Port B Depth ; Port B Width ; Size  ; MIF     ;
+---------------------------------------------------------------------------------------------+------+-------------+--------------+--------------+--------------+--------------+-------+---------+
; lpm_ram_io:inst1|altram:sram|altsyncram:ram_block|altsyncram_2891:auto_generated|ALTSYNCRAM ; AUTO ; Single Port ; 4096         ; 16           ; --           ; --           ; 65536 ; ex1.mif ;
+---------------------------------------------------------------------------------------------+------+-------------+--------------+--------------+--------------+--------------+-------+---------+


+----------------------------------------------------------------------+
; Logic Cells Representing Combinational Loops                         ;
+------------------------------------------------------------------+---+
; Logic Cell Name                                                  ;   ;
+------------------------------------------------------------------+---+
; DC32VQM:inst|simplecom_ro1:DC_inst|regOut:inst10|register_led[7] ;   ;
; DC32VQM:inst|simplecom_ro1:DC_inst|regOut:inst10|register_led[6] ;   ;
; DC32VQM:inst|simplecom_ro1:DC_inst|regOut:inst10|register_led[5] ;   ;
; DC32VQM:inst|simplecom_ro1:DC_inst|regOut:inst10|register_led[4] ;   ;
; DC32VQM:inst|simplecom_ro1:DC_inst|regOut:inst10|register_led[3] ;   ;
; DC32VQM:inst|simplecom_ro1:DC_inst|regOut:inst10|register_led[2] ;   ;
; DC32VQM:inst|simplecom_ro1:DC_inst|regOut:inst10|register_led[1] ;   ;
; DC32VQM:inst|simplecom_ro1:DC_inst|regOut:inst10|register_led[0] ;   ;
; Number of logic cells representing combinational loops           ; 8 ;
+------------------------------------------------------------------+---+
Note: All cells listed above may not be present at the end of synthesis due to various synthesis optimizations.


+------------------------------------------------------+
; General Register Statistics                          ;
+----------------------------------------------+-------+
; Statistic                                    ; Value ;
+----------------------------------------------+-------+
; Total registers                              ; 241   ;
; Number of registers using Synchronous Clear  ; 36    ;
; Number of registers using Synchronous Load   ; 36    ;
; Number of registers using Asynchronous Clear ; 197   ;
; Number of registers using Asynchronous Load  ; 17    ;
; Number of registers using Clock Enable       ; 131   ;
; Number of registers using Preset             ; 0     ;
+----------------------------------------------+-------+


+---------------------------------------------------------------------------------------------------------+
; Source assignments for LPM_RAM_IO:inst1|altram:sram|altsyncram:ram_block|altsyncram_2891:auto_generated ;
+---------------------------------+--------------------+------+-------------------------------------------+
; Assignment                      ; Value              ; From ; To                                        ;
+---------------------------------+--------------------+------+-------------------------------------------+
; OPTIMIZE_POWER_DURING_SYNTHESIS ; NORMAL_COMPILATION ; -    ; -                                         ;
+---------------------------------+--------------------+------+-------------------------------------------+


+---------------------------------------------------------------+
; Parameter Settings for User Entity Instance: LPM_RAM_IO:inst1 ;
+------------------------+--------------+-----------------------+
; Parameter Name         ; Value        ; Type                  ;
+------------------------+--------------+-----------------------+
; LPM_WIDTH              ; 16           ; Untyped               ;
; LPM_WIDTHAD            ; 12           ; Untyped               ;
; LPM_NUMWORDS           ; 4096         ; Untyped               ;
; LPM_INDATA             ; REGISTERED   ; Untyped               ;
; LPM_ADDRESS_CONTROL    ; REGISTERED   ; Untyped               ;
; LPM_OUTDATA            ; UNREGISTERED ; Untyped               ;
; LPM_FILE               ; ex1.mif      ; Untyped               ;
; USE_EAB                ; ON           ; Untyped               ;
; DEVICE_FAMILY          ; Cyclone      ; Untyped               ;
; AUTO_CARRY_CHAINS      ; ON           ; AUTO_CARRY            ;
; IGNORE_CARRY_BUFFERS   ; OFF          ; IGNORE_CARRY          ;
; AUTO_CASCADE_CHAINS    ; ON           ; AUTO_CASCADE          ;
; IGNORE_CASCADE_BUFFERS ; OFF          ; IGNORE_CASCADE        ;
+------------------------+--------------+-----------------------+
Note: In order to hide this table in the UI and the text report file, please set the "Show Parameter Settings Tables in Synthesis Report" option in "Analysis and Synthesis Settings -> More Settings" to "Off".


+-------------------------------+
; Analysis & Synthesis Messages ;
+-------------------------------+
Info: *******************************************************************
Info: Running Quartus II Analysis & Synthesis
    Info: Version 8.0 Build 231 07/10/2008 Service Pack 1 SJ Web Edition
    Info: Processing started: Tue Mar 24 22:03:53 2009
Info: Command: quartus_map --read_settings_files=on --write_settings_files=off DigCom32 -c DigCom32
Info: Found 1 design units, including 1 entities, in source file DigCom32.bdf
    Info: Found entity 1: DigCom32
Info: Elaborating entity "DigCom32" for the top level hierarchy
Warning: Can't find a definition for parameter LPM_FILE -- assuming ex1.mif was intended to be a quoted string
Warning: Using design file DC32VQM.vhd, which is not specified as a design file for the current project, but contains definitions for 3 design units and 1 entities in project
    Info: Found design unit 1: DC32VQM_package
    Info: Found design unit 2: DC32VQM-design
    Info: Found entity 1: DC32VQM
Info: Elaborating entity "DC32VQM" for hierarchy "DC32VQM:inst"
Warning: Using design file simplecom_ro1.vqm, which is not specified as a design file for the current project, but contains definitions for 1 design units and 1 entities in project
    Info: Found entity 1: simplecom_ro1
Info: Elaborating entity "simplecom_ro1" for hierarchy "DC32VQM:inst|simplecom_ro1:DC_inst"
Info: Elaborating entity "LPM_RAM_IO" for hierarchy "LPM_RAM_IO:inst1"
Info: Elaborated megafunction instantiation "LPM_RAM_IO:inst1"
Info: Instantiated megafunction "LPM_RAM_IO:inst1" with the following parameter:
    Info: Parameter "LPM_ADDRESS_CONTROL" = "REGISTERED"
    Info: Parameter "LPM_FILE" = "ex1.mif"
    Info: Parameter "LPM_INDATA" = "REGISTERED"
    Info: Parameter "LPM_NUMWORDS" = "4096"
    Info: Parameter "LPM_OUTDATA" = "UNREGISTERED"
    Info: Parameter "LPM_WIDTH" = "16"
    Info: Parameter "LPM_WIDTHAD" = "12"
Info: Elaborating entity "altram" for hierarchy "LPM_RAM_IO:inst1|altram:sram"
Warning: Assertion warning: altram does not support Cyclone device family -- attempting best-case memory conversions, but power-up states and read during write behavior will be different for Cyclone devices
Info: Elaborated megafunction instantiation "LPM_RAM_IO:inst1|altram:sram", which is child of megafunction instantiation "LPM_RAM_IO:inst1"
Info: Elaborating entity "altsyncram" for hierarchy "LPM_RAM_IO:inst1|altram:sram|altsyncram:ram_block"
Info: Elaborated megafunction instantiation "LPM_RAM_IO:inst1|altram:sram|altsyncram:ram_block", which is child of megafunction instantiation "LPM_RAM_IO:inst1"
Info: Found 1 design units, including 1 entities, in source file db/altsyncram_2891.tdf
    Info: Found entity 1: altsyncram_2891
Info: Elaborating entity "altsyncram_2891" for hierarchy "LPM_RAM_IO:inst1|altram:sram|altsyncram:ram_block|altsyncram_2891:auto_generated"
Info: WYSIWYG I/O primitives converted to equivalent logic
    Info: WYSIWYG I/O primitive "DC32VQM:inst|simplecom_ro1:DC_inst|cb[4]~I" converted to equivalent logic
    Info: WYSIWYG I/O primitive "DC32VQM:inst|simplecom_ro1:DC_inst|cb[5]~I" converted to equivalent logic
    Info: WYSIWYG I/O primitive "DC32VQM:inst|simplecom_ro1:DC_inst|cb[6]~I" converted to equivalent logic
    Info: WYSIWYG I/O primitive "DC32VQM:inst|simplecom_ro1:DC_inst|cb[7]~I" converted to equivalent logic
    Info: WYSIWYG I/O primitive "DC32VQM:inst|simplecom_ro1:DC_inst|cb[0]~I" converted to equivalent logic
    Info: WYSIWYG I/O primitive "DC32VQM:inst|simplecom_ro1:DC_inst|cb[1]~I" converted to equivalent logic
    Info: WYSIWYG I/O primitive "DC32VQM:inst|simplecom_ro1:DC_inst|cb[2]~I" converted to equivalent logic
    Info: WYSIWYG I/O primitive "DC32VQM:inst|simplecom_ro1:DC_inst|cb[3]~I" converted to equivalent logic
    Info: WYSIWYG I/O primitive "DC32VQM:inst|simplecom_ro1:DC_inst|cb[10]~I" converted to equivalent logic
    Info: WYSIWYG I/O primitive "DC32VQM:inst|simplecom_ro1:DC_inst|cb[15]~I" converted to equivalent logic
    Info: WYSIWYG I/O primitive "DC32VQM:inst|simplecom_ro1:DC_inst|cb[11]~I" converted to equivalent logic
    Info: WYSIWYG I/O primitive "DC32VQM:inst|simplecom_ro1:DC_inst|cb[12]~I" converted to equivalent logic
    Info: WYSIWYG I/O primitive "DC32VQM:inst|simplecom_ro1:DC_inst|cb[13]~I" converted to equivalent logic
    Info: WYSIWYG I/O primitive "DC32VQM:inst|simplecom_ro1:DC_inst|cb[14]~I" converted to equivalent logic
    Info: WYSIWYG I/O primitive "DC32VQM:inst|simplecom_ro1:DC_inst|cb[9]~I" converted to equivalent logic
    Info: WYSIWYG I/O primitive "DC32VQM:inst|simplecom_ro1:DC_inst|cb[8]~I" converted to equivalent logic
Warning: Tri-state node(s) do not directly drive top-level pin(s)
    Warning: Converted the fan-out from the tri-state buffer "lpm_ram_io:inst1|datatri[4]" to the node "lpm_ram_io:inst1|altram:sram|altsyncram:ram_block|altsyncram_2891:auto_generated|q_a[4]" into an OR gate
    Warning: Converted the fan-out from the tri-state buffer "lpm_ram_io:inst1|datatri[5]" to the node "lpm_ram_io:inst1|altram:sram|altsyncram:ram_block|altsyncram_2891:auto_generated|q_a[5]" into an OR gate
    Warning: Converted the fan-out from the tri-state buffer "lpm_ram_io:inst1|datatri[6]" to the node "lpm_ram_io:inst1|altram:sram|altsyncram:ram_block|altsyncram_2891:auto_generated|q_a[6]" into an OR gate
    Warning: Converted the fan-out from the tri-state buffer "lpm_ram_io:inst1|datatri[7]" to the node "lpm_ram_io:inst1|altram:sram|altsyncram:ram_block|altsyncram_2891:auto_generated|q_a[7]" into an OR gate
    Warning: Converted the fan-out from the tri-state buffer "lpm_ram_io:inst1|datatri[0]" to the node "lpm_ram_io:inst1|altram:sram|altsyncram:ram_block|altsyncram_2891:auto_generated|q_a[0]" into an OR gate
    Warning: Converted the fan-out from the tri-state buffer "lpm_ram_io:inst1|datatri[1]" to the node "lpm_ram_io:inst1|altram:sram|altsyncram:ram_block|altsyncram_2891:auto_generated|q_a[1]" into an OR gate
    Warning: Converted the fan-out from the tri-state buffer "lpm_ram_io:inst1|datatri[2]" to the node "lpm_ram_io:inst1|altram:sram|altsyncram:ram_block|altsyncram_2891:auto_generated|q_a[2]" into an OR gate
    Warning: Converted the fan-out from the tri-state buffer "lpm_ram_io:inst1|datatri[3]" to the node "lpm_ram_io:inst1|altram:sram|altsyncram:ram_block|altsyncram_2891:auto_generated|q_a[3]" into an OR gate
    Warning: Converted the fan-out from the tri-state buffer "lpm_ram_io:inst1|datatri[10]" to the node "lpm_ram_io:inst1|altram:sram|altsyncram:ram_block|altsyncram_2891:auto_generated|q_a[10]" into an OR gate
    Warning: Converted the fan-out from the tri-state buffer "lpm_ram_io:inst1|datatri[15]" to the node "lpm_ram_io:inst1|altram:sram|altsyncram:ram_block|altsyncram_2891:auto_generated|q_a[15]" into an OR gate
    Warning: Converted the fan-out from the tri-state buffer "lpm_ram_io:inst1|datatri[11]" to the node "lpm_ram_io:inst1|altram:sram|altsyncram:ram_block|altsyncram_2891:auto_generated|q_a[11]" into an OR gate
    Warning: Converted the fan-out from the tri-state buffer "lpm_ram_io:inst1|datatri[12]" to the node "lpm_ram_io:inst1|altram:sram|altsyncram:ram_block|altsyncram_2891:auto_generated|q_a[12]" into an OR gate
    Warning: Converted the fan-out from the tri-state buffer "lpm_ram_io:inst1|datatri[13]" to the node "lpm_ram_io:inst1|altram:sram|altsyncram:ram_block|altsyncram_2891:auto_generated|q_a[13]" into an OR gate
    Warning: Converted the fan-out from the tri-state buffer "lpm_ram_io:inst1|datatri[14]" to the node "lpm_ram_io:inst1|altram:sram|altsyncram:ram_block|altsyncram_2891:auto_generated|q_a[14]" into an OR gate
    Warning: Converted the fan-out from the tri-state buffer "lpm_ram_io:inst1|datatri[9]" to the node "lpm_ram_io:inst1|altram:sram|altsyncram:ram_block|altsyncram_2891:auto_generated|q_a[9]" into an OR gate
    Warning: Converted the fan-out from the tri-state buffer "lpm_ram_io:inst1|datatri[8]" to the node "lpm_ram_io:inst1|altram:sram|altsyncram:ram_block|altsyncram_2891:auto_generated|q_a[8]" into an OR gate
Warning: Output pins are stuck at VCC or GND
    Warning (13410): Pin "SegOut1[0]" is stuck at GND
    Warning (13410): Pin "SegOut2[0]" is stuck at GND
    Warning (13410): Pin "SelectedReg[24]" is stuck at GND
    Warning (13410): Pin "SelectedReg[16]" is stuck at GND
    Warning (13410): Pin "SelectedReg[8]" is stuck at GND
    Warning (13410): Pin "SelectedReg[0]" is stuck at GND
Info: Implemented 875 device resources after synthesis - the final resource count might be different
    Info: Implemented 24 input pins
    Info: Implemented 66 output pins
    Info: Implemented 769 logic cells
    Info: Implemented 16 RAM segments
Info: Quartus II Analysis & Synthesis was successful. 0 errors, 28 warnings
    Info: Peak virtual memory: 183 megabytes
    Info: Processing ended: Tue Mar 24 22:04:00 2009
    Info: Elapsed time: 00:00:07
    Info: Total CPU time (on all processors): 00:00:05


