Analysis & Synthesis report for DigitalWatch
Tue Mar 24 16:09:04 2009
Quartus II Version 8.0 Build 231 07/10/2008 Service Pack 1 SJ Web Edition


---------------------
; Table of Contents ;
---------------------
  1. Legal Notice
  2. Analysis & Synthesis Summary
  3. Analysis & Synthesis Settings
  4. Analysis & Synthesis Source Files Read
  5. Analysis & Synthesis Resource Usage Summary
  6. Analysis & Synthesis Resource Utilization by Entity
  7. General Register Statistics
  8. Inverted Register Statistics
  9. Multiplexer Restructuring Statistics (Restructuring Performed)
 10. Parameter Settings for Inferred Entity Instance: SegmentDisplay:inst3|lpm_divide:Div0
 11. Parameter Settings for Inferred Entity Instance: SegmentDisplay:inst3|lpm_divide:Div3
 12. Parameter Settings for Inferred Entity Instance: SegmentDisplay:inst3|lpm_divide:Mod0
 13. Parameter Settings for Inferred Entity Instance: SegmentDisplay:inst3|lpm_divide:Mod3
 14. Parameter Settings for Inferred Entity Instance: SegmentDisplay:inst3|lpm_divide:Div1
 15. Parameter Settings for Inferred Entity Instance: SegmentDisplay:inst3|lpm_divide:Div4
 16. Parameter Settings for Inferred Entity Instance: SegmentDisplay:inst3|lpm_divide:Mod1
 17. Parameter Settings for Inferred Entity Instance: SegmentDisplay:inst3|lpm_divide:Mod4
 18. Parameter Settings for Inferred Entity Instance: SegmentDisplay:inst3|lpm_divide:Div2
 19. Parameter Settings for Inferred Entity Instance: SegmentDisplay:inst3|lpm_divide:Div5
 20. Parameter Settings for Inferred Entity Instance: SegmentDisplay:inst3|lpm_divide:Mod2
 21. Parameter Settings for Inferred Entity Instance: SegmentDisplay:inst3|lpm_divide:Mod5
 22. Analysis & Synthesis Messages



----------------
; Legal Notice ;
----------------
Copyright (C) 1991-2008 Altera Corporation
Your use of Altera Corporation's design tools, logic functions 
and other software and tools, and its AMPP partner logic 
functions, and any output files from any of the foregoing 
(including device programming or simulation files), and any 
associated documentation or information are expressly subject 
to the terms and conditions of the Altera Program License 
Subscription Agreement, Altera MegaCore Function License 
Agreement, or other applicable license agreement, including, 
without limitation, that your use is for the sole purpose of 
programming logic devices manufactured by Altera and sold by 
Altera or its authorized distributors.  Please refer to the 
applicable agreement for further details.



+----------------------------------------------------------------------------+
; Analysis & Synthesis Summary                                               ;
+-----------------------------+----------------------------------------------+
; Analysis & Synthesis Status ; Successful - Tue Mar 24 16:09:04 2009        ;
; Quartus II Version          ; 8.0 Build 231 07/10/2008 SP 1 SJ Web Edition ;
; Revision Name               ; DigitalWatch                                 ;
; Top-level Entity Name       ; DigitalWatch                                 ;
; Family                      ; Cyclone                                      ;
; Total logic elements        ; 768                                          ;
; Total pins                  ; 47                                           ;
; Total virtual pins          ; 0                                            ;
; Total memory bits           ; 0                                            ;
; DSP block 9-bit elements    ; N/A until Partition Merge                    ;
; Total PLLs                  ; 0                                            ;
; Total DLLs                  ; N/A until Partition Merge                    ;
+-----------------------------+----------------------------------------------+


+--------------------------------------------------------------------------------------------------------+
; Analysis & Synthesis Settings                                                                          ;
+--------------------------------------------------------------+--------------------+--------------------+
; Option                                                       ; Setting            ; Default Value      ;
+--------------------------------------------------------------+--------------------+--------------------+
; Device                                                       ; EP1C4F324C7        ;                    ;
; Top-level entity name                                        ; DigitalWatch       ; DigitalWatch       ;
; Family name                                                  ; Cyclone            ; Stratix II         ;
; Use Generated Physical Constraints File                      ; Off                ;                    ;
; Use smart compilation                                        ; Off                ; Off                ;
; Maximum processors allowed for parallel compilation          ; 1                  ; 1                  ;
; Restructure Multiplexers                                     ; Auto               ; Auto               ;
; Create Debugging Nodes for IP Cores                          ; Off                ; Off                ;
; Preserve fewer node names                                    ; On                 ; On                 ;
; Disable OpenCore Plus hardware evaluation                    ; Off                ; Off                ;
; Verilog Version                                              ; Verilog_2001       ; Verilog_2001       ;
; VHDL Version                                                 ; VHDL93             ; VHDL93             ;
; State Machine Processing                                     ; Auto               ; Auto               ;
; Safe State Machine                                           ; Off                ; Off                ;
; Extract Verilog State Machines                               ; On                 ; On                 ;
; Extract VHDL State Machines                                  ; On                 ; On                 ;
; Ignore Verilog initial constructs                            ; Off                ; Off                ;
; Iteration limit for constant Verilog loops                   ; 5000               ; 5000               ;
; Iteration limit for non-constant Verilog loops               ; 250                ; 250                ;
; Add Pass-Through Logic to Inferred RAMs                      ; On                 ; On                 ;
; Parallel Synthesis                                           ; Off                ; Off                ;
; NOT Gate Push-Back                                           ; On                 ; On                 ;
; Power-Up Don't Care                                          ; On                 ; On                 ;
; Remove Redundant Logic Cells                                 ; Off                ; Off                ;
; Remove Duplicate Registers                                   ; On                 ; On                 ;
; Ignore CARRY Buffers                                         ; Off                ; Off                ;
; Ignore CASCADE Buffers                                       ; Off                ; Off                ;
; Ignore GLOBAL Buffers                                        ; Off                ; Off                ;
; Ignore ROW GLOBAL Buffers                                    ; Off                ; Off                ;
; Ignore LCELL Buffers                                         ; Off                ; Off                ;
; Ignore SOFT Buffers                                          ; On                 ; On                 ;
; Limit AHDL Integers to 32 Bits                               ; Off                ; Off                ;
; Optimization Technique                                       ; Balanced           ; Balanced           ;
; Carry Chain Length                                           ; 70                 ; 70                 ;
; Auto Carry Chains                                            ; On                 ; On                 ;
; Auto Open-Drain Pins                                         ; On                 ; On                 ;
; Perform WYSIWYG Primitive Resynthesis                        ; Off                ; Off                ;
; Perform gate-level register retiming                         ; Off                ; Off                ;
; Allow register retiming to trade off Tsu/Tco with Fmax       ; On                 ; On                 ;
; Auto ROM Replacement                                         ; On                 ; On                 ;
; Auto RAM Replacement                                         ; On                 ; On                 ;
; Auto Shift Register Replacement                              ; Auto               ; Auto               ;
; Auto Clock Enable Replacement                                ; On                 ; On                 ;
; Strict RAM Replacement                                       ; Off                ; Off                ;
; Allow Synchronous Control Signals                            ; On                 ; On                 ;
; Force Use of Synchronous Clear Signals                       ; Off                ; Off                ;
; Auto RAM Block Balancing                                     ; On                 ; On                 ;
; Auto RAM to Logic Cell Conversion                            ; Off                ; Off                ;
; Auto Resource Sharing                                        ; Off                ; Off                ;
; Allow Any RAM Size For Recognition                           ; Off                ; Off                ;
; Allow Any ROM Size For Recognition                           ; Off                ; Off                ;
; Allow Any Shift Register Size For Recognition                ; Off                ; Off                ;
; Ignore translate_off and synthesis_off directives            ; Off                ; Off                ;
; Show Parameter Settings Tables in Synthesis Report           ; On                 ; On                 ;
; Ignore Maximum Fan-Out Assignments                           ; Off                ; Off                ;
; Synchronization Register Chain Length                        ; 2                  ; 2                  ;
; PowerPlay Power Optimization                                 ; Normal compilation ; Normal compilation ;
; HDL message level                                            ; Level2             ; Level2             ;
; Suppress Register Optimization Related Messages              ; Off                ; Off                ;
; Number of Removed Registers Reported in Synthesis Report     ; 100                ; 100                ;
; Number of Inverted Registers Reported in Synthesis Report    ; 100                ; 100                ;
; Clock MUX Protection                                         ; On                 ; On                 ;
; Block Design Naming                                          ; Auto               ; Auto               ;
; Synthesis Effort                                             ; Auto               ; Auto               ;
; Shift Register Replacement - Allow Asynchronous Clear Signal ; On                 ; On                 ;
+--------------------------------------------------------------+--------------------+--------------------+


+---------------------------------------------------------------------------------------------------------------------------------------------------------------------------------------------------+
; Analysis & Synthesis Source Files Read                                                                                                                                                            ;
+----------------------------------+-----------------+------------------------------------+---------------------------------------------------------------------------------------------------------+
; File Name with User-Entered Path ; Used in Netlist ; File Type                          ; File Name with Absolute Path                                                                            ;
+----------------------------------+-----------------+------------------------------------+---------------------------------------------------------------------------------------------------------+
; DigitalClock.vhd                 ; yes             ; User VHDL File                     ; F:/Work2008/NowWorking/DigComV32/자료모음/DigitalWatch/DigitalWatchBDF_Timer/DigitalClock.vhd           ;
; DigitalWatch.bdf                 ; yes             ; User Block Diagram/Schematic File  ; F:/Work2008/NowWorking/DigComV32/자료모음/DigitalWatch/DigitalWatchBDF_Timer/DigitalWatch.bdf           ;
; MasterSelect.vhd                 ; yes             ; User VHDL File                     ; F:/Work2008/NowWorking/DigComV32/자료모음/DigitalWatch/DigitalWatchBDF_Timer/MasterSelect.vhd           ;
; SegmentDisplay.vhd               ; yes             ; User VHDL File                     ; F:/Work2008/NowWorking/DigComV32/자료모음/DigitalWatch/DigitalWatchBDF_Timer/SegmentDisplay.vhd         ;
; TimerLogic.vhd                   ; yes             ; User VHDL File                     ; F:/Work2008/NowWorking/DigComV32/자료모음/DigitalWatch/DigitalWatchBDF_Timer/TimerLogic.vhd             ;
; lpm_divide.tdf                   ; yes             ; Megafunction                       ; c:/altera/80sp1/quartus/libraries/megafunctions/lpm_divide.tdf                                          ;
; abs_divider.inc                  ; yes             ; Megafunction                       ; c:/altera/80sp1/quartus/libraries/megafunctions/abs_divider.inc                                         ;
; sign_div_unsign.inc              ; yes             ; Megafunction                       ; c:/altera/80sp1/quartus/libraries/megafunctions/sign_div_unsign.inc                                     ;
; aglobal80.inc                    ; yes             ; Megafunction                       ; c:/altera/80sp1/quartus/libraries/megafunctions/aglobal80.inc                                           ;
; db/lpm_divide_c5m.tdf            ; yes             ; Auto-Generated Megafunction        ; F:/Work2008/NowWorking/DigComV32/자료모음/DigitalWatch/DigitalWatchBDF_Timer/db/lpm_divide_c5m.tdf      ;
; db/sign_div_unsign_8kh.tdf       ; yes             ; Auto-Generated Megafunction        ; F:/Work2008/NowWorking/DigComV32/자료모음/DigitalWatch/DigitalWatchBDF_Timer/db/sign_div_unsign_8kh.tdf ;
; db/alt_u_div_0oe.tdf             ; yes             ; Auto-Generated Megafunction        ; F:/Work2008/NowWorking/DigComV32/자료모음/DigitalWatch/DigitalWatchBDF_Timer/db/alt_u_div_0oe.tdf       ;
; db/add_sub_3dc.tdf               ; yes             ; Auto-Generated Megafunction        ; F:/Work2008/NowWorking/DigComV32/자료모음/DigitalWatch/DigitalWatchBDF_Timer/db/add_sub_3dc.tdf         ;
; db/add_sub_4dc.tdf               ; yes             ; Auto-Generated Megafunction        ; F:/Work2008/NowWorking/DigComV32/자료모음/DigitalWatch/DigitalWatchBDF_Timer/db/add_sub_4dc.tdf         ;
; db/add_sub_5dc.tdf               ; yes             ; Auto-Generated Megafunction        ; F:/Work2008/NowWorking/DigComV32/자료모음/DigitalWatch/DigitalWatchBDF_Timer/db/add_sub_5dc.tdf         ;
; db/add_sub_6dc.tdf               ; yes             ; Auto-Generated Megafunction        ; F:/Work2008/NowWorking/DigComV32/자료모음/DigitalWatch/DigitalWatchBDF_Timer/db/add_sub_6dc.tdf         ;
; db/add_sub_7dc.tdf               ; yes             ; Auto-Generated Megafunction        ; F:/Work2008/NowWorking/DigComV32/자료모음/DigitalWatch/DigitalWatchBDF_Timer/db/add_sub_7dc.tdf         ;
; db/lpm_divide_d5m.tdf            ; yes             ; Auto-Generated Megafunction        ; F:/Work2008/NowWorking/DigComV32/자료모음/DigitalWatch/DigitalWatchBDF_Timer/db/lpm_divide_d5m.tdf      ;
; db/sign_div_unsign_9kh.tdf       ; yes             ; Auto-Generated Megafunction        ; F:/Work2008/NowWorking/DigComV32/자료모음/DigitalWatch/DigitalWatchBDF_Timer/db/sign_div_unsign_9kh.tdf ;
; db/alt_u_div_2oe.tdf             ; yes             ; Auto-Generated Megafunction        ; F:/Work2008/NowWorking/DigComV32/자료모음/DigitalWatch/DigitalWatchBDF_Timer/db/alt_u_div_2oe.tdf       ;
; db/lpm_divide_gtl.tdf            ; yes             ; Auto-Generated Megafunction        ; F:/Work2008/NowWorking/DigComV32/자료모음/DigitalWatch/DigitalWatchBDF_Timer/db/lpm_divide_gtl.tdf      ;
; db/sign_div_unsign_akh.tdf       ; yes             ; Auto-Generated Megafunction        ; F:/Work2008/NowWorking/DigComV32/자료모음/DigitalWatch/DigitalWatchBDF_Timer/db/sign_div_unsign_akh.tdf ;
; db/alt_u_div_3oe.tdf             ; yes             ; Auto-Generated Megafunction        ; F:/Work2008/NowWorking/DigComV32/자료모음/DigitalWatch/DigitalWatchBDF_Timer/db/alt_u_div_3oe.tdf       ;
; db/lpm_divide_itl.tdf            ; yes             ; Auto-Generated Megafunction        ; F:/Work2008/NowWorking/DigComV32/자료모음/DigitalWatch/DigitalWatchBDF_Timer/db/lpm_divide_itl.tdf      ;
; db/sign_div_unsign_bkh.tdf       ; yes             ; Auto-Generated Megafunction        ; F:/Work2008/NowWorking/DigComV32/자료모음/DigitalWatch/DigitalWatchBDF_Timer/db/sign_div_unsign_bkh.tdf ;
; db/alt_u_div_6oe.tdf             ; yes             ; Auto-Generated Megafunction        ; F:/Work2008/NowWorking/DigComV32/자료모음/DigitalWatch/DigitalWatchBDF_Timer/db/alt_u_div_6oe.tdf       ;
; db/add_sub_8dc.tdf               ; yes             ; Auto-Generated Megafunction        ; F:/Work2008/NowWorking/DigComV32/자료모음/DigitalWatch/DigitalWatchBDF_Timer/db/add_sub_8dc.tdf         ;
; db/lpm_divide_e5m.tdf            ; yes             ; Auto-Generated Megafunction        ; F:/Work2008/NowWorking/DigComV32/자료모음/DigitalWatch/DigitalWatchBDF_Timer/db/lpm_divide_e5m.tdf      ;
; db/sign_div_unsign_ckh.tdf       ; yes             ; Auto-Generated Megafunction        ; F:/Work2008/NowWorking/DigComV32/자료모음/DigitalWatch/DigitalWatchBDF_Timer/db/sign_div_unsign_ckh.tdf ;
; db/alt_u_div_4oe.tdf             ; yes             ; Auto-Generated Megafunction        ; F:/Work2008/NowWorking/DigComV32/자료모음/DigitalWatch/DigitalWatchBDF_Timer/db/alt_u_div_4oe.tdf       ;
; db/lpm_divide_ktl.tdf            ; yes             ; Auto-Generated Megafunction        ; F:/Work2008/NowWorking/DigComV32/자료모음/DigitalWatch/DigitalWatchBDF_Timer/db/lpm_divide_ktl.tdf      ;
; db/sign_div_unsign_dkh.tdf       ; yes             ; Auto-Generated Megafunction        ; F:/Work2008/NowWorking/DigComV32/자료모음/DigitalWatch/DigitalWatchBDF_Timer/db/sign_div_unsign_dkh.tdf ;
; db/alt_u_div_aoe.tdf             ; yes             ; Auto-Generated Megafunction        ; F:/Work2008/NowWorking/DigComV32/자료모음/DigitalWatch/DigitalWatchBDF_Timer/db/alt_u_div_aoe.tdf       ;
; db/add_sub_9dc.tdf               ; yes             ; Auto-Generated Megafunction        ; F:/Work2008/NowWorking/DigComV32/자료모음/DigitalWatch/DigitalWatchBDF_Timer/db/add_sub_9dc.tdf         ;
+----------------------------------+-----------------+------------------------------------+---------------------------------------------------------------------------------------------------------+


+-----------------------------------------------------+
; Analysis & Synthesis Resource Usage Summary         ;
+---------------------------------------------+-------+
; Resource                                    ; Usage ;
+---------------------------------------------+-------+
; Total logic elements                        ; 768   ;
;     -- Combinational with no register       ; 618   ;
;     -- Register only                        ; 0     ;
;     -- Combinational with a register        ; 150   ;
;                                             ;       ;
; Logic element usage by number of LUT inputs ;       ;
;     -- 4 input functions                    ; 205   ;
;     -- 3 input functions                    ; 151   ;
;     -- 2 input functions                    ; 277   ;
;     -- 1 input functions                    ; 135   ;
;     -- 0 input functions                    ; 0     ;
;                                             ;       ;
; Logic elements by mode                      ;       ;
;     -- normal mode                          ; 507   ;
;     -- arithmetic mode                      ; 261   ;
;     -- qfbk mode                            ; 0     ;
;     -- register cascade mode                ; 0     ;
;     -- synchronous clear/load mode          ; 100   ;
;     -- asynchronous clear/load mode         ; 40    ;
;                                             ;       ;
; Total registers                             ; 150   ;
; Total logic cells in carry chains           ; 335   ;
; I/O pins                                    ; 47    ;
; Maximum fan-out node                        ; clk   ;
; Maximum fan-out                             ; 108   ;
; Total fan-out                               ; 2361  ;
; Average fan-out                             ; 2.90  ;
+---------------------------------------------+-------+


+---------------------------------------------------------------------------------------------------------------------------------------------------------------------------------------------------------------------------------------------------------------------------------------------------------------------------------------------------------------------------+
; Analysis & Synthesis Resource Utilization by Entity                                                                                                                                                                                                                                                                                                                       ;
+-------------------------------------------+-------------+--------------+-------------+------+--------------+--------------+-------------------+------------------+-----------------+------------+----------------------------------------------------------------------------------------------------------------------------------------------------------+--------------+
; Compilation Hierarchy Node                ; Logic Cells ; LC Registers ; Memory Bits ; Pins ; Virtual Pins ; LUT-Only LCs ; Register-Only LCs ; LUT/Register LCs ; Carry Chain LCs ; Packed LCs ; Full Hierarchy Name                                                                                                                                      ; Library Name ;
+-------------------------------------------+-------------+--------------+-------------+------+--------------+--------------+-------------------+------------------+-----------------+------------+----------------------------------------------------------------------------------------------------------------------------------------------------------+--------------+
; |DigitalWatch                             ; 768 (0)     ; 150          ; 0           ; 47   ; 0            ; 618 (0)      ; 0 (0)             ; 150 (0)          ; 335 (0)         ; 0 (0)      ; |DigitalWatch                                                                                                                                            ; work         ;
;    |DigitalClock:inst1|                   ; 30 (30)     ; 17           ; 0           ; 0    ; 0            ; 13 (13)      ; 0 (0)             ; 17 (17)          ; 17 (17)         ; 0 (0)      ; |DigitalWatch|DigitalClock:inst1                                                                                                                         ; work         ;
;    |MasterSelect:inst|                    ; 94 (94)     ; 71           ; 0           ; 0    ; 0            ; 23 (23)      ; 0 (0)             ; 71 (71)          ; 64 (64)         ; 0 (0)      ; |DigitalWatch|MasterSelect:inst                                                                                                                          ; work         ;
;    |SegmentDisplay:inst3|                 ; 597 (189)   ; 42           ; 0           ; 0    ; 0            ; 555 (147)    ; 0 (0)             ; 42 (42)          ; 235 (0)         ; 0 (0)      ; |DigitalWatch|SegmentDisplay:inst3                                                                                                                       ; work         ;
;       |lpm_divide:Div0|                   ; 20 (0)      ; 0            ; 0           ; 0    ; 0            ; 20 (0)       ; 0 (0)             ; 0 (0)            ; 11 (0)          ; 0 (0)      ; |DigitalWatch|SegmentDisplay:inst3|lpm_divide:Div0                                                                                                       ; work         ;
;          |lpm_divide_c5m:auto_generated|  ; 20 (0)      ; 0            ; 0           ; 0    ; 0            ; 20 (0)       ; 0 (0)             ; 0 (0)            ; 11 (0)          ; 0 (0)      ; |DigitalWatch|SegmentDisplay:inst3|lpm_divide:Div0|lpm_divide_c5m:auto_generated                                                                         ; work         ;
;             |sign_div_unsign_8kh:divider| ; 20 (0)      ; 0            ; 0           ; 0    ; 0            ; 20 (0)       ; 0 (0)             ; 0 (0)            ; 11 (0)          ; 0 (0)      ; |DigitalWatch|SegmentDisplay:inst3|lpm_divide:Div0|lpm_divide_c5m:auto_generated|sign_div_unsign_8kh:divider                                             ; work         ;
;                |alt_u_div_0oe:divider|    ; 20 (8)      ; 0            ; 0           ; 0    ; 0            ; 20 (8)       ; 0 (0)             ; 0 (0)            ; 11 (0)          ; 0 (0)      ; |DigitalWatch|SegmentDisplay:inst3|lpm_divide:Div0|lpm_divide_c5m:auto_generated|sign_div_unsign_8kh:divider|alt_u_div_0oe:divider                       ; work         ;
;                   |add_sub_6dc:add_sub_3| ; 6 (6)       ; 0            ; 0           ; 0    ; 0            ; 6 (6)        ; 0 (0)             ; 0 (0)            ; 6 (6)           ; 0 (0)      ; |DigitalWatch|SegmentDisplay:inst3|lpm_divide:Div0|lpm_divide_c5m:auto_generated|sign_div_unsign_8kh:divider|alt_u_div_0oe:divider|add_sub_6dc:add_sub_3 ; work         ;
;                   |add_sub_7dc:add_sub_4| ; 6 (6)       ; 0            ; 0           ; 0    ; 0            ; 6 (6)        ; 0 (0)             ; 0 (0)            ; 5 (5)           ; 0 (0)      ; |DigitalWatch|SegmentDisplay:inst3|lpm_divide:Div0|lpm_divide_c5m:auto_generated|sign_div_unsign_8kh:divider|alt_u_div_0oe:divider|add_sub_7dc:add_sub_4 ; work         ;
;       |lpm_divide:Div1|                   ; 33 (0)      ; 0            ; 0           ; 0    ; 0            ; 33 (0)       ; 0 (0)             ; 0 (0)            ; 18 (0)          ; 0 (0)      ; |DigitalWatch|SegmentDisplay:inst3|lpm_divide:Div1                                                                                                       ; work         ;
;          |lpm_divide_d5m:auto_generated|  ; 33 (0)      ; 0            ; 0           ; 0    ; 0            ; 33 (0)       ; 0 (0)             ; 0 (0)            ; 18 (0)          ; 0 (0)      ; |DigitalWatch|SegmentDisplay:inst3|lpm_divide:Div1|lpm_divide_d5m:auto_generated                                                                         ; work         ;
;             |sign_div_unsign_9kh:divider| ; 33 (0)      ; 0            ; 0           ; 0    ; 0            ; 33 (0)       ; 0 (0)             ; 0 (0)            ; 18 (0)          ; 0 (0)      ; |DigitalWatch|SegmentDisplay:inst3|lpm_divide:Div1|lpm_divide_d5m:auto_generated|sign_div_unsign_9kh:divider                                             ; work         ;
;                |alt_u_div_2oe:divider|    ; 33 (14)     ; 0            ; 0           ; 0    ; 0            ; 33 (14)      ; 0 (0)             ; 0 (0)            ; 18 (0)          ; 0 (0)      ; |DigitalWatch|SegmentDisplay:inst3|lpm_divide:Div1|lpm_divide_d5m:auto_generated|sign_div_unsign_9kh:divider|alt_u_div_2oe:divider                       ; work         ;
;                   |add_sub_6dc:add_sub_3| ; 6 (6)       ; 0            ; 0           ; 0    ; 0            ; 6 (6)        ; 0 (0)             ; 0 (0)            ; 6 (6)           ; 0 (0)      ; |DigitalWatch|SegmentDisplay:inst3|lpm_divide:Div1|lpm_divide_d5m:auto_generated|sign_div_unsign_9kh:divider|alt_u_div_2oe:divider|add_sub_6dc:add_sub_3 ; work         ;
;                   |add_sub_7dc:add_sub_4| ; 7 (7)       ; 0            ; 0           ; 0    ; 0            ; 7 (7)        ; 0 (0)             ; 0 (0)            ; 7 (7)           ; 0 (0)      ; |DigitalWatch|SegmentDisplay:inst3|lpm_divide:Div1|lpm_divide_d5m:auto_generated|sign_div_unsign_9kh:divider|alt_u_div_2oe:divider|add_sub_7dc:add_sub_4 ; work         ;
;                   |add_sub_7dc:add_sub_5| ; 6 (6)       ; 0            ; 0           ; 0    ; 0            ; 6 (6)        ; 0 (0)             ; 0 (0)            ; 5 (5)           ; 0 (0)      ; |DigitalWatch|SegmentDisplay:inst3|lpm_divide:Div1|lpm_divide_d5m:auto_generated|sign_div_unsign_9kh:divider|alt_u_div_2oe:divider|add_sub_7dc:add_sub_5 ; work         ;
;       |lpm_divide:Div2|                   ; 33 (0)      ; 0            ; 0           ; 0    ; 0            ; 33 (0)       ; 0 (0)             ; 0 (0)            ; 18 (0)          ; 0 (0)      ; |DigitalWatch|SegmentDisplay:inst3|lpm_divide:Div2                                                                                                       ; work         ;
;          |lpm_divide_d5m:auto_generated|  ; 33 (0)      ; 0            ; 0           ; 0    ; 0            ; 33 (0)       ; 0 (0)             ; 0 (0)            ; 18 (0)          ; 0 (0)      ; |DigitalWatch|SegmentDisplay:inst3|lpm_divide:Div2|lpm_divide_d5m:auto_generated                                                                         ; work         ;
;             |sign_div_unsign_9kh:divider| ; 33 (0)      ; 0            ; 0           ; 0    ; 0            ; 33 (0)       ; 0 (0)             ; 0 (0)            ; 18 (0)          ; 0 (0)      ; |DigitalWatch|SegmentDisplay:inst3|lpm_divide:Div2|lpm_divide_d5m:auto_generated|sign_div_unsign_9kh:divider                                             ; work         ;
;                |alt_u_div_2oe:divider|    ; 33 (14)     ; 0            ; 0           ; 0    ; 0            ; 33 (14)      ; 0 (0)             ; 0 (0)            ; 18 (0)          ; 0 (0)      ; |DigitalWatch|SegmentDisplay:inst3|lpm_divide:Div2|lpm_divide_d5m:auto_generated|sign_div_unsign_9kh:divider|alt_u_div_2oe:divider                       ; work         ;
;                   |add_sub_6dc:add_sub_3| ; 6 (6)       ; 0            ; 0           ; 0    ; 0            ; 6 (6)        ; 0 (0)             ; 0 (0)            ; 6 (6)           ; 0 (0)      ; |DigitalWatch|SegmentDisplay:inst3|lpm_divide:Div2|lpm_divide_d5m:auto_generated|sign_div_unsign_9kh:divider|alt_u_div_2oe:divider|add_sub_6dc:add_sub_3 ; work         ;
;                   |add_sub_7dc:add_sub_4| ; 7 (7)       ; 0            ; 0           ; 0    ; 0            ; 7 (7)        ; 0 (0)             ; 0 (0)            ; 7 (7)           ; 0 (0)      ; |DigitalWatch|SegmentDisplay:inst3|lpm_divide:Div2|lpm_divide_d5m:auto_generated|sign_div_unsign_9kh:divider|alt_u_div_2oe:divider|add_sub_7dc:add_sub_4 ; work         ;
;                   |add_sub_7dc:add_sub_5| ; 6 (6)       ; 0            ; 0           ; 0    ; 0            ; 6 (6)        ; 0 (0)             ; 0 (0)            ; 5 (5)           ; 0 (0)      ; |DigitalWatch|SegmentDisplay:inst3|lpm_divide:Div2|lpm_divide_d5m:auto_generated|sign_div_unsign_9kh:divider|alt_u_div_2oe:divider|add_sub_7dc:add_sub_5 ; work         ;
;       |lpm_divide:Div3|                   ; 32 (0)      ; 0            ; 0           ; 0    ; 0            ; 32 (0)       ; 0 (0)             ; 0 (0)            ; 18 (0)          ; 0 (0)      ; |DigitalWatch|SegmentDisplay:inst3|lpm_divide:Div3                                                                                                       ; work         ;
;          |lpm_divide_d5m:auto_generated|  ; 32 (0)      ; 0            ; 0           ; 0    ; 0            ; 32 (0)       ; 0 (0)             ; 0 (0)            ; 18 (0)          ; 0 (0)      ; |DigitalWatch|SegmentDisplay:inst3|lpm_divide:Div3|lpm_divide_d5m:auto_generated                                                                         ; work         ;
;             |sign_div_unsign_9kh:divider| ; 32 (0)      ; 0            ; 0           ; 0    ; 0            ; 32 (0)       ; 0 (0)             ; 0 (0)            ; 18 (0)          ; 0 (0)      ; |DigitalWatch|SegmentDisplay:inst3|lpm_divide:Div3|lpm_divide_d5m:auto_generated|sign_div_unsign_9kh:divider                                             ; work         ;
;                |alt_u_div_2oe:divider|    ; 32 (14)     ; 0            ; 0           ; 0    ; 0            ; 32 (14)      ; 0 (0)             ; 0 (0)            ; 18 (0)          ; 0 (0)      ; |DigitalWatch|SegmentDisplay:inst3|lpm_divide:Div3|lpm_divide_d5m:auto_generated|sign_div_unsign_9kh:divider|alt_u_div_2oe:divider                       ; work         ;
;                   |add_sub_6dc:add_sub_3| ; 6 (6)       ; 0            ; 0           ; 0    ; 0            ; 6 (6)        ; 0 (0)             ; 0 (0)            ; 6 (6)           ; 0 (0)      ; |DigitalWatch|SegmentDisplay:inst3|lpm_divide:Div3|lpm_divide_d5m:auto_generated|sign_div_unsign_9kh:divider|alt_u_div_2oe:divider|add_sub_6dc:add_sub_3 ; work         ;
;                   |add_sub_7dc:add_sub_4| ; 7 (7)       ; 0            ; 0           ; 0    ; 0            ; 7 (7)        ; 0 (0)             ; 0 (0)            ; 7 (7)           ; 0 (0)      ; |DigitalWatch|SegmentDisplay:inst3|lpm_divide:Div3|lpm_divide_d5m:auto_generated|sign_div_unsign_9kh:divider|alt_u_div_2oe:divider|add_sub_7dc:add_sub_4 ; work         ;
;                   |add_sub_7dc:add_sub_5| ; 5 (5)       ; 0            ; 0           ; 0    ; 0            ; 5 (5)        ; 0 (0)             ; 0 (0)            ; 5 (5)           ; 0 (0)      ; |DigitalWatch|SegmentDisplay:inst3|lpm_divide:Div3|lpm_divide_d5m:auto_generated|sign_div_unsign_9kh:divider|alt_u_div_2oe:divider|add_sub_7dc:add_sub_5 ; work         ;
;       |lpm_divide:Div4|                   ; 32 (0)      ; 0            ; 0           ; 0    ; 0            ; 32 (0)       ; 0 (0)             ; 0 (0)            ; 18 (0)          ; 0 (0)      ; |DigitalWatch|SegmentDisplay:inst3|lpm_divide:Div4                                                                                                       ; work         ;
;          |lpm_divide_d5m:auto_generated|  ; 32 (0)      ; 0            ; 0           ; 0    ; 0            ; 32 (0)       ; 0 (0)             ; 0 (0)            ; 18 (0)          ; 0 (0)      ; |DigitalWatch|SegmentDisplay:inst3|lpm_divide:Div4|lpm_divide_d5m:auto_generated                                                                         ; work         ;
;             |sign_div_unsign_9kh:divider| ; 32 (0)      ; 0            ; 0           ; 0    ; 0            ; 32 (0)       ; 0 (0)             ; 0 (0)            ; 18 (0)          ; 0 (0)      ; |DigitalWatch|SegmentDisplay:inst3|lpm_divide:Div4|lpm_divide_d5m:auto_generated|sign_div_unsign_9kh:divider                                             ; work         ;
;                |alt_u_div_2oe:divider|    ; 32 (14)     ; 0            ; 0           ; 0    ; 0            ; 32 (14)      ; 0 (0)             ; 0 (0)            ; 18 (0)          ; 0 (0)      ; |DigitalWatch|SegmentDisplay:inst3|lpm_divide:Div4|lpm_divide_d5m:auto_generated|sign_div_unsign_9kh:divider|alt_u_div_2oe:divider                       ; work         ;
;                   |add_sub_6dc:add_sub_3| ; 6 (6)       ; 0            ; 0           ; 0    ; 0            ; 6 (6)        ; 0 (0)             ; 0 (0)            ; 6 (6)           ; 0 (0)      ; |DigitalWatch|SegmentDisplay:inst3|lpm_divide:Div4|lpm_divide_d5m:auto_generated|sign_div_unsign_9kh:divider|alt_u_div_2oe:divider|add_sub_6dc:add_sub_3 ; work         ;
;                   |add_sub_7dc:add_sub_4| ; 7 (7)       ; 0            ; 0           ; 0    ; 0            ; 7 (7)        ; 0 (0)             ; 0 (0)            ; 7 (7)           ; 0 (0)      ; |DigitalWatch|SegmentDisplay:inst3|lpm_divide:Div4|lpm_divide_d5m:auto_generated|sign_div_unsign_9kh:divider|alt_u_div_2oe:divider|add_sub_7dc:add_sub_4 ; work         ;
;                   |add_sub_7dc:add_sub_5| ; 5 (5)       ; 0            ; 0           ; 0    ; 0            ; 5 (5)        ; 0 (0)             ; 0 (0)            ; 5 (5)           ; 0 (0)      ; |DigitalWatch|SegmentDisplay:inst3|lpm_divide:Div4|lpm_divide_d5m:auto_generated|sign_div_unsign_9kh:divider|alt_u_div_2oe:divider|add_sub_7dc:add_sub_5 ; work         ;
;       |lpm_divide:Div5|                   ; 45 (0)      ; 0            ; 0           ; 0    ; 0            ; 45 (0)       ; 0 (0)             ; 0 (0)            ; 25 (0)          ; 0 (0)      ; |DigitalWatch|SegmentDisplay:inst3|lpm_divide:Div5                                                                                                       ; work         ;
;          |lpm_divide_e5m:auto_generated|  ; 45 (0)      ; 0            ; 0           ; 0    ; 0            ; 45 (0)       ; 0 (0)             ; 0 (0)            ; 25 (0)          ; 0 (0)      ; |DigitalWatch|SegmentDisplay:inst3|lpm_divide:Div5|lpm_divide_e5m:auto_generated                                                                         ; work         ;
;             |sign_div_unsign_ckh:divider| ; 45 (0)      ; 0            ; 0           ; 0    ; 0            ; 45 (0)       ; 0 (0)             ; 0 (0)            ; 25 (0)          ; 0 (0)      ; |DigitalWatch|SegmentDisplay:inst3|lpm_divide:Div5|lpm_divide_e5m:auto_generated|sign_div_unsign_ckh:divider                                             ; work         ;
;                |alt_u_div_4oe:divider|    ; 45 (20)     ; 0            ; 0           ; 0    ; 0            ; 45 (20)      ; 0 (0)             ; 0 (0)            ; 25 (0)          ; 0 (0)      ; |DigitalWatch|SegmentDisplay:inst3|lpm_divide:Div5|lpm_divide_e5m:auto_generated|sign_div_unsign_ckh:divider|alt_u_div_4oe:divider                       ; work         ;
;                   |add_sub_6dc:add_sub_3| ; 6 (6)       ; 0            ; 0           ; 0    ; 0            ; 6 (6)        ; 0 (0)             ; 0 (0)            ; 6 (6)           ; 0 (0)      ; |DigitalWatch|SegmentDisplay:inst3|lpm_divide:Div5|lpm_divide_e5m:auto_generated|sign_div_unsign_ckh:divider|alt_u_div_4oe:divider|add_sub_6dc:add_sub_3 ; work         ;
;                   |add_sub_7dc:add_sub_4| ; 7 (7)       ; 0            ; 0           ; 0    ; 0            ; 7 (7)        ; 0 (0)             ; 0 (0)            ; 7 (7)           ; 0 (0)      ; |DigitalWatch|SegmentDisplay:inst3|lpm_divide:Div5|lpm_divide_e5m:auto_generated|sign_div_unsign_ckh:divider|alt_u_div_4oe:divider|add_sub_7dc:add_sub_4 ; work         ;
;                   |add_sub_7dc:add_sub_5| ; 7 (7)       ; 0            ; 0           ; 0    ; 0            ; 7 (7)        ; 0 (0)             ; 0 (0)            ; 7 (7)           ; 0 (0)      ; |DigitalWatch|SegmentDisplay:inst3|lpm_divide:Div5|lpm_divide_e5m:auto_generated|sign_div_unsign_ckh:divider|alt_u_div_4oe:divider|add_sub_7dc:add_sub_5 ; work         ;
;                   |add_sub_7dc:add_sub_6| ; 5 (5)       ; 0            ; 0           ; 0    ; 0            ; 5 (5)        ; 0 (0)             ; 0 (0)            ; 5 (5)           ; 0 (0)      ; |DigitalWatch|SegmentDisplay:inst3|lpm_divide:Div5|lpm_divide_e5m:auto_generated|sign_div_unsign_ckh:divider|alt_u_div_4oe:divider|add_sub_7dc:add_sub_6 ; work         ;
;       |lpm_divide:Mod0|                   ; 19 (0)      ; 0            ; 0           ; 0    ; 0            ; 19 (0)       ; 0 (0)             ; 0 (0)            ; 13 (0)          ; 0 (0)      ; |DigitalWatch|SegmentDisplay:inst3|lpm_divide:Mod0                                                                                                       ; work         ;
;          |lpm_divide_gtl:auto_generated|  ; 19 (0)      ; 0            ; 0           ; 0    ; 0            ; 19 (0)       ; 0 (0)             ; 0 (0)            ; 13 (0)          ; 0 (0)      ; |DigitalWatch|SegmentDisplay:inst3|lpm_divide:Mod0|lpm_divide_gtl:auto_generated                                                                         ; work         ;
;             |sign_div_unsign_akh:divider| ; 19 (0)      ; 0            ; 0           ; 0    ; 0            ; 19 (0)       ; 0 (0)             ; 0 (0)            ; 13 (0)          ; 0 (0)      ; |DigitalWatch|SegmentDisplay:inst3|lpm_divide:Mod0|lpm_divide_gtl:auto_generated|sign_div_unsign_akh:divider                                             ; work         ;
;                |alt_u_div_3oe:divider|    ; 19 (6)      ; 0            ; 0           ; 0    ; 0            ; 19 (6)       ; 0 (0)             ; 0 (0)            ; 13 (0)          ; 0 (0)      ; |DigitalWatch|SegmentDisplay:inst3|lpm_divide:Mod0|lpm_divide_gtl:auto_generated|sign_div_unsign_akh:divider|alt_u_div_3oe:divider                       ; work         ;
;                   |add_sub_6dc:add_sub_3| ; 6 (6)       ; 0            ; 0           ; 0    ; 0            ; 6 (6)        ; 0 (0)             ; 0 (0)            ; 6 (6)           ; 0 (0)      ; |DigitalWatch|SegmentDisplay:inst3|lpm_divide:Mod0|lpm_divide_gtl:auto_generated|sign_div_unsign_akh:divider|alt_u_div_3oe:divider|add_sub_6dc:add_sub_3 ; work         ;
;                   |add_sub_7dc:add_sub_4| ; 7 (7)       ; 0            ; 0           ; 0    ; 0            ; 7 (7)        ; 0 (0)             ; 0 (0)            ; 7 (7)           ; 0 (0)      ; |DigitalWatch|SegmentDisplay:inst3|lpm_divide:Mod0|lpm_divide_gtl:auto_generated|sign_div_unsign_akh:divider|alt_u_div_3oe:divider|add_sub_7dc:add_sub_4 ; work         ;
;       |lpm_divide:Mod1|                   ; 35 (0)      ; 0            ; 0           ; 0    ; 0            ; 35 (0)       ; 0 (0)             ; 0 (0)            ; 21 (0)          ; 0 (0)      ; |DigitalWatch|SegmentDisplay:inst3|lpm_divide:Mod1                                                                                                       ; work         ;
;          |lpm_divide_itl:auto_generated|  ; 35 (0)      ; 0            ; 0           ; 0    ; 0            ; 35 (0)       ; 0 (0)             ; 0 (0)            ; 21 (0)          ; 0 (0)      ; |DigitalWatch|SegmentDisplay:inst3|lpm_divide:Mod1|lpm_divide_itl:auto_generated                                                                         ; work         ;
;             |sign_div_unsign_bkh:divider| ; 35 (0)      ; 0            ; 0           ; 0    ; 0            ; 35 (0)       ; 0 (0)             ; 0 (0)            ; 21 (0)          ; 0 (0)      ; |DigitalWatch|SegmentDisplay:inst3|lpm_divide:Mod1|lpm_divide_itl:auto_generated|sign_div_unsign_bkh:divider                                             ; work         ;
;                |alt_u_div_6oe:divider|    ; 35 (14)     ; 0            ; 0           ; 0    ; 0            ; 35 (14)      ; 0 (0)             ; 0 (0)            ; 21 (0)          ; 0 (0)      ; |DigitalWatch|SegmentDisplay:inst3|lpm_divide:Mod1|lpm_divide_itl:auto_generated|sign_div_unsign_bkh:divider|alt_u_div_6oe:divider                       ; work         ;
;                   |add_sub_6dc:add_sub_3| ; 6 (6)       ; 0            ; 0           ; 0    ; 0            ; 6 (6)        ; 0 (0)             ; 0 (0)            ; 6 (6)           ; 0 (0)      ; |DigitalWatch|SegmentDisplay:inst3|lpm_divide:Mod1|lpm_divide_itl:auto_generated|sign_div_unsign_bkh:divider|alt_u_div_6oe:divider|add_sub_6dc:add_sub_3 ; work         ;
;                   |add_sub_7dc:add_sub_4| ; 7 (7)       ; 0            ; 0           ; 0    ; 0            ; 7 (7)        ; 0 (0)             ; 0 (0)            ; 7 (7)           ; 0 (0)      ; |DigitalWatch|SegmentDisplay:inst3|lpm_divide:Mod1|lpm_divide_itl:auto_generated|sign_div_unsign_bkh:divider|alt_u_div_6oe:divider|add_sub_7dc:add_sub_4 ; work         ;
;                   |add_sub_8dc:add_sub_5| ; 8 (8)       ; 0            ; 0           ; 0    ; 0            ; 8 (8)        ; 0 (0)             ; 0 (0)            ; 8 (8)           ; 0 (0)      ; |DigitalWatch|SegmentDisplay:inst3|lpm_divide:Mod1|lpm_divide_itl:auto_generated|sign_div_unsign_bkh:divider|alt_u_div_6oe:divider|add_sub_8dc:add_sub_5 ; work         ;
;       |lpm_divide:Mod2|                   ; 35 (0)      ; 0            ; 0           ; 0    ; 0            ; 35 (0)       ; 0 (0)             ; 0 (0)            ; 21 (0)          ; 0 (0)      ; |DigitalWatch|SegmentDisplay:inst3|lpm_divide:Mod2                                                                                                       ; work         ;
;          |lpm_divide_itl:auto_generated|  ; 35 (0)      ; 0            ; 0           ; 0    ; 0            ; 35 (0)       ; 0 (0)             ; 0 (0)            ; 21 (0)          ; 0 (0)      ; |DigitalWatch|SegmentDisplay:inst3|lpm_divide:Mod2|lpm_divide_itl:auto_generated                                                                         ; work         ;
;             |sign_div_unsign_bkh:divider| ; 35 (0)      ; 0            ; 0           ; 0    ; 0            ; 35 (0)       ; 0 (0)             ; 0 (0)            ; 21 (0)          ; 0 (0)      ; |DigitalWatch|SegmentDisplay:inst3|lpm_divide:Mod2|lpm_divide_itl:auto_generated|sign_div_unsign_bkh:divider                                             ; work         ;
;                |alt_u_div_6oe:divider|    ; 35 (14)     ; 0            ; 0           ; 0    ; 0            ; 35 (14)      ; 0 (0)             ; 0 (0)            ; 21 (0)          ; 0 (0)      ; |DigitalWatch|SegmentDisplay:inst3|lpm_divide:Mod2|lpm_divide_itl:auto_generated|sign_div_unsign_bkh:divider|alt_u_div_6oe:divider                       ; work         ;
;                   |add_sub_6dc:add_sub_3| ; 6 (6)       ; 0            ; 0           ; 0    ; 0            ; 6 (6)        ; 0 (0)             ; 0 (0)            ; 6 (6)           ; 0 (0)      ; |DigitalWatch|SegmentDisplay:inst3|lpm_divide:Mod2|lpm_divide_itl:auto_generated|sign_div_unsign_bkh:divider|alt_u_div_6oe:divider|add_sub_6dc:add_sub_3 ; work         ;
;                   |add_sub_7dc:add_sub_4| ; 7 (7)       ; 0            ; 0           ; 0    ; 0            ; 7 (7)        ; 0 (0)             ; 0 (0)            ; 7 (7)           ; 0 (0)      ; |DigitalWatch|SegmentDisplay:inst3|lpm_divide:Mod2|lpm_divide_itl:auto_generated|sign_div_unsign_bkh:divider|alt_u_div_6oe:divider|add_sub_7dc:add_sub_4 ; work         ;
;                   |add_sub_8dc:add_sub_5| ; 8 (8)       ; 0            ; 0           ; 0    ; 0            ; 8 (8)        ; 0 (0)             ; 0 (0)            ; 8 (8)           ; 0 (0)      ; |DigitalWatch|SegmentDisplay:inst3|lpm_divide:Mod2|lpm_divide_itl:auto_generated|sign_div_unsign_bkh:divider|alt_u_div_6oe:divider|add_sub_8dc:add_sub_5 ; work         ;
;       |lpm_divide:Mod3|                   ; 35 (0)      ; 0            ; 0           ; 0    ; 0            ; 35 (0)       ; 0 (0)             ; 0 (0)            ; 21 (0)          ; 0 (0)      ; |DigitalWatch|SegmentDisplay:inst3|lpm_divide:Mod3                                                                                                       ; work         ;
;          |lpm_divide_itl:auto_generated|  ; 35 (0)      ; 0            ; 0           ; 0    ; 0            ; 35 (0)       ; 0 (0)             ; 0 (0)            ; 21 (0)          ; 0 (0)      ; |DigitalWatch|SegmentDisplay:inst3|lpm_divide:Mod3|lpm_divide_itl:auto_generated                                                                         ; work         ;
;             |sign_div_unsign_bkh:divider| ; 35 (0)      ; 0            ; 0           ; 0    ; 0            ; 35 (0)       ; 0 (0)             ; 0 (0)            ; 21 (0)          ; 0 (0)      ; |DigitalWatch|SegmentDisplay:inst3|lpm_divide:Mod3|lpm_divide_itl:auto_generated|sign_div_unsign_bkh:divider                                             ; work         ;
;                |alt_u_div_6oe:divider|    ; 35 (14)     ; 0            ; 0           ; 0    ; 0            ; 35 (14)      ; 0 (0)             ; 0 (0)            ; 21 (0)          ; 0 (0)      ; |DigitalWatch|SegmentDisplay:inst3|lpm_divide:Mod3|lpm_divide_itl:auto_generated|sign_div_unsign_bkh:divider|alt_u_div_6oe:divider                       ; work         ;
;                   |add_sub_6dc:add_sub_3| ; 6 (6)       ; 0            ; 0           ; 0    ; 0            ; 6 (6)        ; 0 (0)             ; 0 (0)            ; 6 (6)           ; 0 (0)      ; |DigitalWatch|SegmentDisplay:inst3|lpm_divide:Mod3|lpm_divide_itl:auto_generated|sign_div_unsign_bkh:divider|alt_u_div_6oe:divider|add_sub_6dc:add_sub_3 ; work         ;
;                   |add_sub_7dc:add_sub_4| ; 7 (7)       ; 0            ; 0           ; 0    ; 0            ; 7 (7)        ; 0 (0)             ; 0 (0)            ; 7 (7)           ; 0 (0)      ; |DigitalWatch|SegmentDisplay:inst3|lpm_divide:Mod3|lpm_divide_itl:auto_generated|sign_div_unsign_bkh:divider|alt_u_div_6oe:divider|add_sub_7dc:add_sub_4 ; work         ;
;                   |add_sub_8dc:add_sub_5| ; 8 (8)       ; 0            ; 0           ; 0    ; 0            ; 8 (8)        ; 0 (0)             ; 0 (0)            ; 8 (8)           ; 0 (0)      ; |DigitalWatch|SegmentDisplay:inst3|lpm_divide:Mod3|lpm_divide_itl:auto_generated|sign_div_unsign_bkh:divider|alt_u_div_6oe:divider|add_sub_8dc:add_sub_5 ; work         ;
;       |lpm_divide:Mod4|                   ; 35 (0)      ; 0            ; 0           ; 0    ; 0            ; 35 (0)       ; 0 (0)             ; 0 (0)            ; 21 (0)          ; 0 (0)      ; |DigitalWatch|SegmentDisplay:inst3|lpm_divide:Mod4                                                                                                       ; work         ;
;          |lpm_divide_itl:auto_generated|  ; 35 (0)      ; 0            ; 0           ; 0    ; 0            ; 35 (0)       ; 0 (0)             ; 0 (0)            ; 21 (0)          ; 0 (0)      ; |DigitalWatch|SegmentDisplay:inst3|lpm_divide:Mod4|lpm_divide_itl:auto_generated                                                                         ; work         ;
;             |sign_div_unsign_bkh:divider| ; 35 (0)      ; 0            ; 0           ; 0    ; 0            ; 35 (0)       ; 0 (0)             ; 0 (0)            ; 21 (0)          ; 0 (0)      ; |DigitalWatch|SegmentDisplay:inst3|lpm_divide:Mod4|lpm_divide_itl:auto_generated|sign_div_unsign_bkh:divider                                             ; work         ;
;                |alt_u_div_6oe:divider|    ; 35 (14)     ; 0            ; 0           ; 0    ; 0            ; 35 (14)      ; 0 (0)             ; 0 (0)            ; 21 (0)          ; 0 (0)      ; |DigitalWatch|SegmentDisplay:inst3|lpm_divide:Mod4|lpm_divide_itl:auto_generated|sign_div_unsign_bkh:divider|alt_u_div_6oe:divider                       ; work         ;
;                   |add_sub_6dc:add_sub_3| ; 6 (6)       ; 0            ; 0           ; 0    ; 0            ; 6 (6)        ; 0 (0)             ; 0 (0)            ; 6 (6)           ; 0 (0)      ; |DigitalWatch|SegmentDisplay:inst3|lpm_divide:Mod4|lpm_divide_itl:auto_generated|sign_div_unsign_bkh:divider|alt_u_div_6oe:divider|add_sub_6dc:add_sub_3 ; work         ;
;                   |add_sub_7dc:add_sub_4| ; 7 (7)       ; 0            ; 0           ; 0    ; 0            ; 7 (7)        ; 0 (0)             ; 0 (0)            ; 7 (7)           ; 0 (0)      ; |DigitalWatch|SegmentDisplay:inst3|lpm_divide:Mod4|lpm_divide_itl:auto_generated|sign_div_unsign_bkh:divider|alt_u_div_6oe:divider|add_sub_7dc:add_sub_4 ; work         ;
;                   |add_sub_8dc:add_sub_5| ; 8 (8)       ; 0            ; 0           ; 0    ; 0            ; 8 (8)        ; 0 (0)             ; 0 (0)            ; 8 (8)           ; 0 (0)      ; |DigitalWatch|SegmentDisplay:inst3|lpm_divide:Mod4|lpm_divide_itl:auto_generated|sign_div_unsign_bkh:divider|alt_u_div_6oe:divider|add_sub_8dc:add_sub_5 ; work         ;
;       |lpm_divide:Mod5|                   ; 54 (0)      ; 0            ; 0           ; 0    ; 0            ; 54 (0)       ; 0 (0)             ; 0 (0)            ; 30 (0)          ; 0 (0)      ; |DigitalWatch|SegmentDisplay:inst3|lpm_divide:Mod5                                                                                                       ; work         ;
;          |lpm_divide_ktl:auto_generated|  ; 54 (0)      ; 0            ; 0           ; 0    ; 0            ; 54 (0)       ; 0 (0)             ; 0 (0)            ; 30 (0)          ; 0 (0)      ; |DigitalWatch|SegmentDisplay:inst3|lpm_divide:Mod5|lpm_divide_ktl:auto_generated                                                                         ; work         ;
;             |sign_div_unsign_dkh:divider| ; 54 (0)      ; 0            ; 0           ; 0    ; 0            ; 54 (0)       ; 0 (0)             ; 0 (0)            ; 30 (0)          ; 0 (0)      ; |DigitalWatch|SegmentDisplay:inst3|lpm_divide:Mod5|lpm_divide_ktl:auto_generated|sign_div_unsign_dkh:divider                                             ; work         ;
;                |alt_u_div_aoe:divider|    ; 54 (24)     ; 0            ; 0           ; 0    ; 0            ; 54 (24)      ; 0 (0)             ; 0 (0)            ; 30 (0)          ; 0 (0)      ; |DigitalWatch|SegmentDisplay:inst3|lpm_divide:Mod5|lpm_divide_ktl:auto_generated|sign_div_unsign_dkh:divider|alt_u_div_aoe:divider                       ; work         ;
;                   |add_sub_6dc:add_sub_3| ; 6 (6)       ; 0            ; 0           ; 0    ; 0            ; 6 (6)        ; 0 (0)             ; 0 (0)            ; 6 (6)           ; 0 (0)      ; |DigitalWatch|SegmentDisplay:inst3|lpm_divide:Mod5|lpm_divide_ktl:auto_generated|sign_div_unsign_dkh:divider|alt_u_div_aoe:divider|add_sub_6dc:add_sub_3 ; work         ;
;                   |add_sub_7dc:add_sub_4| ; 7 (7)       ; 0            ; 0           ; 0    ; 0            ; 7 (7)        ; 0 (0)             ; 0 (0)            ; 7 (7)           ; 0 (0)      ; |DigitalWatch|SegmentDisplay:inst3|lpm_divide:Mod5|lpm_divide_ktl:auto_generated|sign_div_unsign_dkh:divider|alt_u_div_aoe:divider|add_sub_7dc:add_sub_4 ; work         ;
;                   |add_sub_8dc:add_sub_5| ; 8 (8)       ; 0            ; 0           ; 0    ; 0            ; 8 (8)        ; 0 (0)             ; 0 (0)            ; 8 (8)           ; 0 (0)      ; |DigitalWatch|SegmentDisplay:inst3|lpm_divide:Mod5|lpm_divide_ktl:auto_generated|sign_div_unsign_dkh:divider|alt_u_div_aoe:divider|add_sub_8dc:add_sub_5 ; work         ;
;                   |add_sub_9dc:add_sub_6| ; 9 (9)       ; 0            ; 0           ; 0    ; 0            ; 9 (9)        ; 0 (0)             ; 0 (0)            ; 9 (9)           ; 0 (0)      ; |DigitalWatch|SegmentDisplay:inst3|lpm_divide:Mod5|lpm_divide_ktl:auto_generated|sign_div_unsign_dkh:divider|alt_u_div_aoe:divider|add_sub_9dc:add_sub_6 ; work         ;
;    |TimerLogic:inst2|                     ; 47 (47)     ; 20           ; 0           ; 0    ; 0            ; 27 (27)      ; 0 (0)             ; 20 (20)          ; 19 (19)         ; 0 (0)      ; |DigitalWatch|TimerLogic:inst2                                                                                                                           ; work         ;
+-------------------------------------------+-------------+--------------+-------------+------+--------------+--------------+-------------------+------------------+-----------------+------------+----------------------------------------------------------------------------------------------------------------------------------------------------------+--------------+
Note: For table entries with two numbers listed, the numbers in parentheses indicate the number of resources of the given type used by the specific entity alone. The numbers listed outside of parentheses indicate the total resources of the given type used by the specific entity and all of its sub-entities in the hierarchy.


+------------------------------------------------------+
; General Register Statistics                          ;
+----------------------------------------------+-------+
; Statistic                                    ; Value ;
+----------------------------------------------+-------+
; Total registers                              ; 150   ;
; Number of registers using Synchronous Clear  ; 100   ;
; Number of registers using Synchronous Load   ; 0     ;
; Number of registers using Asynchronous Clear ; 40    ;
; Number of registers using Asynchronous Load  ; 19    ;
; Number of registers using Clock Enable       ; 29    ;
; Number of registers using Preset             ; 0     ;
+----------------------------------------------+-------+


+--------------------------------------------------+
; Inverted Register Statistics                     ;
+----------------------------------------+---------+
; Inverted Register                      ; Fan out ;
+----------------------------------------+---------+
; MasterSelect:inst|set_time[2]          ; 6       ;
; Total number of inverted registers = 1 ;         ;
+----------------------------------------+---------+


+--------------------------------------------------------------------------------------------------------------------------------------------------------+
; Multiplexer Restructuring Statistics (Restructuring Performed)                                                                                         ;
+--------------------+-----------+---------------+----------------------+------------------------+------------+------------------------------------------+
; Multiplexer Inputs ; Bus Width ; Baseline Area ; Area if Restructured ; Saving if Restructured ; Registered ; Example Multiplexer Output               ;
+--------------------+-----------+---------------+----------------------+------------------------+------------+------------------------------------------+
; 3:1                ; 6 bits    ; 12 LEs        ; 6 LEs                ; 6 LEs                  ; Yes        ; |DigitalWatch|DigitalClock:inst1|sec[3]  ;
; 4:1                ; 6 bits    ; 12 LEs        ; 6 LEs                ; 6 LEs                  ; Yes        ; |DigitalWatch|DigitalClock:inst1|min[1]  ;
; 5:1                ; 5 bits    ; 15 LEs        ; 5 LEs                ; 10 LEs                 ; Yes        ; |DigitalWatch|DigitalClock:inst1|hour[3] ;
; 3:1                ; 19 bits   ; 38 LEs        ; 19 LEs               ; 19 LEs                 ; No         ; |DigitalWatch|TimerLogic:inst2|mmsec~14  ;
+--------------------+-----------+---------------+----------------------+------------------------+------------+------------------------------------------+


+---------------------------------------------------------------------------------------+
; Parameter Settings for Inferred Entity Instance: SegmentDisplay:inst3|lpm_divide:Div0 ;
+------------------------+----------------+---------------------------------------------+
; Parameter Name         ; Value          ; Type                                        ;
+------------------------+----------------+---------------------------------------------+
; LPM_WIDTHN             ; 5              ; Untyped                                     ;
; LPM_WIDTHD             ; 4              ; Untyped                                     ;
; LPM_NREPRESENTATION    ; UNSIGNED       ; Untyped                                     ;
; LPM_DREPRESENTATION    ; UNSIGNED       ; Untyped                                     ;
; LPM_PIPELINE           ; 0              ; Untyped                                     ;
; LPM_REMAINDERPOSITIVE  ; TRUE           ; Untyped                                     ;
; MAXIMIZE_SPEED         ; 5              ; Untyped                                     ;
; CBXI_PARAMETER         ; lpm_divide_c5m ; Untyped                                     ;
; CARRY_CHAIN            ; MANUAL         ; Untyped                                     ;
; OPTIMIZE_FOR_SPEED     ; 5              ; Untyped                                     ;
; AUTO_CARRY_CHAINS      ; ON             ; AUTO_CARRY                                  ;
; IGNORE_CARRY_BUFFERS   ; OFF            ; IGNORE_CARRY                                ;
; AUTO_CASCADE_CHAINS    ; ON             ; AUTO_CASCADE                                ;
; IGNORE_CASCADE_BUFFERS ; OFF            ; IGNORE_CASCADE                              ;
+------------------------+----------------+---------------------------------------------+
Note: In order to hide this table in the UI and the text report file, please set the "Show Parameter Settings Tables in Synthesis Report" option in "Analysis and Synthesis Settings -> More Settings" to "Off".


+---------------------------------------------------------------------------------------+
; Parameter Settings for Inferred Entity Instance: SegmentDisplay:inst3|lpm_divide:Div3 ;
+------------------------+----------------+---------------------------------------------+
; Parameter Name         ; Value          ; Type                                        ;
+------------------------+----------------+---------------------------------------------+
; LPM_WIDTHN             ; 6              ; Untyped                                     ;
; LPM_WIDTHD             ; 4              ; Untyped                                     ;
; LPM_NREPRESENTATION    ; UNSIGNED       ; Untyped                                     ;
; LPM_DREPRESENTATION    ; UNSIGNED       ; Untyped                                     ;
; LPM_PIPELINE           ; 0              ; Untyped                                     ;
; LPM_REMAINDERPOSITIVE  ; TRUE           ; Untyped                                     ;
; MAXIMIZE_SPEED         ; 5              ; Untyped                                     ;
; CBXI_PARAMETER         ; lpm_divide_d5m ; Untyped                                     ;
; CARRY_CHAIN            ; MANUAL         ; Untyped                                     ;
; OPTIMIZE_FOR_SPEED     ; 5              ; Untyped                                     ;
; AUTO_CARRY_CHAINS      ; ON             ; AUTO_CARRY                                  ;
; IGNORE_CARRY_BUFFERS   ; OFF            ; IGNORE_CARRY                                ;
; AUTO_CASCADE_CHAINS    ; ON             ; AUTO_CASCADE                                ;
; IGNORE_CASCADE_BUFFERS ; OFF            ; IGNORE_CASCADE                              ;
+------------------------+----------------+---------------------------------------------+
Note: In order to hide this table in the UI and the text report file, please set the "Show Parameter Settings Tables in Synthesis Report" option in "Analysis and Synthesis Settings -> More Settings" to "Off".


+---------------------------------------------------------------------------------------+
; Parameter Settings for Inferred Entity Instance: SegmentDisplay:inst3|lpm_divide:Mod0 ;
+------------------------+----------------+---------------------------------------------+
; Parameter Name         ; Value          ; Type                                        ;
+------------------------+----------------+---------------------------------------------+
; LPM_WIDTHN             ; 5              ; Untyped                                     ;
; LPM_WIDTHD             ; 5              ; Untyped                                     ;
; LPM_NREPRESENTATION    ; UNSIGNED       ; Untyped                                     ;
; LPM_DREPRESENTATION    ; UNSIGNED       ; Untyped                                     ;
; LPM_PIPELINE           ; 0              ; Untyped                                     ;
; LPM_REMAINDERPOSITIVE  ; TRUE           ; Untyped                                     ;
; MAXIMIZE_SPEED         ; 5              ; Untyped                                     ;
; CBXI_PARAMETER         ; lpm_divide_gtl ; Untyped                                     ;
; CARRY_CHAIN            ; MANUAL         ; Untyped                                     ;
; OPTIMIZE_FOR_SPEED     ; 5              ; Untyped                                     ;
; AUTO_CARRY_CHAINS      ; ON             ; AUTO_CARRY                                  ;
; IGNORE_CARRY_BUFFERS   ; OFF            ; IGNORE_CARRY                                ;
; AUTO_CASCADE_CHAINS    ; ON             ; AUTO_CASCADE                                ;
; IGNORE_CASCADE_BUFFERS ; OFF            ; IGNORE_CASCADE                              ;
+------------------------+----------------+---------------------------------------------+
Note: In order to hide this table in the UI and the text report file, please set the "Show Parameter Settings Tables in Synthesis Report" option in "Analysis and Synthesis Settings -> More Settings" to "Off".


+---------------------------------------------------------------------------------------+
; Parameter Settings for Inferred Entity Instance: SegmentDisplay:inst3|lpm_divide:Mod3 ;
+------------------------+----------------+---------------------------------------------+
; Parameter Name         ; Value          ; Type                                        ;
+------------------------+----------------+---------------------------------------------+
; LPM_WIDTHN             ; 6              ; Untyped                                     ;
; LPM_WIDTHD             ; 6              ; Untyped                                     ;
; LPM_NREPRESENTATION    ; UNSIGNED       ; Untyped                                     ;
; LPM_DREPRESENTATION    ; UNSIGNED       ; Untyped                                     ;
; LPM_PIPELINE           ; 0              ; Untyped                                     ;
; LPM_REMAINDERPOSITIVE  ; TRUE           ; Untyped                                     ;
; MAXIMIZE_SPEED         ; 5              ; Untyped                                     ;
; CBXI_PARAMETER         ; lpm_divide_itl ; Untyped                                     ;
; CARRY_CHAIN            ; MANUAL         ; Untyped                                     ;
; OPTIMIZE_FOR_SPEED     ; 5              ; Untyped                                     ;
; AUTO_CARRY_CHAINS      ; ON             ; AUTO_CARRY                                  ;
; IGNORE_CARRY_BUFFERS   ; OFF            ; IGNORE_CARRY                                ;
; AUTO_CASCADE_CHAINS    ; ON             ; AUTO_CASCADE                                ;
; IGNORE_CASCADE_BUFFERS ; OFF            ; IGNORE_CASCADE                              ;
+------------------------+----------------+---------------------------------------------+
Note: In order to hide this table in the UI and the text report file, please set the "Show Parameter Settings Tables in Synthesis Report" option in "Analysis and Synthesis Settings -> More Settings" to "Off".


+---------------------------------------------------------------------------------------+
; Parameter Settings for Inferred Entity Instance: SegmentDisplay:inst3|lpm_divide:Div1 ;
+------------------------+----------------+---------------------------------------------+
; Parameter Name         ; Value          ; Type                                        ;
+------------------------+----------------+---------------------------------------------+
; LPM_WIDTHN             ; 6              ; Untyped                                     ;
; LPM_WIDTHD             ; 4              ; Untyped                                     ;
; LPM_NREPRESENTATION    ; UNSIGNED       ; Untyped                                     ;
; LPM_DREPRESENTATION    ; UNSIGNED       ; Untyped                                     ;
; LPM_PIPELINE           ; 0              ; Untyped                                     ;
; LPM_REMAINDERPOSITIVE  ; TRUE           ; Untyped                                     ;
; MAXIMIZE_SPEED         ; 5              ; Untyped                                     ;
; CBXI_PARAMETER         ; lpm_divide_d5m ; Untyped                                     ;
; CARRY_CHAIN            ; MANUAL         ; Untyped                                     ;
; OPTIMIZE_FOR_SPEED     ; 5              ; Untyped                                     ;
; AUTO_CARRY_CHAINS      ; ON             ; AUTO_CARRY                                  ;
; IGNORE_CARRY_BUFFERS   ; OFF            ; IGNORE_CARRY                                ;
; AUTO_CASCADE_CHAINS    ; ON             ; AUTO_CASCADE                                ;
; IGNORE_CASCADE_BUFFERS ; OFF            ; IGNORE_CASCADE                              ;
+------------------------+----------------+---------------------------------------------+
Note: In order to hide this table in the UI and the text report file, please set the "Show Parameter Settings Tables in Synthesis Report" option in "Analysis and Synthesis Settings -> More Settings" to "Off".


+---------------------------------------------------------------------------------------+
; Parameter Settings for Inferred Entity Instance: SegmentDisplay:inst3|lpm_divide:Div4 ;
+------------------------+----------------+---------------------------------------------+
; Parameter Name         ; Value          ; Type                                        ;
+------------------------+----------------+---------------------------------------------+
; LPM_WIDTHN             ; 6              ; Untyped                                     ;
; LPM_WIDTHD             ; 4              ; Untyped                                     ;
; LPM_NREPRESENTATION    ; UNSIGNED       ; Untyped                                     ;
; LPM_DREPRESENTATION    ; UNSIGNED       ; Untyped                                     ;
; LPM_PIPELINE           ; 0              ; Untyped                                     ;
; LPM_REMAINDERPOSITIVE  ; TRUE           ; Untyped                                     ;
; MAXIMIZE_SPEED         ; 5              ; Untyped                                     ;
; CBXI_PARAMETER         ; lpm_divide_d5m ; Untyped                                     ;
; CARRY_CHAIN            ; MANUAL         ; Untyped                                     ;
; OPTIMIZE_FOR_SPEED     ; 5              ; Untyped                                     ;
; AUTO_CARRY_CHAINS      ; ON             ; AUTO_CARRY                                  ;
; IGNORE_CARRY_BUFFERS   ; OFF            ; IGNORE_CARRY                                ;
; AUTO_CASCADE_CHAINS    ; ON             ; AUTO_CASCADE                                ;
; IGNORE_CASCADE_BUFFERS ; OFF            ; IGNORE_CASCADE                              ;
+------------------------+----------------+---------------------------------------------+
Note: In order to hide this table in the UI and the text report file, please set the "Show Parameter Settings Tables in Synthesis Report" option in "Analysis and Synthesis Settings -> More Settings" to "Off".


+---------------------------------------------------------------------------------------+
; Parameter Settings for Inferred Entity Instance: SegmentDisplay:inst3|lpm_divide:Mod1 ;
+------------------------+----------------+---------------------------------------------+
; Parameter Name         ; Value          ; Type                                        ;
+------------------------+----------------+---------------------------------------------+
; LPM_WIDTHN             ; 6              ; Untyped                                     ;
; LPM_WIDTHD             ; 6              ; Untyped                                     ;
; LPM_NREPRESENTATION    ; UNSIGNED       ; Untyped                                     ;
; LPM_DREPRESENTATION    ; UNSIGNED       ; Untyped                                     ;
; LPM_PIPELINE           ; 0              ; Untyped                                     ;
; LPM_REMAINDERPOSITIVE  ; TRUE           ; Untyped                                     ;
; MAXIMIZE_SPEED         ; 5              ; Untyped                                     ;
; CBXI_PARAMETER         ; lpm_divide_itl ; Untyped                                     ;
; CARRY_CHAIN            ; MANUAL         ; Untyped                                     ;
; OPTIMIZE_FOR_SPEED     ; 5              ; Untyped                                     ;
; AUTO_CARRY_CHAINS      ; ON             ; AUTO_CARRY                                  ;
; IGNORE_CARRY_BUFFERS   ; OFF            ; IGNORE_CARRY                                ;
; AUTO_CASCADE_CHAINS    ; ON             ; AUTO_CASCADE                                ;
; IGNORE_CASCADE_BUFFERS ; OFF            ; IGNORE_CASCADE                              ;
+------------------------+----------------+---------------------------------------------+
Note: In order to hide this table in the UI and the text report file, please set the "Show Parameter Settings Tables in Synthesis Report" option in "Analysis and Synthesis Settings -> More Settings" to "Off".


+---------------------------------------------------------------------------------------+
; Parameter Settings for Inferred Entity Instance: SegmentDisplay:inst3|lpm_divide:Mod4 ;
+------------------------+----------------+---------------------------------------------+
; Parameter Name         ; Value          ; Type                                        ;
+------------------------+----------------+---------------------------------------------+
; LPM_WIDTHN             ; 6              ; Untyped                                     ;
; LPM_WIDTHD             ; 6              ; Untyped                                     ;
; LPM_NREPRESENTATION    ; UNSIGNED       ; Untyped                                     ;
; LPM_DREPRESENTATION    ; UNSIGNED       ; Untyped                                     ;
; LPM_PIPELINE           ; 0              ; Untyped                                     ;
; LPM_REMAINDERPOSITIVE  ; TRUE           ; Untyped                                     ;
; MAXIMIZE_SPEED         ; 5              ; Untyped                                     ;
; CBXI_PARAMETER         ; lpm_divide_itl ; Untyped                                     ;
; CARRY_CHAIN            ; MANUAL         ; Untyped                                     ;
; OPTIMIZE_FOR_SPEED     ; 5              ; Untyped                                     ;
; AUTO_CARRY_CHAINS      ; ON             ; AUTO_CARRY                                  ;
; IGNORE_CARRY_BUFFERS   ; OFF            ; IGNORE_CARRY                                ;
; AUTO_CASCADE_CHAINS    ; ON             ; AUTO_CASCADE                                ;
; IGNORE_CASCADE_BUFFERS ; OFF            ; IGNORE_CASCADE                              ;
+------------------------+----------------+---------------------------------------------+
Note: In order to hide this table in the UI and the text report file, please set the "Show Parameter Settings Tables in Synthesis Report" option in "Analysis and Synthesis Settings -> More Settings" to "Off".


+---------------------------------------------------------------------------------------+
; Parameter Settings for Inferred Entity Instance: SegmentDisplay:inst3|lpm_divide:Div2 ;
+------------------------+----------------+---------------------------------------------+
; Parameter Name         ; Value          ; Type                                        ;
+------------------------+----------------+---------------------------------------------+
; LPM_WIDTHN             ; 6              ; Untyped                                     ;
; LPM_WIDTHD             ; 4              ; Untyped                                     ;
; LPM_NREPRESENTATION    ; UNSIGNED       ; Untyped                                     ;
; LPM_DREPRESENTATION    ; UNSIGNED       ; Untyped                                     ;
; LPM_PIPELINE           ; 0              ; Untyped                                     ;
; LPM_REMAINDERPOSITIVE  ; TRUE           ; Untyped                                     ;
; MAXIMIZE_SPEED         ; 5              ; Untyped                                     ;
; CBXI_PARAMETER         ; lpm_divide_d5m ; Untyped                                     ;
; CARRY_CHAIN            ; MANUAL         ; Untyped                                     ;
; OPTIMIZE_FOR_SPEED     ; 5              ; Untyped                                     ;
; AUTO_CARRY_CHAINS      ; ON             ; AUTO_CARRY                                  ;
; IGNORE_CARRY_BUFFERS   ; OFF            ; IGNORE_CARRY                                ;
; AUTO_CASCADE_CHAINS    ; ON             ; AUTO_CASCADE                                ;
; IGNORE_CASCADE_BUFFERS ; OFF            ; IGNORE_CASCADE                              ;
+------------------------+----------------+---------------------------------------------+
Note: In order to hide this table in the UI and the text report file, please set the "Show Parameter Settings Tables in Synthesis Report" option in "Analysis and Synthesis Settings -> More Settings" to "Off".


+---------------------------------------------------------------------------------------+
; Parameter Settings for Inferred Entity Instance: SegmentDisplay:inst3|lpm_divide:Div5 ;
+------------------------+----------------+---------------------------------------------+
; Parameter Name         ; Value          ; Type                                        ;
+------------------------+----------------+---------------------------------------------+
; LPM_WIDTHN             ; 7              ; Untyped                                     ;
; LPM_WIDTHD             ; 4              ; Untyped                                     ;
; LPM_NREPRESENTATION    ; UNSIGNED       ; Untyped                                     ;
; LPM_DREPRESENTATION    ; UNSIGNED       ; Untyped                                     ;
; LPM_PIPELINE           ; 0              ; Untyped                                     ;
; LPM_REMAINDERPOSITIVE  ; TRUE           ; Untyped                                     ;
; MAXIMIZE_SPEED         ; 5              ; Untyped                                     ;
; CBXI_PARAMETER         ; lpm_divide_e5m ; Untyped                                     ;
; CARRY_CHAIN            ; MANUAL         ; Untyped                                     ;
; OPTIMIZE_FOR_SPEED     ; 5              ; Untyped                                     ;
; AUTO_CARRY_CHAINS      ; ON             ; AUTO_CARRY                                  ;
; IGNORE_CARRY_BUFFERS   ; OFF            ; IGNORE_CARRY                                ;
; AUTO_CASCADE_CHAINS    ; ON             ; AUTO_CASCADE                                ;
; IGNORE_CASCADE_BUFFERS ; OFF            ; IGNORE_CASCADE                              ;
+------------------------+----------------+---------------------------------------------+
Note: In order to hide this table in the UI and the text report file, please set the "Show Parameter Settings Tables in Synthesis Report" option in "Analysis and Synthesis Settings -> More Settings" to "Off".


+---------------------------------------------------------------------------------------+
; Parameter Settings for Inferred Entity Instance: SegmentDisplay:inst3|lpm_divide:Mod2 ;
+------------------------+----------------+---------------------------------------------+
; Parameter Name         ; Value          ; Type                                        ;
+------------------------+----------------+---------------------------------------------+
; LPM_WIDTHN             ; 6              ; Untyped                                     ;
; LPM_WIDTHD             ; 6              ; Untyped                                     ;
; LPM_NREPRESENTATION    ; UNSIGNED       ; Untyped                                     ;
; LPM_DREPRESENTATION    ; UNSIGNED       ; Untyped                                     ;
; LPM_PIPELINE           ; 0              ; Untyped                                     ;
; LPM_REMAINDERPOSITIVE  ; TRUE           ; Untyped                                     ;
; MAXIMIZE_SPEED         ; 5              ; Untyped                                     ;
; CBXI_PARAMETER         ; lpm_divide_itl ; Untyped                                     ;
; CARRY_CHAIN            ; MANUAL         ; Untyped                                     ;
; OPTIMIZE_FOR_SPEED     ; 5              ; Untyped                                     ;
; AUTO_CARRY_CHAINS      ; ON             ; AUTO_CARRY                                  ;
; IGNORE_CARRY_BUFFERS   ; OFF            ; IGNORE_CARRY                                ;
; AUTO_CASCADE_CHAINS    ; ON             ; AUTO_CASCADE                                ;
; IGNORE_CASCADE_BUFFERS ; OFF            ; IGNORE_CASCADE                              ;
+------------------------+----------------+---------------------------------------------+
Note: In order to hide this table in the UI and the text report file, please set the "Show Parameter Settings Tables in Synthesis Report" option in "Analysis and Synthesis Settings -> More Settings" to "Off".


+---------------------------------------------------------------------------------------+
; Parameter Settings for Inferred Entity Instance: SegmentDisplay:inst3|lpm_divide:Mod5 ;
+------------------------+----------------+---------------------------------------------+
; Parameter Name         ; Value          ; Type                                        ;
+------------------------+----------------+---------------------------------------------+
; LPM_WIDTHN             ; 7              ; Untyped                                     ;
; LPM_WIDTHD             ; 7              ; Untyped                                     ;
; LPM_NREPRESENTATION    ; UNSIGNED       ; Untyped                                     ;
; LPM_DREPRESENTATION    ; UNSIGNED       ; Untyped                                     ;
; LPM_PIPELINE           ; 0              ; Untyped                                     ;
; LPM_REMAINDERPOSITIVE  ; TRUE           ; Untyped                                     ;
; MAXIMIZE_SPEED         ; 5              ; Untyped                                     ;
; CBXI_PARAMETER         ; lpm_divide_ktl ; Untyped                                     ;
; CARRY_CHAIN            ; MANUAL         ; Untyped                                     ;
; OPTIMIZE_FOR_SPEED     ; 5              ; Untyped                                     ;
; AUTO_CARRY_CHAINS      ; ON             ; AUTO_CARRY                                  ;
; IGNORE_CARRY_BUFFERS   ; OFF            ; IGNORE_CARRY                                ;
; AUTO_CASCADE_CHAINS    ; ON             ; AUTO_CASCADE                                ;
; IGNORE_CASCADE_BUFFERS ; OFF            ; IGNORE_CASCADE                              ;
+------------------------+----------------+---------------------------------------------+
Note: In order to hide this table in the UI and the text report file, please set the "Show Parameter Settings Tables in Synthesis Report" option in "Analysis and Synthesis Settings -> More Settings" to "Off".


+-------------------------------+
; Analysis & Synthesis Messages ;
+-------------------------------+
Info: *******************************************************************
Info: Running Quartus II Analysis & Synthesis
    Info: Version 8.0 Build 231 07/10/2008 Service Pack 1 SJ Web Edition
    Info: Processing started: Tue Mar 24 16:08:53 2009
Info: Command: quartus_map --read_settings_files=on --write_settings_files=off DigitalWatch -c DigitalWatch
Warning: Can't analyze file -- file F:/Work2008/NowWorking/DigComV32/자료모음/DigitalWatch/DigitalWatchBDF_Timer/AlarmLogic.vhd is missing
Info: Found 2 design units, including 1 entities, in source file DigitalClock.vhd
    Info: Found design unit 1: DigitalClock-DigitalClock_arch
    Info: Found entity 1: DigitalClock
Info: Found 1 design units, including 1 entities, in source file DigitalWatch.bdf
    Info: Found entity 1: DigitalWatch
Info: Found 2 design units, including 1 entities, in source file MasterSelect.vhd
    Info: Found design unit 1: MasterSelect-MasterSelect_arch
    Info: Found entity 1: MasterSelect
Info: Found 2 design units, including 1 entities, in source file SegmentDisplay.vhd
    Info: Found design unit 1: SegmentDisplay-SegmentDisplay_arch
    Info: Found entity 1: SegmentDisplay
Info: Found 2 design units, including 1 entities, in source file TimerLogic.vhd
    Info: Found design unit 1: TimerLogic-TimerLogic_arch
    Info: Found entity 1: TimerLogic
Info: Elaborating entity "DigitalWatch" for the top level hierarchy
Info: Elaborating entity "SegmentDisplay" for hierarchy "SegmentDisplay:inst3"
Info: Elaborating entity "DigitalClock" for hierarchy "DigitalClock:inst1"
Info: Elaborating entity "MasterSelect" for hierarchy "MasterSelect:inst"
Info: Elaborating entity "TimerLogic" for hierarchy "TimerLogic:inst2"
Warning: Clock multiplexers are found and protected
    Warning: Found clock multiplexer DigitalClock:inst1|timeClock
Info: Inferred 12 megafunctions from design logic
    Info: Inferred divider/modulo megafunction ("lpm_divide") from the following logic: "SegmentDisplay:inst3|Div0"
    Info: Inferred divider/modulo megafunction ("lpm_divide") from the following logic: "SegmentDisplay:inst3|Div3"
    Info: Inferred divider/modulo megafunction ("lpm_divide") from the following logic: "SegmentDisplay:inst3|Mod0"
    Info: Inferred divider/modulo megafunction ("lpm_divide") from the following logic: "SegmentDisplay:inst3|Mod3"
    Info: Inferred divider/modulo megafunction ("lpm_divide") from the following logic: "SegmentDisplay:inst3|Div1"
    Info: Inferred divider/modulo megafunction ("lpm_divide") from the following logic: "SegmentDisplay:inst3|Div4"
    Info: Inferred divider/modulo megafunction ("lpm_divide") from the following logic: "SegmentDisplay:inst3|Mod1"
    Info: Inferred divider/modulo megafunction ("lpm_divide") from the following logic: "SegmentDisplay:inst3|Mod4"
    Info: Inferred divider/modulo megafunction ("lpm_divide") from the following logic: "SegmentDisplay:inst3|Div2"
    Info: Inferred divider/modulo megafunction ("lpm_divide") from the following logic: "SegmentDisplay:inst3|Div5"
    Info: Inferred divider/modulo megafunction ("lpm_divide") from the following logic: "SegmentDisplay:inst3|Mod2"
    Info: Inferred divider/modulo megafunction ("lpm_divide") from the following logic: "SegmentDisplay:inst3|Mod5"
Info: Elaborated megafunction instantiation "SegmentDisplay:inst3|lpm_divide:Div0"
Info: Instantiated megafunction "SegmentDisplay:inst3|lpm_divide:Div0" with the following parameter:
    Info: Parameter "LPM_WIDTHN" = "5"
    Info: Parameter "LPM_WIDTHD" = "4"
    Info: Parameter "LPM_NREPRESENTATION" = "UNSIGNED"
    Info: Parameter "LPM_DREPRESENTATION" = "UNSIGNED"
Info: Found 1 design units, including 1 entities, in source file db/lpm_divide_c5m.tdf
    Info: Found entity 1: lpm_divide_c5m
Info: Found 1 design units, including 1 entities, in source file db/sign_div_unsign_8kh.tdf
    Info: Found entity 1: sign_div_unsign_8kh
Info: Found 1 design units, including 1 entities, in source file db/alt_u_div_0oe.tdf
    Info: Found entity 1: alt_u_div_0oe
Info: Found 1 design units, including 1 entities, in source file db/add_sub_3dc.tdf
    Info: Found entity 1: add_sub_3dc
Info: Found 1 design units, including 1 entities, in source file db/add_sub_4dc.tdf
    Info: Found entity 1: add_sub_4dc
Info: Found 1 design units, including 1 entities, in source file db/add_sub_5dc.tdf
    Info: Found entity 1: add_sub_5dc
Info: Found 1 design units, including 1 entities, in source file db/add_sub_6dc.tdf
    Info: Found entity 1: add_sub_6dc
Info: Found 1 design units, including 1 entities, in source file db/add_sub_7dc.tdf
    Info: Found entity 1: add_sub_7dc
Info: Elaborated megafunction instantiation "SegmentDisplay:inst3|lpm_divide:Div3"
Info: Instantiated megafunction "SegmentDisplay:inst3|lpm_divide:Div3" with the following parameter:
    Info: Parameter "LPM_WIDTHN" = "6"
    Info: Parameter "LPM_WIDTHD" = "4"
    Info: Parameter "LPM_NREPRESENTATION" = "UNSIGNED"
    Info: Parameter "LPM_DREPRESENTATION" = "UNSIGNED"
Info: Found 1 design units, including 1 entities, in source file db/lpm_divide_d5m.tdf
    Info: Found entity 1: lpm_divide_d5m
Info: Found 1 design units, including 1 entities, in source file db/sign_div_unsign_9kh.tdf
    Info: Found entity 1: sign_div_unsign_9kh
Info: Found 1 design units, including 1 entities, in source file db/alt_u_div_2oe.tdf
    Info: Found entity 1: alt_u_div_2oe
Info: Elaborated megafunction instantiation "SegmentDisplay:inst3|lpm_divide:Mod0"
Info: Instantiated megafunction "SegmentDisplay:inst3|lpm_divide:Mod0" with the following parameter:
    Info: Parameter "LPM_WIDTHN" = "5"
    Info: Parameter "LPM_WIDTHD" = "5"
    Info: Parameter "LPM_NREPRESENTATION" = "UNSIGNED"
    Info: Parameter "LPM_DREPRESENTATION" = "UNSIGNED"
Info: Found 1 design units, including 1 entities, in source file db/lpm_divide_gtl.tdf
    Info: Found entity 1: lpm_divide_gtl
Info: Found 1 design units, including 1 entities, in source file db/sign_div_unsign_akh.tdf
    Info: Found entity 1: sign_div_unsign_akh
Info: Found 1 design units, including 1 entities, in source file db/alt_u_div_3oe.tdf
    Info: Found entity 1: alt_u_div_3oe
Info: Elaborated megafunction instantiation "SegmentDisplay:inst3|lpm_divide:Mod3"
Info: Instantiated megafunction "SegmentDisplay:inst3|lpm_divide:Mod3" with the following parameter:
    Info: Parameter "LPM_WIDTHN" = "6"
    Info: Parameter "LPM_WIDTHD" = "6"
    Info: Parameter "LPM_NREPRESENTATION" = "UNSIGNED"
    Info: Parameter "LPM_DREPRESENTATION" = "UNSIGNED"
Info: Found 1 design units, including 1 entities, in source file db/lpm_divide_itl.tdf
    Info: Found entity 1: lpm_divide_itl
Info: Found 1 design units, including 1 entities, in source file db/sign_div_unsign_bkh.tdf
    Info: Found entity 1: sign_div_unsign_bkh
Info: Found 1 design units, including 1 entities, in source file db/alt_u_div_6oe.tdf
    Info: Found entity 1: alt_u_div_6oe
Info: Found 1 design units, including 1 entities, in source file db/add_sub_8dc.tdf
    Info: Found entity 1: add_sub_8dc
Info: Elaborated megafunction instantiation "SegmentDisplay:inst3|lpm_divide:Div5"
Info: Instantiated megafunction "SegmentDisplay:inst3|lpm_divide:Div5" with the following parameter:
    Info: Parameter "LPM_WIDTHN" = "7"
    Info: Parameter "LPM_WIDTHD" = "4"
    Info: Parameter "LPM_NREPRESENTATION" = "UNSIGNED"
    Info: Parameter "LPM_DREPRESENTATION" = "UNSIGNED"
Info: Found 1 design units, including 1 entities, in source file db/lpm_divide_e5m.tdf
    Info: Found entity 1: lpm_divide_e5m
Info: Found 1 design units, including 1 entities, in source file db/sign_div_unsign_ckh.tdf
    Info: Found entity 1: sign_div_unsign_ckh
Info: Found 1 design units, including 1 entities, in source file db/alt_u_div_4oe.tdf
    Info: Found entity 1: alt_u_div_4oe
Info: Elaborated megafunction instantiation "SegmentDisplay:inst3|lpm_divide:Mod5"
Info: Instantiated megafunction "SegmentDisplay:inst3|lpm_divide:Mod5" with the following parameter:
    Info: Parameter "LPM_WIDTHN" = "7"
    Info: Parameter "LPM_WIDTHD" = "7"
    Info: Parameter "LPM_NREPRESENTATION" = "UNSIGNED"
    Info: Parameter "LPM_DREPRESENTATION" = "UNSIGNED"
Info: Found 1 design units, including 1 entities, in source file db/lpm_divide_ktl.tdf
    Info: Found entity 1: lpm_divide_ktl
Info: Found 1 design units, including 1 entities, in source file db/sign_div_unsign_dkh.tdf
    Info: Found entity 1: sign_div_unsign_dkh
Info: Found 1 design units, including 1 entities, in source file db/alt_u_div_aoe.tdf
    Info: Found entity 1: alt_u_div_aoe
Info: Found 1 design units, including 1 entities, in source file db/add_sub_9dc.tdf
    Info: Found entity 1: add_sub_9dc
Info: Registers with preset signals will power-up high
Info: Implemented 815 device resources after synthesis - the final resource count might be different
    Info: Implemented 5 input pins
    Info: Implemented 42 output pins
    Info: Implemented 768 logic cells
Info: Quartus II Analysis & Synthesis was successful. 0 errors, 3 warnings
    Info: Peak virtual memory: 183 megabytes
    Info: Processing ended: Tue Mar 24 16:09:04 2009
    Info: Elapsed time: 00:00:11
    Info: Total CPU time (on all processors): 00:00:08


