Classic Timing Analyzer report for ClockDivide
Tue Mar 24 15:41:03 2009
Quartus II Version 8.0 Build 231 07/10/2008 Service Pack 1 SJ Web Edition


---------------------
; Table of Contents ;
---------------------
  1. Legal Notice
  2. Timing Analyzer Summary
  3. Timing Analyzer Settings
  4. Clock Settings Summary
  5. Clock Setup: 'clk'
  6. tco
  7. Timing Analyzer Messages



----------------
; Legal Notice ;
----------------
Copyright (C) 1991-2008 Altera Corporation
Your use of Altera Corporation's design tools, logic functions 
and other software and tools, and its AMPP partner logic 
functions, and any output files from any of the foregoing 
(including device programming or simulation files), and any 
associated documentation or information are expressly subject 
to the terms and conditions of the Altera Program License 
Subscription Agreement, Altera MegaCore Function License 
Agreement, or other applicable license agreement, including, 
without limitation, that your use is for the sole purpose of 
programming logic devices manufactured by Altera and sold by 
Altera or its authorized distributors.  Please refer to the 
applicable agreement for further details.



+---------------------------------------------------------------------------------------------------------------------------------------------------------+
; Timing Analyzer Summary                                                                                                                                 ;
+------------------------------+-------+---------------+----------------------------------+-----------+------------+------------+----------+--------------+
; Type                         ; Slack ; Required Time ; Actual Time                      ; From      ; To         ; From Clock ; To Clock ; Failed Paths ;
+------------------------------+-------+---------------+----------------------------------+-----------+------------+------------+----------+--------------+
; Worst-case tco               ; N/A   ; None          ; 7.345 ns                         ; clk1hz    ; clk1hz_out ; clk        ; --       ; 0            ;
; Clock Setup: 'clk'           ; N/A   ; None          ; 158.30 MHz ( period = 6.317 ns ) ; cnt1hz[9] ; cnt1hz[4]  ; clk        ; clk      ; 0            ;
; Total number of failed paths ;       ;               ;                                  ;           ;            ;            ;          ; 0            ;
+------------------------------+-------+---------------+----------------------------------+-----------+------------+------------+----------+--------------+


+--------------------------------------------------------------------------------------------------------------------+
; Timing Analyzer Settings                                                                                           ;
+---------------------------------------------------------------------+--------------------+------+----+-------------+
; Option                                                              ; Setting            ; From ; To ; Entity Name ;
+---------------------------------------------------------------------+--------------------+------+----+-------------+
; Device Name                                                         ; EP1C4F324C7        ;      ;    ;             ;
; Timing Models                                                       ; Final              ;      ;    ;             ;
; Default hold multicycle                                             ; Same as Multicycle ;      ;    ;             ;
; Cut paths between unrelated clock domains                           ; On                 ;      ;    ;             ;
; Cut off read during write signal paths                              ; On                 ;      ;    ;             ;
; Cut off feedback from I/O pins                                      ; On                 ;      ;    ;             ;
; Report Combined Fast/Slow Timing                                    ; Off                ;      ;    ;             ;
; Ignore Clock Settings                                               ; Off                ;      ;    ;             ;
; Analyze latches as synchronous elements                             ; On                 ;      ;    ;             ;
; Enable Recovery/Removal analysis                                    ; Off                ;      ;    ;             ;
; Enable Clock Latency                                                ; Off                ;      ;    ;             ;
; Use TimeQuest Timing Analyzer                                       ; Off                ;      ;    ;             ;
; Number of source nodes to report per destination node               ; 10                 ;      ;    ;             ;
; Number of destination nodes to report                               ; 10                 ;      ;    ;             ;
; Number of paths to report                                           ; 200                ;      ;    ;             ;
; Report Minimum Timing Checks                                        ; Off                ;      ;    ;             ;
; Use Fast Timing Models                                              ; Off                ;      ;    ;             ;
; Report IO Paths Separately                                          ; Off                ;      ;    ;             ;
; Perform Multicorner Analysis                                        ; Off                ;      ;    ;             ;
; Reports the worst-case path for each clock domain and analysis      ; Off                ;      ;    ;             ;
; Removes common clock path pessimism (CCPP) during slack computation ; Off                ;      ;    ;             ;
+---------------------------------------------------------------------+--------------------+------+----+-------------+


+------------------------------------------------------------------------------------------------------------------------------------------------------------------------------------+
; Clock Settings Summary                                                                                                                                                             ;
+-----------------+--------------------+----------+------------------+---------------+--------------+----------+-----------------------+---------------------+--------+--------------+
; Clock Node Name ; Clock Setting Name ; Type     ; Fmax Requirement ; Early Latency ; Late Latency ; Based on ; Multiply Base Fmax by ; Divide Base Fmax by ; Offset ; Phase offset ;
+-----------------+--------------------+----------+------------------+---------------+--------------+----------+-----------------------+---------------------+--------+--------------+
; clk             ;                    ; User Pin ; None             ; 0.000 ns      ; 0.000 ns     ; --       ; N/A                   ; N/A                 ; N/A    ;              ;
+-----------------+--------------------+----------+------------------+---------------+--------------+----------+-----------------------+---------------------+--------+--------------+


+-------------------------------------------------------------------------------------------------------------------------------------------------------------------------------------------------------------------------------------+
; Clock Setup: 'clk'                                                                                                                                                                                                                  ;
+-----------------------------------------+-----------------------------------------------------+------------+------------+------------+----------+-----------------------------+---------------------------+-------------------------+
; Slack                                   ; Actual fmax (period)                                ; From       ; To         ; From Clock ; To Clock ; Required Setup Relationship ; Required Longest P2P Time ; Actual Longest P2P Time ;
+-----------------------------------------+-----------------------------------------------------+------------+------------+------------+----------+-----------------------------+---------------------------+-------------------------+
; N/A                                     ; 158.30 MHz ( period = 6.317 ns )                    ; cnt1hz[9]  ; cnt1hz[5]  ; clk        ; clk      ; None                        ; None                      ; 6.086 ns                ;
; N/A                                     ; 158.30 MHz ( period = 6.317 ns )                    ; cnt1hz[9]  ; cnt1hz[0]  ; clk        ; clk      ; None                        ; None                      ; 6.086 ns                ;
; N/A                                     ; 158.30 MHz ( period = 6.317 ns )                    ; cnt1hz[9]  ; cnt1hz[1]  ; clk        ; clk      ; None                        ; None                      ; 6.086 ns                ;
; N/A                                     ; 158.30 MHz ( period = 6.317 ns )                    ; cnt1hz[9]  ; cnt1hz[2]  ; clk        ; clk      ; None                        ; None                      ; 6.086 ns                ;
; N/A                                     ; 158.30 MHz ( period = 6.317 ns )                    ; cnt1hz[9]  ; cnt1hz[3]  ; clk        ; clk      ; None                        ; None                      ; 6.086 ns                ;
; N/A                                     ; 158.30 MHz ( period = 6.317 ns )                    ; cnt1hz[9]  ; cnt1hz[4]  ; clk        ; clk      ; None                        ; None                      ; 6.086 ns                ;
; N/A                                     ; 158.43 MHz ( period = 6.312 ns )                    ; cnt1hz[9]  ; cnt1hz[19] ; clk        ; clk      ; None                        ; None                      ; 6.081 ns                ;
; N/A                                     ; 158.43 MHz ( period = 6.312 ns )                    ; cnt1hz[9]  ; cnt1hz[18] ; clk        ; clk      ; None                        ; None                      ; 6.081 ns                ;
; N/A                                     ; 158.43 MHz ( period = 6.312 ns )                    ; cnt1hz[9]  ; cnt1hz[17] ; clk        ; clk      ; None                        ; None                      ; 6.081 ns                ;
; N/A                                     ; 158.43 MHz ( period = 6.312 ns )                    ; cnt1hz[9]  ; cnt1hz[16] ; clk        ; clk      ; None                        ; None                      ; 6.081 ns                ;
; N/A                                     ; 158.43 MHz ( period = 6.312 ns )                    ; cnt1hz[9]  ; cnt1hz[20] ; clk        ; clk      ; None                        ; None                      ; 6.081 ns                ;
; N/A                                     ; 158.43 MHz ( period = 6.312 ns )                    ; cnt1hz[9]  ; cnt1hz[21] ; clk        ; clk      ; None                        ; None                      ; 6.081 ns                ;
; N/A                                     ; 158.43 MHz ( period = 6.312 ns )                    ; cnt1hz[9]  ; cnt1hz[22] ; clk        ; clk      ; None                        ; None                      ; 6.081 ns                ;
; N/A                                     ; 158.43 MHz ( period = 6.312 ns )                    ; cnt1hz[9]  ; cnt1hz[23] ; clk        ; clk      ; None                        ; None                      ; 6.081 ns                ;
; N/A                                     ; 158.43 MHz ( period = 6.312 ns )                    ; cnt1hz[9]  ; cnt1hz[24] ; clk        ; clk      ; None                        ; None                      ; 6.081 ns                ;
; N/A                                     ; 158.43 MHz ( period = 6.312 ns )                    ; cnt1hz[9]  ; cnt1hz[25] ; clk        ; clk      ; None                        ; None                      ; 6.081 ns                ;
; N/A                                     ; 159.01 MHz ( period = 6.289 ns )                    ; cnt1hz[9]  ; cnt1hz[15] ; clk        ; clk      ; None                        ; None                      ; 6.058 ns                ;
; N/A                                     ; 159.01 MHz ( period = 6.289 ns )                    ; cnt1hz[9]  ; cnt1hz[14] ; clk        ; clk      ; None                        ; None                      ; 6.058 ns                ;
; N/A                                     ; 159.01 MHz ( period = 6.289 ns )                    ; cnt1hz[9]  ; cnt1hz[10] ; clk        ; clk      ; None                        ; None                      ; 6.058 ns                ;
; N/A                                     ; 159.01 MHz ( period = 6.289 ns )                    ; cnt1hz[9]  ; cnt1hz[13] ; clk        ; clk      ; None                        ; None                      ; 6.058 ns                ;
; N/A                                     ; 159.01 MHz ( period = 6.289 ns )                    ; cnt1hz[9]  ; cnt1hz[12] ; clk        ; clk      ; None                        ; None                      ; 6.058 ns                ;
; N/A                                     ; 159.01 MHz ( period = 6.289 ns )                    ; cnt1hz[9]  ; cnt1hz[11] ; clk        ; clk      ; None                        ; None                      ; 6.058 ns                ;
; N/A                                     ; 159.01 MHz ( period = 6.289 ns )                    ; cnt1hz[9]  ; cnt1hz[9]  ; clk        ; clk      ; None                        ; None                      ; 6.058 ns                ;
; N/A                                     ; 159.01 MHz ( period = 6.289 ns )                    ; cnt1hz[9]  ; cnt1hz[8]  ; clk        ; clk      ; None                        ; None                      ; 6.058 ns                ;
; N/A                                     ; 159.01 MHz ( period = 6.289 ns )                    ; cnt1hz[9]  ; cnt1hz[7]  ; clk        ; clk      ; None                        ; None                      ; 6.058 ns                ;
; N/A                                     ; 159.01 MHz ( period = 6.289 ns )                    ; cnt1hz[9]  ; cnt1hz[6]  ; clk        ; clk      ; None                        ; None                      ; 6.058 ns                ;
; N/A                                     ; 161.21 MHz ( period = 6.203 ns )                    ; cnt1hz[27] ; cnt1hz[5]  ; clk        ; clk      ; None                        ; None                      ; 5.997 ns                ;
; N/A                                     ; 161.21 MHz ( period = 6.203 ns )                    ; cnt1hz[27] ; cnt1hz[0]  ; clk        ; clk      ; None                        ; None                      ; 5.997 ns                ;
; N/A                                     ; 161.21 MHz ( period = 6.203 ns )                    ; cnt1hz[27] ; cnt1hz[1]  ; clk        ; clk      ; None                        ; None                      ; 5.997 ns                ;
; N/A                                     ; 161.21 MHz ( period = 6.203 ns )                    ; cnt1hz[27] ; cnt1hz[2]  ; clk        ; clk      ; None                        ; None                      ; 5.997 ns                ;
; N/A                                     ; 161.21 MHz ( period = 6.203 ns )                    ; cnt1hz[27] ; cnt1hz[3]  ; clk        ; clk      ; None                        ; None                      ; 5.997 ns                ;
; N/A                                     ; 161.21 MHz ( period = 6.203 ns )                    ; cnt1hz[27] ; cnt1hz[4]  ; clk        ; clk      ; None                        ; None                      ; 5.997 ns                ;
; N/A                                     ; 161.34 MHz ( period = 6.198 ns )                    ; cnt1hz[27] ; cnt1hz[19] ; clk        ; clk      ; None                        ; None                      ; 5.992 ns                ;
; N/A                                     ; 161.34 MHz ( period = 6.198 ns )                    ; cnt1hz[27] ; cnt1hz[18] ; clk        ; clk      ; None                        ; None                      ; 5.992 ns                ;
; N/A                                     ; 161.34 MHz ( period = 6.198 ns )                    ; cnt1hz[27] ; cnt1hz[17] ; clk        ; clk      ; None                        ; None                      ; 5.992 ns                ;
; N/A                                     ; 161.34 MHz ( period = 6.198 ns )                    ; cnt1hz[27] ; cnt1hz[16] ; clk        ; clk      ; None                        ; None                      ; 5.992 ns                ;
; N/A                                     ; 161.34 MHz ( period = 6.198 ns )                    ; cnt1hz[27] ; cnt1hz[20] ; clk        ; clk      ; None                        ; None                      ; 5.992 ns                ;
; N/A                                     ; 161.34 MHz ( period = 6.198 ns )                    ; cnt1hz[27] ; cnt1hz[21] ; clk        ; clk      ; None                        ; None                      ; 5.992 ns                ;
; N/A                                     ; 161.34 MHz ( period = 6.198 ns )                    ; cnt1hz[27] ; cnt1hz[22] ; clk        ; clk      ; None                        ; None                      ; 5.992 ns                ;
; N/A                                     ; 161.34 MHz ( period = 6.198 ns )                    ; cnt1hz[27] ; cnt1hz[23] ; clk        ; clk      ; None                        ; None                      ; 5.992 ns                ;
; N/A                                     ; 161.34 MHz ( period = 6.198 ns )                    ; cnt1hz[27] ; cnt1hz[24] ; clk        ; clk      ; None                        ; None                      ; 5.992 ns                ;
; N/A                                     ; 161.34 MHz ( period = 6.198 ns )                    ; cnt1hz[27] ; cnt1hz[25] ; clk        ; clk      ; None                        ; None                      ; 5.992 ns                ;
; N/A                                     ; 161.94 MHz ( period = 6.175 ns )                    ; cnt1hz[27] ; cnt1hz[15] ; clk        ; clk      ; None                        ; None                      ; 5.969 ns                ;
; N/A                                     ; 161.94 MHz ( period = 6.175 ns )                    ; cnt1hz[27] ; cnt1hz[14] ; clk        ; clk      ; None                        ; None                      ; 5.969 ns                ;
; N/A                                     ; 161.94 MHz ( period = 6.175 ns )                    ; cnt1hz[27] ; cnt1hz[10] ; clk        ; clk      ; None                        ; None                      ; 5.969 ns                ;
; N/A                                     ; 161.94 MHz ( period = 6.175 ns )                    ; cnt1hz[27] ; cnt1hz[13] ; clk        ; clk      ; None                        ; None                      ; 5.969 ns                ;
; N/A                                     ; 161.94 MHz ( period = 6.175 ns )                    ; cnt1hz[27] ; cnt1hz[12] ; clk        ; clk      ; None                        ; None                      ; 5.969 ns                ;
; N/A                                     ; 161.94 MHz ( period = 6.175 ns )                    ; cnt1hz[27] ; cnt1hz[11] ; clk        ; clk      ; None                        ; None                      ; 5.969 ns                ;
; N/A                                     ; 161.94 MHz ( period = 6.175 ns )                    ; cnt1hz[27] ; cnt1hz[9]  ; clk        ; clk      ; None                        ; None                      ; 5.969 ns                ;
; N/A                                     ; 161.94 MHz ( period = 6.175 ns )                    ; cnt1hz[27] ; cnt1hz[8]  ; clk        ; clk      ; None                        ; None                      ; 5.969 ns                ;
; N/A                                     ; 161.94 MHz ( period = 6.175 ns )                    ; cnt1hz[27] ; cnt1hz[7]  ; clk        ; clk      ; None                        ; None                      ; 5.969 ns                ;
; N/A                                     ; 161.94 MHz ( period = 6.175 ns )                    ; cnt1hz[27] ; cnt1hz[6]  ; clk        ; clk      ; None                        ; None                      ; 5.969 ns                ;
; N/A                                     ; 162.07 MHz ( period = 6.170 ns )                    ; cnt1hz[11] ; cnt1hz[5]  ; clk        ; clk      ; None                        ; None                      ; 5.939 ns                ;
; N/A                                     ; 162.07 MHz ( period = 6.170 ns )                    ; cnt1hz[11] ; cnt1hz[0]  ; clk        ; clk      ; None                        ; None                      ; 5.939 ns                ;
; N/A                                     ; 162.07 MHz ( period = 6.170 ns )                    ; cnt1hz[11] ; cnt1hz[1]  ; clk        ; clk      ; None                        ; None                      ; 5.939 ns                ;
; N/A                                     ; 162.07 MHz ( period = 6.170 ns )                    ; cnt1hz[11] ; cnt1hz[2]  ; clk        ; clk      ; None                        ; None                      ; 5.939 ns                ;
; N/A                                     ; 162.07 MHz ( period = 6.170 ns )                    ; cnt1hz[11] ; cnt1hz[3]  ; clk        ; clk      ; None                        ; None                      ; 5.939 ns                ;
; N/A                                     ; 162.07 MHz ( period = 6.170 ns )                    ; cnt1hz[11] ; cnt1hz[4]  ; clk        ; clk      ; None                        ; None                      ; 5.939 ns                ;
; N/A                                     ; 162.21 MHz ( period = 6.165 ns )                    ; cnt1hz[11] ; cnt1hz[19] ; clk        ; clk      ; None                        ; None                      ; 5.934 ns                ;
; N/A                                     ; 162.21 MHz ( period = 6.165 ns )                    ; cnt1hz[11] ; cnt1hz[18] ; clk        ; clk      ; None                        ; None                      ; 5.934 ns                ;
; N/A                                     ; 162.21 MHz ( period = 6.165 ns )                    ; cnt1hz[11] ; cnt1hz[17] ; clk        ; clk      ; None                        ; None                      ; 5.934 ns                ;
; N/A                                     ; 162.21 MHz ( period = 6.165 ns )                    ; cnt1hz[11] ; cnt1hz[16] ; clk        ; clk      ; None                        ; None                      ; 5.934 ns                ;
; N/A                                     ; 162.21 MHz ( period = 6.165 ns )                    ; cnt1hz[11] ; cnt1hz[20] ; clk        ; clk      ; None                        ; None                      ; 5.934 ns                ;
; N/A                                     ; 162.21 MHz ( period = 6.165 ns )                    ; cnt1hz[11] ; cnt1hz[21] ; clk        ; clk      ; None                        ; None                      ; 5.934 ns                ;
; N/A                                     ; 162.21 MHz ( period = 6.165 ns )                    ; cnt1hz[11] ; cnt1hz[22] ; clk        ; clk      ; None                        ; None                      ; 5.934 ns                ;
; N/A                                     ; 162.21 MHz ( period = 6.165 ns )                    ; cnt1hz[11] ; cnt1hz[23] ; clk        ; clk      ; None                        ; None                      ; 5.934 ns                ;
; N/A                                     ; 162.21 MHz ( period = 6.165 ns )                    ; cnt1hz[11] ; cnt1hz[24] ; clk        ; clk      ; None                        ; None                      ; 5.934 ns                ;
; N/A                                     ; 162.21 MHz ( period = 6.165 ns )                    ; cnt1hz[11] ; cnt1hz[25] ; clk        ; clk      ; None                        ; None                      ; 5.934 ns                ;
; N/A                                     ; 162.81 MHz ( period = 6.142 ns )                    ; cnt1hz[11] ; cnt1hz[15] ; clk        ; clk      ; None                        ; None                      ; 5.911 ns                ;
; N/A                                     ; 162.81 MHz ( period = 6.142 ns )                    ; cnt1hz[11] ; cnt1hz[14] ; clk        ; clk      ; None                        ; None                      ; 5.911 ns                ;
; N/A                                     ; 162.81 MHz ( period = 6.142 ns )                    ; cnt1hz[11] ; cnt1hz[10] ; clk        ; clk      ; None                        ; None                      ; 5.911 ns                ;
; N/A                                     ; 162.81 MHz ( period = 6.142 ns )                    ; cnt1hz[11] ; cnt1hz[13] ; clk        ; clk      ; None                        ; None                      ; 5.911 ns                ;
; N/A                                     ; 162.81 MHz ( period = 6.142 ns )                    ; cnt1hz[11] ; cnt1hz[12] ; clk        ; clk      ; None                        ; None                      ; 5.911 ns                ;
; N/A                                     ; 162.81 MHz ( period = 6.142 ns )                    ; cnt1hz[11] ; cnt1hz[11] ; clk        ; clk      ; None                        ; None                      ; 5.911 ns                ;
; N/A                                     ; 162.81 MHz ( period = 6.142 ns )                    ; cnt1hz[11] ; cnt1hz[9]  ; clk        ; clk      ; None                        ; None                      ; 5.911 ns                ;
; N/A                                     ; 162.81 MHz ( period = 6.142 ns )                    ; cnt1hz[11] ; cnt1hz[8]  ; clk        ; clk      ; None                        ; None                      ; 5.911 ns                ;
; N/A                                     ; 162.81 MHz ( period = 6.142 ns )                    ; cnt1hz[11] ; cnt1hz[7]  ; clk        ; clk      ; None                        ; None                      ; 5.911 ns                ;
; N/A                                     ; 162.81 MHz ( period = 6.142 ns )                    ; cnt1hz[11] ; cnt1hz[6]  ; clk        ; clk      ; None                        ; None                      ; 5.911 ns                ;
; N/A                                     ; 162.95 MHz ( period = 6.137 ns )                    ; cnt1hz[29] ; cnt1hz[5]  ; clk        ; clk      ; None                        ; None                      ; 5.931 ns                ;
; N/A                                     ; 162.95 MHz ( period = 6.137 ns )                    ; cnt1hz[29] ; cnt1hz[0]  ; clk        ; clk      ; None                        ; None                      ; 5.931 ns                ;
; N/A                                     ; 162.95 MHz ( period = 6.137 ns )                    ; cnt1hz[29] ; cnt1hz[1]  ; clk        ; clk      ; None                        ; None                      ; 5.931 ns                ;
; N/A                                     ; 162.95 MHz ( period = 6.137 ns )                    ; cnt1hz[29] ; cnt1hz[2]  ; clk        ; clk      ; None                        ; None                      ; 5.931 ns                ;
; N/A                                     ; 162.95 MHz ( period = 6.137 ns )                    ; cnt1hz[29] ; cnt1hz[3]  ; clk        ; clk      ; None                        ; None                      ; 5.931 ns                ;
; N/A                                     ; 162.95 MHz ( period = 6.137 ns )                    ; cnt1hz[29] ; cnt1hz[4]  ; clk        ; clk      ; None                        ; None                      ; 5.931 ns                ;
; N/A                                     ; 163.08 MHz ( period = 6.132 ns )                    ; cnt1hz[29] ; cnt1hz[19] ; clk        ; clk      ; None                        ; None                      ; 5.926 ns                ;
; N/A                                     ; 163.08 MHz ( period = 6.132 ns )                    ; cnt1hz[29] ; cnt1hz[18] ; clk        ; clk      ; None                        ; None                      ; 5.926 ns                ;
; N/A                                     ; 163.08 MHz ( period = 6.132 ns )                    ; cnt1hz[29] ; cnt1hz[17] ; clk        ; clk      ; None                        ; None                      ; 5.926 ns                ;
; N/A                                     ; 163.08 MHz ( period = 6.132 ns )                    ; cnt1hz[29] ; cnt1hz[16] ; clk        ; clk      ; None                        ; None                      ; 5.926 ns                ;
; N/A                                     ; 163.08 MHz ( period = 6.132 ns )                    ; cnt1hz[29] ; cnt1hz[20] ; clk        ; clk      ; None                        ; None                      ; 5.926 ns                ;
; N/A                                     ; 163.08 MHz ( period = 6.132 ns )                    ; cnt1hz[29] ; cnt1hz[21] ; clk        ; clk      ; None                        ; None                      ; 5.926 ns                ;
; N/A                                     ; 163.08 MHz ( period = 6.132 ns )                    ; cnt1hz[29] ; cnt1hz[22] ; clk        ; clk      ; None                        ; None                      ; 5.926 ns                ;
; N/A                                     ; 163.08 MHz ( period = 6.132 ns )                    ; cnt1hz[29] ; cnt1hz[23] ; clk        ; clk      ; None                        ; None                      ; 5.926 ns                ;
; N/A                                     ; 163.08 MHz ( period = 6.132 ns )                    ; cnt1hz[29] ; cnt1hz[24] ; clk        ; clk      ; None                        ; None                      ; 5.926 ns                ;
; N/A                                     ; 163.08 MHz ( period = 6.132 ns )                    ; cnt1hz[29] ; cnt1hz[25] ; clk        ; clk      ; None                        ; None                      ; 5.926 ns                ;
; N/A                                     ; 163.69 MHz ( period = 6.109 ns )                    ; cnt1hz[29] ; cnt1hz[15] ; clk        ; clk      ; None                        ; None                      ; 5.903 ns                ;
; N/A                                     ; 163.69 MHz ( period = 6.109 ns )                    ; cnt1hz[29] ; cnt1hz[14] ; clk        ; clk      ; None                        ; None                      ; 5.903 ns                ;
; N/A                                     ; 163.69 MHz ( period = 6.109 ns )                    ; cnt1hz[29] ; cnt1hz[10] ; clk        ; clk      ; None                        ; None                      ; 5.903 ns                ;
; N/A                                     ; 163.69 MHz ( period = 6.109 ns )                    ; cnt1hz[29] ; cnt1hz[13] ; clk        ; clk      ; None                        ; None                      ; 5.903 ns                ;
; N/A                                     ; 163.69 MHz ( period = 6.109 ns )                    ; cnt1hz[29] ; cnt1hz[12] ; clk        ; clk      ; None                        ; None                      ; 5.903 ns                ;
; N/A                                     ; 163.69 MHz ( period = 6.109 ns )                    ; cnt1hz[29] ; cnt1hz[11] ; clk        ; clk      ; None                        ; None                      ; 5.903 ns                ;
; N/A                                     ; 163.69 MHz ( period = 6.109 ns )                    ; cnt1hz[29] ; cnt1hz[9]  ; clk        ; clk      ; None                        ; None                      ; 5.903 ns                ;
; N/A                                     ; 163.69 MHz ( period = 6.109 ns )                    ; cnt1hz[29] ; cnt1hz[8]  ; clk        ; clk      ; None                        ; None                      ; 5.903 ns                ;
; N/A                                     ; 163.69 MHz ( period = 6.109 ns )                    ; cnt1hz[29] ; cnt1hz[7]  ; clk        ; clk      ; None                        ; None                      ; 5.903 ns                ;
; N/A                                     ; 163.69 MHz ( period = 6.109 ns )                    ; cnt1hz[29] ; cnt1hz[6]  ; clk        ; clk      ; None                        ; None                      ; 5.903 ns                ;
; N/A                                     ; 163.77 MHz ( period = 6.106 ns )                    ; cnt1hz[25] ; cnt1hz[5]  ; clk        ; clk      ; None                        ; None                      ; 5.875 ns                ;
; N/A                                     ; 163.77 MHz ( period = 6.106 ns )                    ; cnt1hz[25] ; cnt1hz[0]  ; clk        ; clk      ; None                        ; None                      ; 5.875 ns                ;
; N/A                                     ; 163.77 MHz ( period = 6.106 ns )                    ; cnt1hz[25] ; cnt1hz[1]  ; clk        ; clk      ; None                        ; None                      ; 5.875 ns                ;
; N/A                                     ; 163.77 MHz ( period = 6.106 ns )                    ; cnt1hz[25] ; cnt1hz[2]  ; clk        ; clk      ; None                        ; None                      ; 5.875 ns                ;
; N/A                                     ; 163.77 MHz ( period = 6.106 ns )                    ; cnt1hz[25] ; cnt1hz[3]  ; clk        ; clk      ; None                        ; None                      ; 5.875 ns                ;
; N/A                                     ; 163.77 MHz ( period = 6.106 ns )                    ; cnt1hz[25] ; cnt1hz[4]  ; clk        ; clk      ; None                        ; None                      ; 5.875 ns                ;
; N/A                                     ; 163.91 MHz ( period = 6.101 ns )                    ; cnt1hz[25] ; cnt1hz[19] ; clk        ; clk      ; None                        ; None                      ; 5.870 ns                ;
; N/A                                     ; 163.91 MHz ( period = 6.101 ns )                    ; cnt1hz[25] ; cnt1hz[18] ; clk        ; clk      ; None                        ; None                      ; 5.870 ns                ;
; N/A                                     ; 163.91 MHz ( period = 6.101 ns )                    ; cnt1hz[25] ; cnt1hz[17] ; clk        ; clk      ; None                        ; None                      ; 5.870 ns                ;
; N/A                                     ; 163.91 MHz ( period = 6.101 ns )                    ; cnt1hz[25] ; cnt1hz[16] ; clk        ; clk      ; None                        ; None                      ; 5.870 ns                ;
; N/A                                     ; 163.91 MHz ( period = 6.101 ns )                    ; cnt1hz[25] ; cnt1hz[20] ; clk        ; clk      ; None                        ; None                      ; 5.870 ns                ;
; N/A                                     ; 163.91 MHz ( period = 6.101 ns )                    ; cnt1hz[25] ; cnt1hz[21] ; clk        ; clk      ; None                        ; None                      ; 5.870 ns                ;
; N/A                                     ; 163.91 MHz ( period = 6.101 ns )                    ; cnt1hz[25] ; cnt1hz[22] ; clk        ; clk      ; None                        ; None                      ; 5.870 ns                ;
; N/A                                     ; 163.91 MHz ( period = 6.101 ns )                    ; cnt1hz[25] ; cnt1hz[23] ; clk        ; clk      ; None                        ; None                      ; 5.870 ns                ;
; N/A                                     ; 163.91 MHz ( period = 6.101 ns )                    ; cnt1hz[25] ; cnt1hz[24] ; clk        ; clk      ; None                        ; None                      ; 5.870 ns                ;
; N/A                                     ; 163.91 MHz ( period = 6.101 ns )                    ; cnt1hz[25] ; cnt1hz[25] ; clk        ; clk      ; None                        ; None                      ; 5.870 ns                ;
; N/A                                     ; 164.53 MHz ( period = 6.078 ns )                    ; cnt1hz[25] ; cnt1hz[15] ; clk        ; clk      ; None                        ; None                      ; 5.847 ns                ;
; N/A                                     ; 164.53 MHz ( period = 6.078 ns )                    ; cnt1hz[25] ; cnt1hz[14] ; clk        ; clk      ; None                        ; None                      ; 5.847 ns                ;
; N/A                                     ; 164.53 MHz ( period = 6.078 ns )                    ; cnt1hz[25] ; cnt1hz[10] ; clk        ; clk      ; None                        ; None                      ; 5.847 ns                ;
; N/A                                     ; 164.53 MHz ( period = 6.078 ns )                    ; cnt1hz[25] ; cnt1hz[13] ; clk        ; clk      ; None                        ; None                      ; 5.847 ns                ;
; N/A                                     ; 164.53 MHz ( period = 6.078 ns )                    ; cnt1hz[25] ; cnt1hz[12] ; clk        ; clk      ; None                        ; None                      ; 5.847 ns                ;
; N/A                                     ; 164.53 MHz ( period = 6.078 ns )                    ; cnt1hz[25] ; cnt1hz[11] ; clk        ; clk      ; None                        ; None                      ; 5.847 ns                ;
; N/A                                     ; 164.53 MHz ( period = 6.078 ns )                    ; cnt1hz[25] ; cnt1hz[9]  ; clk        ; clk      ; None                        ; None                      ; 5.847 ns                ;
; N/A                                     ; 164.53 MHz ( period = 6.078 ns )                    ; cnt1hz[25] ; cnt1hz[8]  ; clk        ; clk      ; None                        ; None                      ; 5.847 ns                ;
; N/A                                     ; 164.53 MHz ( period = 6.078 ns )                    ; cnt1hz[25] ; cnt1hz[7]  ; clk        ; clk      ; None                        ; None                      ; 5.847 ns                ;
; N/A                                     ; 164.53 MHz ( period = 6.078 ns )                    ; cnt1hz[25] ; cnt1hz[6]  ; clk        ; clk      ; None                        ; None                      ; 5.847 ns                ;
; N/A                                     ; 165.10 MHz ( period = 6.057 ns )                    ; cnt1hz[30] ; cnt1hz[5]  ; clk        ; clk      ; None                        ; None                      ; 5.851 ns                ;
; N/A                                     ; 165.10 MHz ( period = 6.057 ns )                    ; cnt1hz[30] ; cnt1hz[0]  ; clk        ; clk      ; None                        ; None                      ; 5.851 ns                ;
; N/A                                     ; 165.10 MHz ( period = 6.057 ns )                    ; cnt1hz[30] ; cnt1hz[1]  ; clk        ; clk      ; None                        ; None                      ; 5.851 ns                ;
; N/A                                     ; 165.10 MHz ( period = 6.057 ns )                    ; cnt1hz[30] ; cnt1hz[2]  ; clk        ; clk      ; None                        ; None                      ; 5.851 ns                ;
; N/A                                     ; 165.10 MHz ( period = 6.057 ns )                    ; cnt1hz[30] ; cnt1hz[3]  ; clk        ; clk      ; None                        ; None                      ; 5.851 ns                ;
; N/A                                     ; 165.10 MHz ( period = 6.057 ns )                    ; cnt1hz[30] ; cnt1hz[4]  ; clk        ; clk      ; None                        ; None                      ; 5.851 ns                ;
; N/A                                     ; 165.21 MHz ( period = 6.053 ns )                    ; cnt1hz[10] ; cnt1hz[5]  ; clk        ; clk      ; None                        ; None                      ; 5.822 ns                ;
; N/A                                     ; 165.21 MHz ( period = 6.053 ns )                    ; cnt1hz[10] ; cnt1hz[0]  ; clk        ; clk      ; None                        ; None                      ; 5.822 ns                ;
; N/A                                     ; 165.21 MHz ( period = 6.053 ns )                    ; cnt1hz[10] ; cnt1hz[1]  ; clk        ; clk      ; None                        ; None                      ; 5.822 ns                ;
; N/A                                     ; 165.21 MHz ( period = 6.053 ns )                    ; cnt1hz[10] ; cnt1hz[2]  ; clk        ; clk      ; None                        ; None                      ; 5.822 ns                ;
; N/A                                     ; 165.21 MHz ( period = 6.053 ns )                    ; cnt1hz[10] ; cnt1hz[3]  ; clk        ; clk      ; None                        ; None                      ; 5.822 ns                ;
; N/A                                     ; 165.21 MHz ( period = 6.053 ns )                    ; cnt1hz[10] ; cnt1hz[4]  ; clk        ; clk      ; None                        ; None                      ; 5.822 ns                ;
; N/A                                     ; 165.23 MHz ( period = 6.052 ns )                    ; cnt1hz[30] ; cnt1hz[19] ; clk        ; clk      ; None                        ; None                      ; 5.846 ns                ;
; N/A                                     ; 165.23 MHz ( period = 6.052 ns )                    ; cnt1hz[30] ; cnt1hz[18] ; clk        ; clk      ; None                        ; None                      ; 5.846 ns                ;
; N/A                                     ; 165.23 MHz ( period = 6.052 ns )                    ; cnt1hz[30] ; cnt1hz[17] ; clk        ; clk      ; None                        ; None                      ; 5.846 ns                ;
; N/A                                     ; 165.23 MHz ( period = 6.052 ns )                    ; cnt1hz[30] ; cnt1hz[16] ; clk        ; clk      ; None                        ; None                      ; 5.846 ns                ;
; N/A                                     ; 165.23 MHz ( period = 6.052 ns )                    ; cnt1hz[30] ; cnt1hz[20] ; clk        ; clk      ; None                        ; None                      ; 5.846 ns                ;
; N/A                                     ; 165.23 MHz ( period = 6.052 ns )                    ; cnt1hz[30] ; cnt1hz[21] ; clk        ; clk      ; None                        ; None                      ; 5.846 ns                ;
; N/A                                     ; 165.23 MHz ( period = 6.052 ns )                    ; cnt1hz[30] ; cnt1hz[22] ; clk        ; clk      ; None                        ; None                      ; 5.846 ns                ;
; N/A                                     ; 165.23 MHz ( period = 6.052 ns )                    ; cnt1hz[30] ; cnt1hz[23] ; clk        ; clk      ; None                        ; None                      ; 5.846 ns                ;
; N/A                                     ; 165.23 MHz ( period = 6.052 ns )                    ; cnt1hz[30] ; cnt1hz[24] ; clk        ; clk      ; None                        ; None                      ; 5.846 ns                ;
; N/A                                     ; 165.23 MHz ( period = 6.052 ns )                    ; cnt1hz[30] ; cnt1hz[25] ; clk        ; clk      ; None                        ; None                      ; 5.846 ns                ;
; N/A                                     ; 165.34 MHz ( period = 6.048 ns )                    ; cnt1hz[10] ; cnt1hz[19] ; clk        ; clk      ; None                        ; None                      ; 5.817 ns                ;
; N/A                                     ; 165.34 MHz ( period = 6.048 ns )                    ; cnt1hz[10] ; cnt1hz[18] ; clk        ; clk      ; None                        ; None                      ; 5.817 ns                ;
; N/A                                     ; 165.34 MHz ( period = 6.048 ns )                    ; cnt1hz[10] ; cnt1hz[17] ; clk        ; clk      ; None                        ; None                      ; 5.817 ns                ;
; N/A                                     ; 165.34 MHz ( period = 6.048 ns )                    ; cnt1hz[10] ; cnt1hz[16] ; clk        ; clk      ; None                        ; None                      ; 5.817 ns                ;
; N/A                                     ; 165.34 MHz ( period = 6.048 ns )                    ; cnt1hz[10] ; cnt1hz[20] ; clk        ; clk      ; None                        ; None                      ; 5.817 ns                ;
; N/A                                     ; 165.34 MHz ( period = 6.048 ns )                    ; cnt1hz[10] ; cnt1hz[21] ; clk        ; clk      ; None                        ; None                      ; 5.817 ns                ;
; N/A                                     ; 165.34 MHz ( period = 6.048 ns )                    ; cnt1hz[10] ; cnt1hz[22] ; clk        ; clk      ; None                        ; None                      ; 5.817 ns                ;
; N/A                                     ; 165.34 MHz ( period = 6.048 ns )                    ; cnt1hz[10] ; cnt1hz[23] ; clk        ; clk      ; None                        ; None                      ; 5.817 ns                ;
; N/A                                     ; 165.34 MHz ( period = 6.048 ns )                    ; cnt1hz[10] ; cnt1hz[24] ; clk        ; clk      ; None                        ; None                      ; 5.817 ns                ;
; N/A                                     ; 165.34 MHz ( period = 6.048 ns )                    ; cnt1hz[10] ; cnt1hz[25] ; clk        ; clk      ; None                        ; None                      ; 5.817 ns                ;
; N/A                                     ; 165.86 MHz ( period = 6.029 ns )                    ; cnt1hz[30] ; cnt1hz[15] ; clk        ; clk      ; None                        ; None                      ; 5.823 ns                ;
; N/A                                     ; 165.86 MHz ( period = 6.029 ns )                    ; cnt1hz[30] ; cnt1hz[14] ; clk        ; clk      ; None                        ; None                      ; 5.823 ns                ;
; N/A                                     ; 165.86 MHz ( period = 6.029 ns )                    ; cnt1hz[30] ; cnt1hz[10] ; clk        ; clk      ; None                        ; None                      ; 5.823 ns                ;
; N/A                                     ; 165.86 MHz ( period = 6.029 ns )                    ; cnt1hz[30] ; cnt1hz[13] ; clk        ; clk      ; None                        ; None                      ; 5.823 ns                ;
; N/A                                     ; 165.86 MHz ( period = 6.029 ns )                    ; cnt1hz[30] ; cnt1hz[12] ; clk        ; clk      ; None                        ; None                      ; 5.823 ns                ;
; N/A                                     ; 165.86 MHz ( period = 6.029 ns )                    ; cnt1hz[30] ; cnt1hz[11] ; clk        ; clk      ; None                        ; None                      ; 5.823 ns                ;
; N/A                                     ; 165.86 MHz ( period = 6.029 ns )                    ; cnt1hz[30] ; cnt1hz[9]  ; clk        ; clk      ; None                        ; None                      ; 5.823 ns                ;
; N/A                                     ; 165.86 MHz ( period = 6.029 ns )                    ; cnt1hz[30] ; cnt1hz[8]  ; clk        ; clk      ; None                        ; None                      ; 5.823 ns                ;
; N/A                                     ; 165.86 MHz ( period = 6.029 ns )                    ; cnt1hz[30] ; cnt1hz[7]  ; clk        ; clk      ; None                        ; None                      ; 5.823 ns                ;
; N/A                                     ; 165.86 MHz ( period = 6.029 ns )                    ; cnt1hz[30] ; cnt1hz[6]  ; clk        ; clk      ; None                        ; None                      ; 5.823 ns                ;
; N/A                                     ; 165.98 MHz ( period = 6.025 ns )                    ; cnt1hz[10] ; cnt1hz[15] ; clk        ; clk      ; None                        ; None                      ; 5.794 ns                ;
; N/A                                     ; 165.98 MHz ( period = 6.025 ns )                    ; cnt1hz[10] ; cnt1hz[14] ; clk        ; clk      ; None                        ; None                      ; 5.794 ns                ;
; N/A                                     ; 165.98 MHz ( period = 6.025 ns )                    ; cnt1hz[10] ; cnt1hz[10] ; clk        ; clk      ; None                        ; None                      ; 5.794 ns                ;
; N/A                                     ; 165.98 MHz ( period = 6.025 ns )                    ; cnt1hz[10] ; cnt1hz[13] ; clk        ; clk      ; None                        ; None                      ; 5.794 ns                ;
; N/A                                     ; 165.98 MHz ( period = 6.025 ns )                    ; cnt1hz[10] ; cnt1hz[12] ; clk        ; clk      ; None                        ; None                      ; 5.794 ns                ;
; N/A                                     ; 165.98 MHz ( period = 6.025 ns )                    ; cnt1hz[10] ; cnt1hz[11] ; clk        ; clk      ; None                        ; None                      ; 5.794 ns                ;
; N/A                                     ; 165.98 MHz ( period = 6.025 ns )                    ; cnt1hz[10] ; cnt1hz[9]  ; clk        ; clk      ; None                        ; None                      ; 5.794 ns                ;
; N/A                                     ; 165.98 MHz ( period = 6.025 ns )                    ; cnt1hz[10] ; cnt1hz[8]  ; clk        ; clk      ; None                        ; None                      ; 5.794 ns                ;
; N/A                                     ; 165.98 MHz ( period = 6.025 ns )                    ; cnt1hz[10] ; cnt1hz[7]  ; clk        ; clk      ; None                        ; None                      ; 5.794 ns                ;
; N/A                                     ; 165.98 MHz ( period = 6.025 ns )                    ; cnt1hz[10] ; cnt1hz[6]  ; clk        ; clk      ; None                        ; None                      ; 5.794 ns                ;
; N/A                                     ; 167.79 MHz ( period = 5.960 ns )                    ; cnt1hz[26] ; cnt1hz[5]  ; clk        ; clk      ; None                        ; None                      ; 5.754 ns                ;
; N/A                                     ; 167.79 MHz ( period = 5.960 ns )                    ; cnt1hz[26] ; cnt1hz[0]  ; clk        ; clk      ; None                        ; None                      ; 5.754 ns                ;
; N/A                                     ; 167.79 MHz ( period = 5.960 ns )                    ; cnt1hz[26] ; cnt1hz[1]  ; clk        ; clk      ; None                        ; None                      ; 5.754 ns                ;
; N/A                                     ; 167.79 MHz ( period = 5.960 ns )                    ; cnt1hz[26] ; cnt1hz[2]  ; clk        ; clk      ; None                        ; None                      ; 5.754 ns                ;
; N/A                                     ; 167.79 MHz ( period = 5.960 ns )                    ; cnt1hz[26] ; cnt1hz[3]  ; clk        ; clk      ; None                        ; None                      ; 5.754 ns                ;
; N/A                                     ; 167.79 MHz ( period = 5.960 ns )                    ; cnt1hz[26] ; cnt1hz[4]  ; clk        ; clk      ; None                        ; None                      ; 5.754 ns                ;
; N/A                                     ; 167.93 MHz ( period = 5.955 ns )                    ; cnt1hz[26] ; cnt1hz[19] ; clk        ; clk      ; None                        ; None                      ; 5.749 ns                ;
; N/A                                     ; 167.93 MHz ( period = 5.955 ns )                    ; cnt1hz[26] ; cnt1hz[18] ; clk        ; clk      ; None                        ; None                      ; 5.749 ns                ;
; N/A                                     ; 167.93 MHz ( period = 5.955 ns )                    ; cnt1hz[26] ; cnt1hz[17] ; clk        ; clk      ; None                        ; None                      ; 5.749 ns                ;
; N/A                                     ; 167.93 MHz ( period = 5.955 ns )                    ; cnt1hz[26] ; cnt1hz[16] ; clk        ; clk      ; None                        ; None                      ; 5.749 ns                ;
; N/A                                     ; 167.93 MHz ( period = 5.955 ns )                    ; cnt1hz[26] ; cnt1hz[20] ; clk        ; clk      ; None                        ; None                      ; 5.749 ns                ;
; N/A                                     ; 167.93 MHz ( period = 5.955 ns )                    ; cnt1hz[26] ; cnt1hz[21] ; clk        ; clk      ; None                        ; None                      ; 5.749 ns                ;
; N/A                                     ; 167.93 MHz ( period = 5.955 ns )                    ; cnt1hz[26] ; cnt1hz[22] ; clk        ; clk      ; None                        ; None                      ; 5.749 ns                ;
; N/A                                     ; 167.93 MHz ( period = 5.955 ns )                    ; cnt1hz[26] ; cnt1hz[23] ; clk        ; clk      ; None                        ; None                      ; 5.749 ns                ;
; N/A                                     ; 167.93 MHz ( period = 5.955 ns )                    ; cnt1hz[26] ; cnt1hz[24] ; clk        ; clk      ; None                        ; None                      ; 5.749 ns                ;
; N/A                                     ; 167.93 MHz ( period = 5.955 ns )                    ; cnt1hz[26] ; cnt1hz[25] ; clk        ; clk      ; None                        ; None                      ; 5.749 ns                ;
; N/A                                     ; 168.29 MHz ( period = 5.942 ns )                    ; cnt1hz[28] ; cnt1hz[2]  ; clk        ; clk      ; None                        ; None                      ; 5.736 ns                ;
; N/A                                     ; 168.29 MHz ( period = 5.942 ns )                    ; cnt1hz[28] ; cnt1hz[3]  ; clk        ; clk      ; None                        ; None                      ; 5.736 ns                ;
; Timing analysis restricted to 200 rows. ; To change the limit use Settings (Assignments menu) ;            ;            ;            ;          ;                             ;                           ;                         ;
+-----------------------------------------+-----------------------------------------------------+------------+------------+------------+----------+-----------------------------+---------------------------+-------------------------+


+----------------------------------------------------------------------+
; tco                                                                  ;
+-------+--------------+------------+--------+------------+------------+
; Slack ; Required tco ; Actual tco ; From   ; To         ; From Clock ;
+-------+--------------+------------+--------+------------+------------+
; N/A   ; None         ; 7.345 ns   ; clk1hz ; clk1hz_out ; clk        ;
+-------+--------------+------------+--------+------------+------------+


+--------------------------+
; Timing Analyzer Messages ;
+--------------------------+
Info: *******************************************************************
Info: Running Quartus II Classic Timing Analyzer
    Info: Version 8.0 Build 231 07/10/2008 Service Pack 1 SJ Web Edition
    Info: Processing started: Tue Mar 24 15:41:02 2009
Info: Command: quartus_tan --read_settings_files=off --write_settings_files=off ClockDivide -c ClockDivide --timing_analysis_only
Warning: Found pins functioning as undefined clocks and/or memory enables
    Info: Assuming node "clk" is an undefined clock
Info: Clock "clk" has Internal fmax of 158.3 MHz between source register "cnt1hz[9]" and destination register "cnt1hz[5]" (period= 6.317 ns)
    Info: + Longest register to register delay is 6.086 ns
        Info: 1: + IC(0.000 ns) + CELL(0.000 ns) = 0.000 ns; Loc. = LC_X20_Y9_N3; Fanout = 4; REG Node = 'cnt1hz[9]'
        Info: 2: + IC(1.117 ns) + CELL(0.522 ns) = 1.639 ns; Loc. = LC_X20_Y10_N0; Fanout = 2; COMB Node = 'LessThan0~621'
        Info: 3: + IC(1.078 ns) + CELL(0.101 ns) = 2.818 ns; Loc. = LC_X20_Y7_N6; Fanout = 1; COMB Node = 'LessThan0~623'
        Info: 4: + IC(0.373 ns) + CELL(0.101 ns) = 3.292 ns; Loc. = LC_X20_Y7_N9; Fanout = 1; COMB Node = 'LessThan0~624'
        Info: 5: + IC(0.391 ns) + CELL(0.258 ns) = 3.941 ns; Loc. = LC_X20_Y7_N8; Fanout = 33; COMB Node = 'LessThan0~628'
        Info: 6: + IC(1.161 ns) + CELL(0.984 ns) = 6.086 ns; Loc. = LC_X20_Y10_N9; Fanout = 3; REG Node = 'cnt1hz[5]'
        Info: Total cell delay = 1.966 ns ( 32.30 % )
        Info: Total interconnect delay = 4.120 ns ( 67.70 % )
    Info: - Smallest clock skew is 0.000 ns
        Info: + Shortest clock path from clock "clk" to destination register is 2.796 ns
            Info: 1: + IC(0.000 ns) + CELL(1.299 ns) = 1.299 ns; Loc. = PIN_J3; Fanout = 33; CLK Node = 'clk'
            Info: 2: + IC(0.868 ns) + CELL(0.629 ns) = 2.796 ns; Loc. = LC_X20_Y10_N9; Fanout = 3; REG Node = 'cnt1hz[5]'
            Info: Total cell delay = 1.928 ns ( 68.96 % )
            Info: Total interconnect delay = 0.868 ns ( 31.04 % )
        Info: - Longest clock path from clock "clk" to source register is 2.796 ns
            Info: 1: + IC(0.000 ns) + CELL(1.299 ns) = 1.299 ns; Loc. = PIN_J3; Fanout = 33; CLK Node = 'clk'
            Info: 2: + IC(0.868 ns) + CELL(0.629 ns) = 2.796 ns; Loc. = LC_X20_Y9_N3; Fanout = 4; REG Node = 'cnt1hz[9]'
            Info: Total cell delay = 1.928 ns ( 68.96 % )
            Info: Total interconnect delay = 0.868 ns ( 31.04 % )
    Info: + Micro clock to output delay of source is 0.198 ns
    Info: + Micro setup delay of destination is 0.033 ns
Info: tco from clock "clk" to destination pin "clk1hz_out" through register "clk1hz" is 7.345 ns
    Info: + Longest clock path from clock "clk" to source register is 2.796 ns
        Info: 1: + IC(0.000 ns) + CELL(1.299 ns) = 1.299 ns; Loc. = PIN_J3; Fanout = 33; CLK Node = 'clk'
        Info: 2: + IC(0.868 ns) + CELL(0.629 ns) = 2.796 ns; Loc. = LC_X20_Y10_N2; Fanout = 2; REG Node = 'clk1hz'
        Info: Total cell delay = 1.928 ns ( 68.96 % )
        Info: Total interconnect delay = 0.868 ns ( 31.04 % )
    Info: + Micro clock to output delay of source is 0.198 ns
    Info: + Longest register to pin delay is 4.351 ns
        Info: 1: + IC(0.000 ns) + CELL(0.000 ns) = 0.000 ns; Loc. = LC_X20_Y10_N2; Fanout = 2; REG Node = 'clk1hz'
        Info: 2: + IC(2.486 ns) + CELL(1.865 ns) = 4.351 ns; Loc. = PIN_R10; Fanout = 0; PIN Node = 'clk1hz_out'
        Info: Total cell delay = 1.865 ns ( 42.86 % )
        Info: Total interconnect delay = 2.486 ns ( 57.14 % )
Info: Quartus II Classic Timing Analyzer was successful. 0 errors, 1 warning
    Info: Peak virtual memory: 124 megabytes
    Info: Processing ended: Tue Mar 24 15:41:04 2009
    Info: Elapsed time: 00:00:02
    Info: Total CPU time (on all processors): 00:00:01


