Flow report for ClockDivide
Tue Mar 24 15:41:03 2009
Quartus II Version 8.0 Build 231 07/10/2008 Service Pack 1 SJ Web Edition


---------------------
; Table of Contents ;
---------------------
  1. Legal Notice
  2. Flow Summary
  3. Flow Settings
  4. Flow Non-Default Global Settings
  5. Flow Elapsed Time
  6. Flow Log



----------------
; Legal Notice ;
----------------
Copyright (C) 1991-2008 Altera Corporation
Your use of Altera Corporation's design tools, logic functions 
and other software and tools, and its AMPP partner logic 
functions, and any output files from any of the foregoing 
(including device programming or simulation files), and any 
associated documentation or information are expressly subject 
to the terms and conditions of the Altera Program License 
Subscription Agreement, Altera MegaCore Function License 
Agreement, or other applicable license agreement, including, 
without limitation, that your use is for the sole purpose of 
programming logic devices manufactured by Altera and sold by 
Altera or its authorized distributors.  Please refer to the 
applicable agreement for further details.



+-------------------------------------------------------------------------+
; Flow Summary                                                            ;
+--------------------------+----------------------------------------------+
; Flow Status              ; Successful - Tue Mar 24 15:41:03 2009        ;
; Quartus II Version       ; 8.0 Build 231 07/10/2008 SP 1 SJ Web Edition ;
; Revision Name            ; ClockDivide                                  ;
; Top-level Entity Name    ; ClockDivide                                  ;
; Family                   ; Cyclone                                      ;
; Device                   ; EP1C4F324C7                                  ;
; Timing Models            ; Final                                        ;
; Met timing requirements  ; Yes                                          ;
; Total logic elements     ; 45 / 4,000 ( 1 % )                           ;
; Total pins               ; 2 / 249 ( < 1 % )                            ;
; Total virtual pins       ; 0                                            ;
; Total memory bits        ; 0 / 78,336 ( 0 % )                           ;
; DSP block 9-bit elements ; N/A until Partition Merge                    ;
; Total PLLs               ; 0 / 2 ( 0 % )                                ;
; Total DLLs               ; N/A until Partition Merge                    ;
+--------------------------+----------------------------------------------+


+-----------------------------------------+
; Flow Settings                           ;
+-------------------+---------------------+
; Option            ; Setting             ;
+-------------------+---------------------+
; Start date & time ; 03/24/2009 15:40:52 ;
; Main task         ; Compilation         ;
; Revision Name     ; ClockDivide         ;
+-------------------+---------------------+


+--------------------------------------------------------------------------------------------------------------+
; Flow Non-Default Global Settings                                                                             ;
+------------------------------------+------------------------------+---------------+-------------+------------+
; Assignment Name                    ; Value                        ; Default Value ; Entity Name ; Section Id ;
+------------------------------------+------------------------------+---------------+-------------+------------+
; COMPILER_SIGNATURE_ID              ; 136473353472.123787685102404 ; --            ; --          ; --         ;
; CYCLONE_OPTIMIZATION_TECHNIQUE     ; Area                         ; Balanced      ; --          ; --         ;
; PARTITION_COLOR                    ; 2147039                      ; --            ; --          ; Top        ;
; PARTITION_NETLIST_TYPE             ; SOURCE                       ; --            ; --          ; Top        ;
; USE_GENERATED_PHYSICAL_CONSTRAINTS ; Off                          ; --            ; --          ; eda_palace ;
+------------------------------------+------------------------------+---------------+-------------+------------+


+-----------------------------------------------------------------------------------------------------------------------------+
; Flow Elapsed Time                                                                                                           ;
+-------------------------+--------------+-------------------------+---------------------+------------------------------------+
; Module Name             ; Elapsed Time ; Average Processors Used ; Peak Virtual Memory ; Total CPU Time (on all processors) ;
+-------------------------+--------------+-------------------------+---------------------+------------------------------------+
; Analysis & Synthesis    ; 00:00:02     ; 1.0                     ; 181 MB              ; 00:00:02                           ;
; Fitter                  ; 00:00:02     ; 1.0                     ; 168 MB              ; 00:00:02                           ;
; Assembler               ; 00:00:02     ; 1.0                     ; 145 MB              ; 00:00:01                           ;
; Classic Timing Analyzer ; 00:00:01     ; 1.0                     ; 112 MB              ; 00:00:01                           ;
; Total                   ; 00:00:07     ; --                      ; --                  ; 00:00:06                           ;
+-------------------------+--------------+-------------------------+---------------------+------------------------------------+


------------
; Flow Log ;
------------
quartus_map --read_settings_files=on --write_settings_files=off ClockDivide -c ClockDivide
quartus_fit --read_settings_files=off --write_settings_files=off ClockDivide -c ClockDivide
quartus_asm --read_settings_files=off --write_settings_files=off ClockDivide -c ClockDivide
quartus_tan --read_settings_files=off --write_settings_files=off ClockDivide -c ClockDivide --timing_analysis_only



