Classic Timing Analyzer report for timeSetPosition
Tue Mar 24 15:44:42 2009
Quartus II Version 8.0 Build 231 07/10/2008 Service Pack 1 SJ Web Edition


---------------------
; Table of Contents ;
---------------------
  1. Legal Notice
  2. Timing Analyzer Summary
  3. Timing Analyzer Settings
  4. Clock Settings Summary
  5. Clock Setup: 'sw1'
  6. tco
  7. Timing Analyzer Messages



----------------
; Legal Notice ;
----------------
Copyright (C) 1991-2008 Altera Corporation
Your use of Altera Corporation's design tools, logic functions 
and other software and tools, and its AMPP partner logic 
functions, and any output files from any of the foregoing 
(including device programming or simulation files), and any 
associated documentation or information are expressly subject 
to the terms and conditions of the Altera Program License 
Subscription Agreement, Altera MegaCore Function License 
Agreement, or other applicable license agreement, including, 
without limitation, that your use is for the sole purpose of 
programming logic devices manufactured by Altera and sold by 
Altera or its authorized distributors.  Please refer to the 
applicable agreement for further details.



+------------------------------------------------------------------------------------------------------------------------------------------------------------------------------+
; Timing Analyzer Summary                                                                                                                                                      ;
+------------------------------+-------+---------------+------------------------------------------------+-------------+-----------------+------------+----------+--------------+
; Type                         ; Slack ; Required Time ; Actual Time                                    ; From        ; To              ; From Clock ; To Clock ; Failed Paths ;
+------------------------------+-------+---------------+------------------------------------------------+-------------+-----------------+------------+----------+--------------+
; Worst-case tco               ; N/A   ; None          ; 9.729 ns                                       ; set_time[0] ; set_time_out[0] ; sw1        ; --       ; 0            ;
; Clock Setup: 'sw1'           ; N/A   ; None          ; Restricted to 320.10 MHz ( period = 3.124 ns ) ; set_time[0] ; set_time[2]     ; sw1        ; sw1      ; 0            ;
; Total number of failed paths ;       ;               ;                                                ;             ;                 ;            ;          ; 0            ;
+------------------------------+-------+---------------+------------------------------------------------+-------------+-----------------+------------+----------+--------------+


+--------------------------------------------------------------------------------------------------------------------+
; Timing Analyzer Settings                                                                                           ;
+---------------------------------------------------------------------+--------------------+------+----+-------------+
; Option                                                              ; Setting            ; From ; To ; Entity Name ;
+---------------------------------------------------------------------+--------------------+------+----+-------------+
; Device Name                                                         ; EP1C4F324C7        ;      ;    ;             ;
; Timing Models                                                       ; Final              ;      ;    ;             ;
; Default hold multicycle                                             ; Same as Multicycle ;      ;    ;             ;
; Cut paths between unrelated clock domains                           ; On                 ;      ;    ;             ;
; Cut off read during write signal paths                              ; On                 ;      ;    ;             ;
; Cut off feedback from I/O pins                                      ; On                 ;      ;    ;             ;
; Report Combined Fast/Slow Timing                                    ; Off                ;      ;    ;             ;
; Ignore Clock Settings                                               ; Off                ;      ;    ;             ;
; Analyze latches as synchronous elements                             ; On                 ;      ;    ;             ;
; Enable Recovery/Removal analysis                                    ; Off                ;      ;    ;             ;
; Enable Clock Latency                                                ; Off                ;      ;    ;             ;
; Use TimeQuest Timing Analyzer                                       ; Off                ;      ;    ;             ;
; Number of source nodes to report per destination node               ; 10                 ;      ;    ;             ;
; Number of destination nodes to report                               ; 10                 ;      ;    ;             ;
; Number of paths to report                                           ; 200                ;      ;    ;             ;
; Report Minimum Timing Checks                                        ; Off                ;      ;    ;             ;
; Use Fast Timing Models                                              ; Off                ;      ;    ;             ;
; Report IO Paths Separately                                          ; Off                ;      ;    ;             ;
; Perform Multicorner Analysis                                        ; Off                ;      ;    ;             ;
; Reports the worst-case path for each clock domain and analysis      ; Off                ;      ;    ;             ;
; Removes common clock path pessimism (CCPP) during slack computation ; Off                ;      ;    ;             ;
+---------------------------------------------------------------------+--------------------+------+----+-------------+


+------------------------------------------------------------------------------------------------------------------------------------------------------------------------------------+
; Clock Settings Summary                                                                                                                                                             ;
+-----------------+--------------------+----------+------------------+---------------+--------------+----------+-----------------------+---------------------+--------+--------------+
; Clock Node Name ; Clock Setting Name ; Type     ; Fmax Requirement ; Early Latency ; Late Latency ; Based on ; Multiply Base Fmax by ; Divide Base Fmax by ; Offset ; Phase offset ;
+-----------------+--------------------+----------+------------------+---------------+--------------+----------+-----------------------+---------------------+--------+--------------+
; sw1             ;                    ; User Pin ; None             ; 0.000 ns      ; 0.000 ns     ; --       ; N/A                   ; N/A                 ; N/A    ;              ;
+-----------------+--------------------+----------+------------------+---------------+--------------+----------+-----------------------+---------------------+--------+--------------+


+------------------------------------------------------------------------------------------------------------------------------------------------------------------------------------------------+
; Clock Setup: 'sw1'                                                                                                                                                                             ;
+-------+------------------------------------------------+-------------+-------------+------------+----------+-----------------------------+---------------------------+-------------------------+
; Slack ; Actual fmax (period)                           ; From        ; To          ; From Clock ; To Clock ; Required Setup Relationship ; Required Longest P2P Time ; Actual Longest P2P Time ;
+-------+------------------------------------------------+-------------+-------------+------------+----------+-----------------------------+---------------------------+-------------------------+
; N/A   ; Restricted to 320.10 MHz ( period = 3.124 ns ) ; set_time[0] ; set_time[2] ; sw1        ; sw1      ; None                        ; None                      ; 1.154 ns                ;
; N/A   ; Restricted to 320.10 MHz ( period = 3.124 ns ) ; set_time[1] ; set_time[0] ; sw1        ; sw1      ; None                        ; None                      ; 1.151 ns                ;
; N/A   ; Restricted to 320.10 MHz ( period = 3.124 ns ) ; set_time[1] ; set_time[1] ; sw1        ; sw1      ; None                        ; None                      ; 1.150 ns                ;
; N/A   ; Restricted to 320.10 MHz ( period = 3.124 ns ) ; set_time[0] ; set_time[1] ; sw1        ; sw1      ; None                        ; None                      ; 0.936 ns                ;
; N/A   ; Restricted to 320.10 MHz ( period = 3.124 ns ) ; set_time[0] ; set_time[0] ; sw1        ; sw1      ; None                        ; None                      ; 0.934 ns                ;
; N/A   ; Restricted to 320.10 MHz ( period = 3.124 ns ) ; set_time[1] ; set_time[2] ; sw1        ; sw1      ; None                        ; None                      ; 0.933 ns                ;
; N/A   ; Restricted to 320.10 MHz ( period = 3.124 ns ) ; set_time[2] ; set_time[0] ; sw1        ; sw1      ; None                        ; None                      ; 0.758 ns                ;
; N/A   ; Restricted to 320.10 MHz ( period = 3.124 ns ) ; set_time[2] ; set_time[1] ; sw1        ; sw1      ; None                        ; None                      ; 0.755 ns                ;
; N/A   ; Restricted to 320.10 MHz ( period = 3.124 ns ) ; set_time[2] ; set_time[2] ; sw1        ; sw1      ; None                        ; None                      ; 0.752 ns                ;
+-------+------------------------------------------------+-------------+-------------+------------+----------+-----------------------------+---------------------------+-------------------------+


+--------------------------------------------------------------------------------+
; tco                                                                            ;
+-------+--------------+------------+-------------+-----------------+------------+
; Slack ; Required tco ; Actual tco ; From        ; To              ; From Clock ;
+-------+--------------+------------+-------------+-----------------+------------+
; N/A   ; None         ; 9.729 ns   ; set_time[1] ; set_time_out[1] ; sw1        ;
; N/A   ; None         ; 9.729 ns   ; set_time[0] ; set_time_out[0] ; sw1        ;
; N/A   ; None         ; 9.652 ns   ; set_time[2] ; set_time_out[2] ; sw1        ;
+-------+--------------+------------+-------------+-----------------+------------+


+--------------------------+
; Timing Analyzer Messages ;
+--------------------------+
Info: *******************************************************************
Info: Running Quartus II Classic Timing Analyzer
    Info: Version 8.0 Build 231 07/10/2008 Service Pack 1 SJ Web Edition
    Info: Processing started: Tue Mar 24 15:44:40 2009
Info: Command: quartus_tan --read_settings_files=off --write_settings_files=off timeSetPosition -c timeSetPosition --timing_analysis_only
Warning: Found pins functioning as undefined clocks and/or memory enables
    Info: Assuming node "sw1" is an undefined clock
Info: Clock "sw1" Internal fmax is restricted to 320.1 MHz between source register "set_time[0]" and destination register "set_time[2]"
    Info: fmax restricted to Clock High delay (1.562 ns) plus Clock Low delay (1.562 ns) : restricted to 3.124 ns. Expand message to see actual delay path.
        Info: + Longest register to register delay is 1.154 ns
            Info: 1: + IC(0.000 ns) + CELL(0.000 ns) = 0.000 ns; Loc. = LC_X28_Y1_N9; Fanout = 4; REG Node = 'set_time[0]'
            Info: 2: + IC(0.501 ns) + CELL(0.653 ns) = 1.154 ns; Loc. = LC_X28_Y1_N0; Fanout = 4; REG Node = 'set_time[2]'
            Info: Total cell delay = 0.653 ns ( 56.59 % )
            Info: Total interconnect delay = 0.501 ns ( 43.41 % )
        Info: - Smallest clock skew is 0.000 ns
            Info: + Shortest clock path from clock "sw1" to destination register is 6.429 ns
                Info: 1: + IC(0.000 ns) + CELL(1.299 ns) = 1.299 ns; Loc. = PIN_F17; Fanout = 3; CLK Node = 'sw1'
                Info: 2: + IC(4.501 ns) + CELL(0.629 ns) = 6.429 ns; Loc. = LC_X28_Y1_N0; Fanout = 4; REG Node = 'set_time[2]'
                Info: Total cell delay = 1.928 ns ( 29.99 % )
                Info: Total interconnect delay = 4.501 ns ( 70.01 % )
            Info: - Longest clock path from clock "sw1" to source register is 6.429 ns
                Info: 1: + IC(0.000 ns) + CELL(1.299 ns) = 1.299 ns; Loc. = PIN_F17; Fanout = 3; CLK Node = 'sw1'
                Info: 2: + IC(4.501 ns) + CELL(0.629 ns) = 6.429 ns; Loc. = LC_X28_Y1_N9; Fanout = 4; REG Node = 'set_time[0]'
                Info: Total cell delay = 1.928 ns ( 29.99 % )
                Info: Total interconnect delay = 4.501 ns ( 70.01 % )
        Info: + Micro clock to output delay of source is 0.198 ns
        Info: + Micro setup delay of destination is 0.033 ns
Info: tco from clock "sw1" to destination pin "set_time_out[1]" through register "set_time[1]" is 9.729 ns
    Info: + Longest clock path from clock "sw1" to source register is 6.429 ns
        Info: 1: + IC(0.000 ns) + CELL(1.299 ns) = 1.299 ns; Loc. = PIN_F17; Fanout = 3; CLK Node = 'sw1'
        Info: 2: + IC(4.501 ns) + CELL(0.629 ns) = 6.429 ns; Loc. = LC_X28_Y1_N2; Fanout = 4; REG Node = 'set_time[1]'
        Info: Total cell delay = 1.928 ns ( 29.99 % )
        Info: Total interconnect delay = 4.501 ns ( 70.01 % )
    Info: + Micro clock to output delay of source is 0.198 ns
    Info: + Longest register to pin delay is 3.102 ns
        Info: 1: + IC(0.000 ns) + CELL(0.000 ns) = 0.000 ns; Loc. = LC_X28_Y1_N2; Fanout = 4; REG Node = 'set_time[1]'
        Info: 2: + IC(1.223 ns) + CELL(1.879 ns) = 3.102 ns; Loc. = PIN_T16; Fanout = 0; PIN Node = 'set_time_out[1]'
        Info: Total cell delay = 1.879 ns ( 60.57 % )
        Info: Total interconnect delay = 1.223 ns ( 39.43 % )
Info: Quartus II Classic Timing Analyzer was successful. 0 errors, 1 warning
    Info: Peak virtual memory: 123 megabytes
    Info: Processing ended: Tue Mar 24 15:44:42 2009
    Info: Elapsed time: 00:00:02
    Info: Total CPU time (on all processors): 00:00:01


