Classic Timing Analyzer report for ClockSync
Wed Mar 25 16:20:48 2009
Quartus II Version 8.0 Build 231 07/10/2008 Service Pack 1 SJ Web Edition


---------------------
; Table of Contents ;
---------------------
  1. Legal Notice
  2. Timing Analyzer Summary
  3. Timing Analyzer Settings
  4. Clock Settings Summary
  5. Clock Setup: 'CLK'
  6. tsu
  7. tco
  8. tpd
  9. th
 10. Timing Analyzer Messages



----------------
; Legal Notice ;
----------------
Copyright (C) 1991-2008 Altera Corporation
Your use of Altera Corporation's design tools, logic functions 
and other software and tools, and its AMPP partner logic 
functions, and any output files from any of the foregoing 
(including device programming or simulation files), and any 
associated documentation or information are expressly subject 
to the terms and conditions of the Altera Program License 
Subscription Agreement, Altera MegaCore Function License 
Agreement, or other applicable license agreement, including, 
without limitation, that your use is for the sole purpose of 
programming logic devices manufactured by Altera and sold by 
Altera or its authorized distributors.  Please refer to the 
applicable agreement for further details.



+----------------------------------------------------------------------------------------------------------------------------------------------------------+
; Timing Analyzer Summary                                                                                                                                  ;
+------------------------------+-------+---------------+------------------------------------------------+------+----+------------+----------+--------------+
; Type                         ; Slack ; Required Time ; Actual Time                                    ; From ; To ; From Clock ; To Clock ; Failed Paths ;
+------------------------------+-------+---------------+------------------------------------------------+------+----+------------+----------+--------------+
; Worst-case tsu               ; N/A   ; None          ; 4.185 ns                                       ; c    ; z  ; --         ; CLK      ; 0            ;
; Worst-case tco               ; N/A   ; None          ; 8.630 ns                                       ; z    ; k  ; CLK        ; --       ; 0            ;
; Worst-case tpd               ; N/A   ; None          ; 10.854 ns                                      ; c    ; d  ; --         ; --       ; 0            ;
; Worst-case th                ; N/A   ; None          ; -3.625 ns                                      ; b    ; x  ; --         ; CLK      ; 0            ;
; Clock Setup: 'CLK'           ; N/A   ; None          ; Restricted to 275.03 MHz ( period = 3.636 ns ) ; y    ; z  ; CLK        ; CLK      ; 0            ;
; Total number of failed paths ;       ;               ;                                                ;      ;    ;            ;          ; 0            ;
+------------------------------+-------+---------------+------------------------------------------------+------+----+------------+----------+--------------+


+--------------------------------------------------------------------------------------------------------------------+
; Timing Analyzer Settings                                                                                           ;
+---------------------------------------------------------------------+--------------------+------+----+-------------+
; Option                                                              ; Setting            ; From ; To ; Entity Name ;
+---------------------------------------------------------------------+--------------------+------+----+-------------+
; Device Name                                                         ; EP1C4F324C8        ;      ;    ;             ;
; Timing Models                                                       ; Final              ;      ;    ;             ;
; Default hold multicycle                                             ; Same as Multicycle ;      ;    ;             ;
; Cut paths between unrelated clock domains                           ; On                 ;      ;    ;             ;
; Cut off read during write signal paths                              ; On                 ;      ;    ;             ;
; Cut off feedback from I/O pins                                      ; On                 ;      ;    ;             ;
; Report Combined Fast/Slow Timing                                    ; Off                ;      ;    ;             ;
; Ignore Clock Settings                                               ; Off                ;      ;    ;             ;
; Analyze latches as synchronous elements                             ; On                 ;      ;    ;             ;
; Enable Recovery/Removal analysis                                    ; Off                ;      ;    ;             ;
; Enable Clock Latency                                                ; Off                ;      ;    ;             ;
; Use TimeQuest Timing Analyzer                                       ; Off                ;      ;    ;             ;
; Number of source nodes to report per destination node               ; 10                 ;      ;    ;             ;
; Number of destination nodes to report                               ; 10                 ;      ;    ;             ;
; Number of paths to report                                           ; 200                ;      ;    ;             ;
; Report Minimum Timing Checks                                        ; Off                ;      ;    ;             ;
; Use Fast Timing Models                                              ; Off                ;      ;    ;             ;
; Report IO Paths Separately                                          ; Off                ;      ;    ;             ;
; Perform Multicorner Analysis                                        ; Off                ;      ;    ;             ;
; Reports the worst-case path for each clock domain and analysis      ; Off                ;      ;    ;             ;
; Removes common clock path pessimism (CCPP) during slack computation ; Off                ;      ;    ;             ;
+---------------------------------------------------------------------+--------------------+------+----+-------------+


+------------------------------------------------------------------------------------------------------------------------------------------------------------------------------------+
; Clock Settings Summary                                                                                                                                                             ;
+-----------------+--------------------+----------+------------------+---------------+--------------+----------+-----------------------+---------------------+--------+--------------+
; Clock Node Name ; Clock Setting Name ; Type     ; Fmax Requirement ; Early Latency ; Late Latency ; Based on ; Multiply Base Fmax by ; Divide Base Fmax by ; Offset ; Phase offset ;
+-----------------+--------------------+----------+------------------+---------------+--------------+----------+-----------------------+---------------------+--------+--------------+
; CLK             ;                    ; User Pin ; None             ; 0.000 ns      ; 0.000 ns     ; --       ; N/A                   ; N/A                 ; N/A    ;              ;
+-----------------+--------------------+----------+------------------+---------------+--------------+----------+-----------------------+---------------------+--------+--------------+


+--------------------------------------------------------------------------------------------------------------------------------------------------------------------------------+
; Clock Setup: 'CLK'                                                                                                                                                             ;
+-------+------------------------------------------------+------+----+------------+----------+-----------------------------+---------------------------+-------------------------+
; Slack ; Actual fmax (period)                           ; From ; To ; From Clock ; To Clock ; Required Setup Relationship ; Required Longest P2P Time ; Actual Longest P2P Time ;
+-------+------------------------------------------------+------+----+------------+----------+-----------------------------+---------------------------+-------------------------+
; N/A   ; Restricted to 275.03 MHz ( period = 3.636 ns ) ; y    ; z  ; CLK        ; CLK      ; None                        ; None                      ; 0.827 ns                ;
; N/A   ; Restricted to 275.03 MHz ( period = 3.636 ns ) ; x    ; y  ; CLK        ; CLK      ; None                        ; None                      ; 0.822 ns                ;
+-------+------------------------------------------------+------+----+------------+----------+-----------------------------+---------------------------+-------------------------+


+----------------------------------------------------------+
; tsu                                                      ;
+-------+--------------+------------+------+----+----------+
; Slack ; Required tsu ; Actual tsu ; From ; To ; To Clock ;
+-------+--------------+------------+------+----+----------+
; N/A   ; None         ; 4.185 ns   ; c    ; z  ; CLK      ;
; N/A   ; None         ; 3.893 ns   ; a    ; x  ; CLK      ;
; N/A   ; None         ; 3.892 ns   ; a    ; y  ; CLK      ;
; N/A   ; None         ; 3.677 ns   ; b    ; x  ; CLK      ;
+-------+--------------+------------+------+----+----------+


+------------------------------------------------------------+
; tco                                                        ;
+-------+--------------+------------+------+----+------------+
; Slack ; Required tco ; Actual tco ; From ; To ; From Clock ;
+-------+--------------+------------+------+----+------------+
; N/A   ; None         ; 8.630 ns   ; z    ; k  ; CLK        ;
+-------+--------------+------------+------+----+------------+


+---------------------------------------------------------+
; tpd                                                     ;
+-------+-------------------+-----------------+------+----+
; Slack ; Required P2P Time ; Actual P2P Time ; From ; To ;
+-------+-------------------+-----------------+------+----+
; N/A   ; None              ; 10.854 ns       ; c    ; d  ;
; N/A   ; None              ; 10.276 ns       ; a    ; d  ;
; N/A   ; None              ; 10.052 ns       ; b    ; d  ;
+-------+-------------------+-----------------+------+----+


+----------------------------------------------------------------+
; th                                                             ;
+---------------+-------------+-----------+------+----+----------+
; Minimum Slack ; Required th ; Actual th ; From ; To ; To Clock ;
+---------------+-------------+-----------+------+----+----------+
; N/A           ; None        ; -3.625 ns ; b    ; x  ; CLK      ;
; N/A           ; None        ; -3.840 ns ; a    ; y  ; CLK      ;
; N/A           ; None        ; -3.841 ns ; a    ; x  ; CLK      ;
; N/A           ; None        ; -4.133 ns ; c    ; z  ; CLK      ;
+---------------+-------------+-----------+------+----+----------+


+--------------------------+
; Timing Analyzer Messages ;
+--------------------------+
Info: *******************************************************************
Info: Running Quartus II Classic Timing Analyzer
    Info: Version 8.0 Build 231 07/10/2008 Service Pack 1 SJ Web Edition
    Info: Processing started: Wed Mar 25 16:20:47 2009
Info: Command: quartus_tan --read_settings_files=off --write_settings_files=off ClockSync -c ClockSync --timing_analysis_only
Warning: Found pins functioning as undefined clocks and/or memory enables
    Info: Assuming node "CLK" is an undefined clock
Info: Clock "CLK" Internal fmax is restricted to 275.03 MHz between source register "y" and destination register "z"
    Info: fmax restricted to Clock High delay (1.818 ns) plus Clock Low delay (1.818 ns) : restricted to 3.636 ns. Expand message to see actual delay path.
        Info: + Longest register to register delay is 0.827 ns
            Info: 1: + IC(0.000 ns) + CELL(0.000 ns) = 0.000 ns; Loc. = LC_X2_Y1_N6; Fanout = 1; REG Node = 'y'
            Info: 2: + IC(0.518 ns) + CELL(0.309 ns) = 0.827 ns; Loc. = LC_X2_Y1_N2; Fanout = 1; REG Node = 'z'
            Info: Total cell delay = 0.309 ns ( 37.36 % )
            Info: Total interconnect delay = 0.518 ns ( 62.64 % )
        Info: - Smallest clock skew is 0.000 ns
            Info: + Shortest clock path from clock "CLK" to destination register is 3.128 ns
                Info: 1: + IC(0.000 ns) + CELL(1.469 ns) = 1.469 ns; Loc. = PIN_J4; Fanout = 3; CLK Node = 'CLK'
                Info: 2: + IC(0.948 ns) + CELL(0.711 ns) = 3.128 ns; Loc. = LC_X2_Y1_N2; Fanout = 1; REG Node = 'z'
                Info: Total cell delay = 2.180 ns ( 69.69 % )
                Info: Total interconnect delay = 0.948 ns ( 30.31 % )
            Info: - Longest clock path from clock "CLK" to source register is 3.128 ns
                Info: 1: + IC(0.000 ns) + CELL(1.469 ns) = 1.469 ns; Loc. = PIN_J4; Fanout = 3; CLK Node = 'CLK'
                Info: 2: + IC(0.948 ns) + CELL(0.711 ns) = 3.128 ns; Loc. = LC_X2_Y1_N6; Fanout = 1; REG Node = 'y'
                Info: Total cell delay = 2.180 ns ( 69.69 % )
                Info: Total interconnect delay = 0.948 ns ( 30.31 % )
        Info: + Micro clock to output delay of source is 0.224 ns
        Info: + Micro setup delay of destination is 0.037 ns
Info: tsu for register "z" (data pin = "c", clock pin = "CLK") is 4.185 ns
    Info: + Longest pin to register delay is 7.276 ns
        Info: 1: + IC(0.000 ns) + CELL(1.469 ns) = 1.469 ns; Loc. = PIN_P3; Fanout = 2; PIN Node = 'c'
        Info: 2: + IC(5.329 ns) + CELL(0.478 ns) = 7.276 ns; Loc. = LC_X2_Y1_N2; Fanout = 1; REG Node = 'z'
        Info: Total cell delay = 1.947 ns ( 26.76 % )
        Info: Total interconnect delay = 5.329 ns ( 73.24 % )
    Info: + Micro setup delay of destination is 0.037 ns
    Info: - Shortest clock path from clock "CLK" to destination register is 3.128 ns
        Info: 1: + IC(0.000 ns) + CELL(1.469 ns) = 1.469 ns; Loc. = PIN_J4; Fanout = 3; CLK Node = 'CLK'
        Info: 2: + IC(0.948 ns) + CELL(0.711 ns) = 3.128 ns; Loc. = LC_X2_Y1_N2; Fanout = 1; REG Node = 'z'
        Info: Total cell delay = 2.180 ns ( 69.69 % )
        Info: Total interconnect delay = 0.948 ns ( 30.31 % )
Info: tco from clock "CLK" to destination pin "k" through register "z" is 8.630 ns
    Info: + Longest clock path from clock "CLK" to source register is 3.128 ns
        Info: 1: + IC(0.000 ns) + CELL(1.469 ns) = 1.469 ns; Loc. = PIN_J4; Fanout = 3; CLK Node = 'CLK'
        Info: 2: + IC(0.948 ns) + CELL(0.711 ns) = 3.128 ns; Loc. = LC_X2_Y1_N2; Fanout = 1; REG Node = 'z'
        Info: Total cell delay = 2.180 ns ( 69.69 % )
        Info: Total interconnect delay = 0.948 ns ( 30.31 % )
    Info: + Micro clock to output delay of source is 0.224 ns
    Info: + Longest register to pin delay is 5.278 ns
        Info: 1: + IC(0.000 ns) + CELL(0.000 ns) = 0.000 ns; Loc. = LC_X2_Y1_N2; Fanout = 1; REG Node = 'z'
        Info: 2: + IC(3.170 ns) + CELL(2.108 ns) = 5.278 ns; Loc. = PIN_F8; Fanout = 0; PIN Node = 'k'
        Info: Total cell delay = 2.108 ns ( 39.94 % )
        Info: Total interconnect delay = 3.170 ns ( 60.06 % )
Info: Longest tpd from source pin "c" to destination pin "d" is 10.854 ns
    Info: 1: + IC(0.000 ns) + CELL(1.469 ns) = 1.469 ns; Loc. = PIN_P3; Fanout = 2; PIN Node = 'c'
    Info: 2: + IC(5.313 ns) + CELL(0.590 ns) = 7.372 ns; Loc. = LC_X2_Y1_N4; Fanout = 1; COMB Node = 'g~3'
    Info: 3: + IC(1.358 ns) + CELL(2.124 ns) = 10.854 ns; Loc. = PIN_P4; Fanout = 0; PIN Node = 'd'
    Info: Total cell delay = 4.183 ns ( 38.54 % )
    Info: Total interconnect delay = 6.671 ns ( 61.46 % )
Info: th for register "x" (data pin = "b", clock pin = "CLK") is -3.625 ns
    Info: + Longest clock path from clock "CLK" to destination register is 3.128 ns
        Info: 1: + IC(0.000 ns) + CELL(1.469 ns) = 1.469 ns; Loc. = PIN_J4; Fanout = 3; CLK Node = 'CLK'
        Info: 2: + IC(0.948 ns) + CELL(0.711 ns) = 3.128 ns; Loc. = LC_X2_Y1_N5; Fanout = 1; REG Node = 'x'
        Info: Total cell delay = 2.180 ns ( 69.69 % )
        Info: Total interconnect delay = 0.948 ns ( 30.31 % )
    Info: + Micro hold delay of destination is 0.015 ns
    Info: - Shortest pin to register delay is 6.768 ns
        Info: 1: + IC(0.000 ns) + CELL(1.475 ns) = 1.475 ns; Loc. = PIN_V4; Fanout = 2; PIN Node = 'b'
        Info: 2: + IC(4.984 ns) + CELL(0.309 ns) = 6.768 ns; Loc. = LC_X2_Y1_N5; Fanout = 1; REG Node = 'x'
        Info: Total cell delay = 1.784 ns ( 26.36 % )
        Info: Total interconnect delay = 4.984 ns ( 73.64 % )
Info: Quartus II Classic Timing Analyzer was successful. 0 errors, 1 warning
    Info: Peak virtual memory: 123 megabytes
    Info: Processing ended: Wed Mar 25 16:20:48 2009
    Info: Elapsed time: 00:00:01
    Info: Total CPU time (on all processors): 00:00:01


