Analysis & Synthesis report for digicom
Wed Mar 25 16:00:09 2009
Quartus II Version 8.0 Build 231 07/10/2008 Service Pack 1 SJ Web Edition


---------------------
; Table of Contents ;
---------------------
  1. Legal Notice
  2. Analysis & Synthesis Summary
  3. Analysis & Synthesis Settings
  4. Analysis & Synthesis Source Files Read
  5. Analysis & Synthesis Resource Usage Summary
  6. Analysis & Synthesis Resource Utilization by Entity
  7. Analysis & Synthesis RAM Summary
  8. User-Specified and Inferred Latches
  9. Registers Removed During Synthesis
 10. General Register Statistics
 11. Inverted Register Statistics
 12. Multiplexer Restructuring Statistics (Restructuring Performed)
 13. Source assignments for LPM_RAM_IO:inst6|altram:sram|altsyncram:ram_block|altsyncram_2891:auto_generated
 14. Parameter Settings for User Entity Instance: LPM_RAM_IO:inst6
 15. Analysis & Synthesis Messages



----------------
; Legal Notice ;
----------------
Copyright (C) 1991-2008 Altera Corporation
Your use of Altera Corporation's design tools, logic functions 
and other software and tools, and its AMPP partner logic 
functions, and any output files from any of the foregoing 
(including device programming or simulation files), and any 
associated documentation or information are expressly subject 
to the terms and conditions of the Altera Program License 
Subscription Agreement, Altera MegaCore Function License 
Agreement, or other applicable license agreement, including, 
without limitation, that your use is for the sole purpose of 
programming logic devices manufactured by Altera and sold by 
Altera or its authorized distributors.  Please refer to the 
applicable agreement for further details.



+----------------------------------------------------------------------------+
; Analysis & Synthesis Summary                                               ;
+-----------------------------+----------------------------------------------+
; Analysis & Synthesis Status ; Successful - Wed Mar 25 16:00:09 2009        ;
; Quartus II Version          ; 8.0 Build 231 07/10/2008 SP 1 SJ Web Edition ;
; Revision Name               ; digicom                                      ;
; Top-level Entity Name       ; digicom                                      ;
; Family                      ; Cyclone                                      ;
; Total logic elements        ; 843                                          ;
; Total pins                  ; 236                                          ;
; Total virtual pins          ; 0                                            ;
; Total memory bits           ; 65,536                                       ;
; DSP block 9-bit elements    ; N/A until Partition Merge                    ;
; Total PLLs                  ; 0                                            ;
; Total DLLs                  ; N/A until Partition Merge                    ;
+-----------------------------+----------------------------------------------+


+--------------------------------------------------------------------------------------------------------+
; Analysis & Synthesis Settings                                                                          ;
+--------------------------------------------------------------+--------------------+--------------------+
; Option                                                       ; Setting            ; Default Value      ;
+--------------------------------------------------------------+--------------------+--------------------+
; Device                                                       ; EP1C4F324C7        ;                    ;
; Top-level entity name                                        ; digicom            ; digicom            ;
; Family name                                                  ; Cyclone            ; Stratix II         ;
; Use Generated Physical Constraints File                      ; Off                ;                    ;
; Use smart compilation                                        ; Off                ; Off                ;
; Maximum processors allowed for parallel compilation          ; 1                  ; 1                  ;
; Restructure Multiplexers                                     ; Auto               ; Auto               ;
; Create Debugging Nodes for IP Cores                          ; Off                ; Off                ;
; Preserve fewer node names                                    ; On                 ; On                 ;
; Disable OpenCore Plus hardware evaluation                    ; Off                ; Off                ;
; Verilog Version                                              ; Verilog_2001       ; Verilog_2001       ;
; VHDL Version                                                 ; VHDL93             ; VHDL93             ;
; State Machine Processing                                     ; Auto               ; Auto               ;
; Safe State Machine                                           ; Off                ; Off                ;
; Extract Verilog State Machines                               ; On                 ; On                 ;
; Extract VHDL State Machines                                  ; On                 ; On                 ;
; Ignore Verilog initial constructs                            ; Off                ; Off                ;
; Iteration limit for constant Verilog loops                   ; 5000               ; 5000               ;
; Iteration limit for non-constant Verilog loops               ; 250                ; 250                ;
; Add Pass-Through Logic to Inferred RAMs                      ; On                 ; On                 ;
; Parallel Synthesis                                           ; Off                ; Off                ;
; NOT Gate Push-Back                                           ; On                 ; On                 ;
; Power-Up Don't Care                                          ; On                 ; On                 ;
; Remove Redundant Logic Cells                                 ; Off                ; Off                ;
; Remove Duplicate Registers                                   ; On                 ; On                 ;
; Ignore CARRY Buffers                                         ; Off                ; Off                ;
; Ignore CASCADE Buffers                                       ; Off                ; Off                ;
; Ignore GLOBAL Buffers                                        ; Off                ; Off                ;
; Ignore ROW GLOBAL Buffers                                    ; Off                ; Off                ;
; Ignore LCELL Buffers                                         ; Off                ; Off                ;
; Ignore SOFT Buffers                                          ; On                 ; On                 ;
; Limit AHDL Integers to 32 Bits                               ; Off                ; Off                ;
; Optimization Technique                                       ; Balanced           ; Balanced           ;
; Carry Chain Length                                           ; 70                 ; 70                 ;
; Auto Carry Chains                                            ; On                 ; On                 ;
; Auto Open-Drain Pins                                         ; On                 ; On                 ;
; Perform WYSIWYG Primitive Resynthesis                        ; Off                ; Off                ;
; Perform gate-level register retiming                         ; Off                ; Off                ;
; Allow register retiming to trade off Tsu/Tco with Fmax       ; On                 ; On                 ;
; Auto ROM Replacement                                         ; On                 ; On                 ;
; Auto RAM Replacement                                         ; On                 ; On                 ;
; Auto Shift Register Replacement                              ; Auto               ; Auto               ;
; Auto Clock Enable Replacement                                ; On                 ; On                 ;
; Strict RAM Replacement                                       ; Off                ; Off                ;
; Allow Synchronous Control Signals                            ; On                 ; On                 ;
; Force Use of Synchronous Clear Signals                       ; Off                ; Off                ;
; Auto RAM Block Balancing                                     ; On                 ; On                 ;
; Auto RAM to Logic Cell Conversion                            ; Off                ; Off                ;
; Auto Resource Sharing                                        ; Off                ; Off                ;
; Allow Any RAM Size For Recognition                           ; Off                ; Off                ;
; Allow Any ROM Size For Recognition                           ; Off                ; Off                ;
; Allow Any Shift Register Size For Recognition                ; Off                ; Off                ;
; Ignore translate_off and synthesis_off directives            ; Off                ; Off                ;
; Show Parameter Settings Tables in Synthesis Report           ; On                 ; On                 ;
; Ignore Maximum Fan-Out Assignments                           ; Off                ; Off                ;
; Synchronization Register Chain Length                        ; 2                  ; 2                  ;
; PowerPlay Power Optimization                                 ; Normal compilation ; Normal compilation ;
; HDL message level                                            ; Level2             ; Level2             ;
; Suppress Register Optimization Related Messages              ; Off                ; Off                ;
; Number of Removed Registers Reported in Synthesis Report     ; 100                ; 100                ;
; Number of Inverted Registers Reported in Synthesis Report    ; 100                ; 100                ;
; Clock MUX Protection                                         ; On                 ; On                 ;
; Block Design Naming                                          ; Auto               ; Auto               ;
; Synthesis Effort                                             ; Auto               ; Auto               ;
; Shift Register Replacement - Allow Asynchronous Clear Signal ; On                 ; On                 ;
+--------------------------------------------------------------+--------------------+--------------------+


+-------------------------------------------------------------------------------------------------------------------------------------------------------------------------------------------+
; Analysis & Synthesis Source Files Read                                                                                                                                                    ;
+----------------------------------+-----------------+------------------------------------+-------------------------------------------------------------------------------------------------+
; File Name with User-Entered Path ; Used in Netlist ; File Type                          ; File Name with Absolute Path                                                                    ;
+----------------------------------+-----------------+------------------------------------+-------------------------------------------------------------------------------------------------+
; addlogic.vhd                     ; yes             ; User VHDL File                     ; F:/Work2008/NowWorking/DigComV32/자료모음/CD자료/DigComV32/DigComV32VHDL/addlogic.vhd           ;
; control.vhd                      ; yes             ; User VHDL File                     ; F:/Work2008/NowWorking/DigComV32/자료모음/CD자료/DigComV32/DigComV32VHDL/control.vhd            ;
; decoder.vhd                      ; yes             ; User VHDL File                     ; F:/Work2008/NowWorking/DigComV32/자료모음/CD자료/DigComV32/DigComV32VHDL/decoder.vhd            ;
; digicom.bdf                      ; yes             ; User Block Diagram/Schematic File  ; F:/Work2008/NowWorking/DigComV32/자료모음/CD자료/DigComV32/DigComV32VHDL/digicom.bdf            ;
; inpoutp.vhd                      ; yes             ; User VHDL File                     ; F:/Work2008/NowWorking/DigComV32/자료모음/CD자료/DigComV32/DigComV32VHDL/inpoutp.vhd            ;
; reg.vhd                          ; yes             ; User VHDL File                     ; F:/Work2008/NowWorking/DigComV32/자료모음/CD자료/DigComV32/DigComV32VHDL/reg.vhd                ;
; regOut.vhd                       ; yes             ; User VHDL File                     ; F:/Work2008/NowWorking/DigComV32/자료모음/CD자료/DigComV32/DigComV32VHDL/regOut.vhd             ;
; reset.vhd                        ; yes             ; User VHDL File                     ; F:/Work2008/NowWorking/DigComV32/자료모음/CD자료/DigComV32/DigComV32VHDL/reset.vhd              ;
; scounter.vhd                     ; yes             ; User VHDL File                     ; F:/Work2008/NowWorking/DigComV32/자료모음/CD자료/DigComV32/DigComV32VHDL/scounter.vhd           ;
; LPM_RAM_IO.tdf                   ; yes             ; Megafunction                       ; c:/altera/80sp1/quartus/libraries/megafunctions/LPM_RAM_IO.tdf                                  ;
; altram.inc                       ; yes             ; Megafunction                       ; c:/altera/80sp1/quartus/libraries/megafunctions/altram.inc                                      ;
; lpm_mux.inc                      ; yes             ; Megafunction                       ; c:/altera/80sp1/quartus/libraries/megafunctions/lpm_mux.inc                                     ;
; lpm_decode.inc                   ; yes             ; Megafunction                       ; c:/altera/80sp1/quartus/libraries/megafunctions/lpm_decode.inc                                  ;
; aglobal80.inc                    ; yes             ; Megafunction                       ; c:/altera/80sp1/quartus/libraries/megafunctions/aglobal80.inc                                   ;
; altram.tdf                       ; yes             ; Megafunction                       ; c:/altera/80sp1/quartus/libraries/megafunctions/altram.tdf                                      ;
; memmodes.inc                     ; yes             ; Megafunction                       ; c:/altera/80sp1/quartus/libraries/others/maxplus2/memmodes.inc                                  ;
; altsyncram.inc                   ; yes             ; Megafunction                       ; c:/altera/80sp1/quartus/libraries/megafunctions/altsyncram.inc                                  ;
; altqpram.inc                     ; yes             ; Megafunction                       ; c:/altera/80sp1/quartus/libraries/megafunctions/altqpram.inc                                    ;
; altsyncram.tdf                   ; yes             ; Megafunction                       ; c:/altera/80sp1/quartus/libraries/megafunctions/altsyncram.tdf                                  ;
; stratix_ram_block.inc            ; yes             ; Megafunction                       ; c:/altera/80sp1/quartus/libraries/megafunctions/stratix_ram_block.inc                           ;
; a_rdenreg.inc                    ; yes             ; Megafunction                       ; c:/altera/80sp1/quartus/libraries/megafunctions/a_rdenreg.inc                                   ;
; altrom.inc                       ; yes             ; Megafunction                       ; c:/altera/80sp1/quartus/libraries/megafunctions/altrom.inc                                      ;
; altdpram.inc                     ; yes             ; Megafunction                       ; c:/altera/80sp1/quartus/libraries/megafunctions/altdpram.inc                                    ;
; db/altsyncram_2891.tdf           ; yes             ; Auto-Generated Megafunction        ; F:/Work2008/NowWorking/DigComV32/자료모음/CD자료/DigComV32/DigComV32VHDL/db/altsyncram_2891.tdf ;
+----------------------------------+-----------------+------------------------------------+-------------------------------------------------------------------------------------------------+


+--------------------------------------------------------------------+
; Analysis & Synthesis Resource Usage Summary                        ;
+---------------------------------------------+----------------------+
; Resource                                    ; Usage                ;
+---------------------------------------------+----------------------+
; Total logic elements                        ; 843                  ;
;     -- Combinational with no register       ; 610                  ;
;     -- Register only                        ; 78                   ;
;     -- Combinational with a register        ; 155                  ;
;                                             ;                      ;
; Logic element usage by number of LUT inputs ;                      ;
;     -- 4 input functions                    ; 480                  ;
;     -- 3 input functions                    ; 118                  ;
;     -- 2 input functions                    ; 140                  ;
;     -- 1 input functions                    ; 26                   ;
;     -- 0 input functions                    ; 1                    ;
;                                             ;                      ;
; Logic elements by mode                      ;                      ;
;     -- normal mode                          ; 722                  ;
;     -- arithmetic mode                      ; 121                  ;
;     -- qfbk mode                            ; 0                    ;
;     -- register cascade mode                ; 0                    ;
;     -- synchronous clear/load mode          ; 53                   ;
;     -- asynchronous clear/load mode         ; 206                  ;
;                                             ;                      ;
; Total registers                             ; 233                  ;
; Total logic cells in carry chains           ; 129                  ;
; I/O pins                                    ; 236                  ;
; Total memory bits                           ; 65536                ;
; Maximum fan-out node                        ; reset:inst|reset_out ;
; Maximum fan-out                             ; 222                  ;
; Total fan-out                               ; 3748                 ;
; Average fan-out                             ; 3.42                 ;
+---------------------------------------------+----------------------+


+---------------------------------------------------------------------------------------------------------------------------------------------------------------------------------------------------------------------------------------------------------------------------------------------------------------+
; Analysis & Synthesis Resource Utilization by Entity                                                                                                                                                                                                                                                           ;
+----------------------------------------------+-------------+--------------+-------------+------+--------------+--------------+-------------------+------------------+-----------------+------------+-------------------------------------------------------------------------------------------+--------------+
; Compilation Hierarchy Node                   ; Logic Cells ; LC Registers ; Memory Bits ; Pins ; Virtual Pins ; LUT-Only LCs ; Register-Only LCs ; LUT/Register LCs ; Carry Chain LCs ; Packed LCs ; Full Hierarchy Name                                                                       ; Library Name ;
+----------------------------------------------+-------------+--------------+-------------+------+--------------+--------------+-------------------+------------------+-----------------+------------+-------------------------------------------------------------------------------------------+--------------+
; |digicom                                     ; 843 (1)     ; 233          ; 65536       ; 236  ; 0            ; 610 (1)      ; 78 (0)            ; 155 (0)          ; 129 (0)         ; 0 (0)      ; |digicom                                                                                  ; work         ;
;    |addlogic:inst2|                          ; 55 (55)     ; 2            ; 0           ; 0    ; 0            ; 53 (53)      ; 1 (1)             ; 1 (1)            ; 17 (17)         ; 0 (0)      ; |digicom|addlogic:inst2                                                                   ; work         ;
;    |control:inst1|                           ; 64 (64)     ; 0            ; 0           ; 0    ; 0            ; 64 (64)      ; 0 (0)             ; 0 (0)            ; 0 (0)           ; 0 (0)      ; |digicom|control:inst1                                                                    ; work         ;
;    |decoder:inst9|                           ; 8 (8)       ; 8            ; 0           ; 0    ; 0            ; 0 (0)        ; 0 (0)             ; 8 (8)            ; 0 (0)           ; 0 (0)      ; |digicom|decoder:inst9                                                                    ; work         ;
;    |inpoutp:inst4|                           ; 97 (97)     ; 36           ; 0           ; 0    ; 0            ; 61 (61)      ; 11 (11)           ; 25 (25)          ; 0 (0)           ; 0 (0)      ; |digicom|inpoutp:inst4                                                                    ; work         ;
;    |lpm_ram_io:inst6|                        ; 18 (18)     ; 0            ; 65536       ; 0    ; 0            ; 18 (18)      ; 0 (0)             ; 0 (0)            ; 0 (0)           ; 0 (0)      ; |digicom|lpm_ram_io:inst6                                                                 ; work         ;
;       |altram:sram|                          ; 0 (0)       ; 0            ; 65536       ; 0    ; 0            ; 0 (0)        ; 0 (0)             ; 0 (0)            ; 0 (0)           ; 0 (0)      ; |digicom|lpm_ram_io:inst6|altram:sram                                                     ; work         ;
;          |altsyncram:ram_block|              ; 0 (0)       ; 0            ; 65536       ; 0    ; 0            ; 0 (0)        ; 0 (0)             ; 0 (0)            ; 0 (0)           ; 0 (0)      ; |digicom|lpm_ram_io:inst6|altram:sram|altsyncram:ram_block                                ; work         ;
;             |altsyncram_2891:auto_generated| ; 0 (0)       ; 0            ; 65536       ; 0    ; 0            ; 0 (0)        ; 0 (0)             ; 0 (0)            ; 0 (0)           ; 0 (0)      ; |digicom|lpm_ram_io:inst6|altram:sram|altsyncram:ram_block|altsyncram_2891:auto_generated ; work         ;
;    |reg:inst5|                               ; 374 (374)   ; 117          ; 0           ; 0    ; 0            ; 257 (257)    ; 61 (61)           ; 56 (56)          ; 56 (56)         ; 0 (0)      ; |digicom|reg:inst5                                                                        ; work         ;
;    |regOut:inst11|                           ; 126 (126)   ; 4            ; 0           ; 0    ; 0            ; 122 (122)    ; 0 (0)             ; 4 (4)            ; 0 (0)           ; 0 (0)      ; |digicom|regOut:inst11                                                                    ; work         ;
;    |reset:inst|                              ; 27 (27)     ; 21           ; 0           ; 0    ; 0            ; 6 (6)        ; 0 (0)             ; 21 (21)          ; 19 (19)         ; 0 (0)      ; |digicom|reset:inst                                                                       ; work         ;
;    |scounter:inst3|                          ; 73 (73)     ; 45           ; 0           ; 0    ; 0            ; 28 (28)      ; 5 (5)             ; 40 (40)          ; 37 (37)         ; 0 (0)      ; |digicom|scounter:inst3                                                                   ; work         ;
+----------------------------------------------+-------------+--------------+-------------+------+--------------+--------------+-------------------+------------------+-----------------+------------+-------------------------------------------------------------------------------------------+--------------+
Note: For table entries with two numbers listed, the numbers in parentheses indicate the number of resources of the given type used by the specific entity alone. The numbers listed outside of parentheses indicate the total resources of the given type used by the specific entity and all of its sub-entities in the hierarchy.


+------------------------------------------------------------------------------------------------------------------------------------------------------------------------------------------------+
; Analysis & Synthesis RAM Summary                                                                                                                                                               ;
+---------------------------------------------------------------------------------------------+------+-------------+--------------+--------------+--------------+--------------+-------+---------+
; Name                                                                                        ; Type ; Mode        ; Port A Depth ; Port A Width ; Port B Depth ; Port B Width ; Size  ; MIF     ;
+---------------------------------------------------------------------------------------------+------+-------------+--------------+--------------+--------------+--------------+-------+---------+
; lpm_ram_io:inst6|altram:sram|altsyncram:ram_block|altsyncram_2891:auto_generated|ALTSYNCRAM ; AUTO ; Single Port ; 4096         ; 16           ; --           ; --           ; 65536 ; ex1.mif ;
+---------------------------------------------------------------------------------------------+------+-------------+--------------+--------------+--------------+--------------+-------+---------+


+----------------------------------------------------------------------------------------------------+
; User-Specified and Inferred Latches                                                                ;
+----------------------------------------------------+----------------------+------------------------+
; Latch Name                                         ; Latch Enable Signal  ; Free of Timing Hazards ;
+----------------------------------------------------+----------------------+------------------------+
; regOut:inst11|register_led[7]                      ; reset:inst|reset_out ; yes                    ;
; regOut:inst11|register_led[6]                      ; reset:inst|reset_out ; yes                    ;
; regOut:inst11|register_led[5]                      ; reset:inst|reset_out ; yes                    ;
; regOut:inst11|register_led[4]                      ; reset:inst|reset_out ; yes                    ;
; regOut:inst11|register_led[3]                      ; reset:inst|reset_out ; yes                    ;
; regOut:inst11|register_led[2]                      ; reset:inst|reset_out ; yes                    ;
; regOut:inst11|register_led[1]                      ; reset:inst|reset_out ; yes                    ;
; regOut:inst11|register_led[0]                      ; reset:inst|reset_out ; yes                    ;
; Number of user-specified and inferred latches = 8  ;                      ;                        ;
+----------------------------------------------------+----------------------+------------------------+
Note: All latches listed above may not be present at the end of synthesis due to various synthesis optimizations.


+--------------------------------------------------------------------------------+
; Registers Removed During Synthesis                                             ;
+---------------------------------------+----------------------------------------+
; Register name                         ; Reason for Removal                     ;
+---------------------------------------+----------------------------------------+
; inpoutp:inst4|input[4..7]             ; Stuck at GND due to stuck port data_in ;
; Total Number of Removed Registers = 4 ;                                        ;
+---------------------------------------+----------------------------------------+


+------------------------------------------------------+
; General Register Statistics                          ;
+----------------------------------------------+-------+
; Statistic                                    ; Value ;
+----------------------------------------------+-------+
; Total registers                              ; 233   ;
; Number of registers using Synchronous Clear  ; 32    ;
; Number of registers using Synchronous Load   ; 21    ;
; Number of registers using Asynchronous Clear ; 189   ;
; Number of registers using Asynchronous Load  ; 17    ;
; Number of registers using Clock Enable       ; 132   ;
; Number of registers using Preset             ; 0     ;
+----------------------------------------------+-------+


+---------------------------------------------------+
; Inverted Register Statistics                      ;
+-----------------------------------------+---------+
; Inverted Register                       ; Fan out ;
+-----------------------------------------+---------+
; scounter:inst3|hlt_stop                 ; 3       ;
; reg:inst5|pc[8]                         ; 4       ;
; inpoutp:inst4|fgo_clk                   ; 1       ;
; inpoutp:inst4|keyIn_node[15]            ; 1       ;
; inpoutp:inst4|keyIn_node[14]            ; 1       ;
; inpoutp:inst4|keyIn_node[13]            ; 1       ;
; inpoutp:inst4|keyIn_node[12]            ; 1       ;
; inpoutp:inst4|keyIn_node[11]            ; 1       ;
; inpoutp:inst4|keyIn_node[10]            ; 1       ;
; inpoutp:inst4|keyIn_node[9]             ; 1       ;
; inpoutp:inst4|keyIn_node[8]             ; 1       ;
; inpoutp:inst4|keyIn_node[7]             ; 1       ;
; inpoutp:inst4|keyIn_node[6]             ; 1       ;
; inpoutp:inst4|keyIn_node[5]             ; 1       ;
; inpoutp:inst4|keyIn_node[4]             ; 1       ;
; inpoutp:inst4|keyIn_node[3]             ; 1       ;
; inpoutp:inst4|keyIn_node[2]             ; 1       ;
; inpoutp:inst4|keyIn_node[1]             ; 1       ;
; inpoutp:inst4|keyIn_node[0]             ; 1       ;
; regOut:inst11|select_node               ; 3       ;
; Total number of inverted registers = 20 ;         ;
+-----------------------------------------+---------+


+---------------------------------------------------------------------------------------------------------------------------------------------------+
; Multiplexer Restructuring Statistics (Restructuring Performed)                                                                                    ;
+--------------------+-----------+---------------+----------------------+------------------------+------------+-------------------------------------+
; Multiplexer Inputs ; Bus Width ; Baseline Area ; Area if Restructured ; Saving if Restructured ; Registered ; Example Multiplexer Output          ;
+--------------------+-----------+---------------+----------------------+------------------------+------------+-------------------------------------+
; 3:1                ; 11 bits   ; 22 LEs        ; 22 LEs               ; 0 LEs                  ; Yes        ; |digicom|reg:inst5|pc[5]            ;
; 4:1                ; 12 bits   ; 24 LEs        ; 24 LEs               ; 0 LEs                  ; Yes        ; |digicom|reg:inst5|ar[2]            ;
; 24:1               ; 11 bits   ; 176 LEs       ; 55 LEs               ; 121 LEs                ; Yes        ; |digicom|reg:inst5|ac[8]            ;
; 28:1               ; 3 bits    ; 54 LEs        ; 18 LEs               ; 36 LEs                 ; Yes        ; |digicom|reg:inst5|ac[3]            ;
; 9:1                ; 4 bits    ; 24 LEs        ; 16 LEs               ; 8 LEs                  ; No         ; |digicom|regOut:inst11|reg_node[12] ;
; 9:1                ; 4 bits    ; 24 LEs        ; 24 LEs               ; 0 LEs                  ; No         ; |digicom|regOut:inst11|reg_node[9]  ;
; 9:1                ; 4 bits    ; 24 LEs        ; 20 LEs               ; 4 LEs                  ; No         ; |digicom|regOut:inst11|reg_node[4]  ;
; 9:1                ; 4 bits    ; 24 LEs        ; 24 LEs               ; 0 LEs                  ; No         ; |digicom|regOut:inst11|reg_node[0]  ;
; 6:1                ; 15 bits   ; 60 LEs        ; 15 LEs               ; 45 LEs                 ; No         ; |digicom|addlogic:inst2|Mux15       ;
; 128:1              ; 4 bits    ; 340 LEs       ; 24 LEs               ; 316 LEs                ; No         ; |digicom|reg:inst5|Mux0             ;
; 6:1                ; 16 bits   ; 64 LEs        ; 0 LEs                ; 64 LEs                 ; No         ; |digicom|reg:inst5|Mux23            ;
; 70:1               ; 12 bits   ; 552 LEs       ; 96 LEs               ; 456 LEs                ; No         ; |digicom|reg:inst5|Mux10            ;
+--------------------+-----------+---------------+----------------------+------------------------+------------+-------------------------------------+


+---------------------------------------------------------------------------------------------------------+
; Source assignments for LPM_RAM_IO:inst6|altram:sram|altsyncram:ram_block|altsyncram_2891:auto_generated ;
+---------------------------------+--------------------+------+-------------------------------------------+
; Assignment                      ; Value              ; From ; To                                        ;
+---------------------------------+--------------------+------+-------------------------------------------+
; OPTIMIZE_POWER_DURING_SYNTHESIS ; NORMAL_COMPILATION ; -    ; -                                         ;
+---------------------------------+--------------------+------+-------------------------------------------+


+---------------------------------------------------------------+
; Parameter Settings for User Entity Instance: LPM_RAM_IO:inst6 ;
+------------------------+--------------+-----------------------+
; Parameter Name         ; Value        ; Type                  ;
+------------------------+--------------+-----------------------+
; LPM_WIDTH              ; 16           ; Untyped               ;
; LPM_WIDTHAD            ; 12           ; Untyped               ;
; LPM_NUMWORDS           ; 4096         ; Untyped               ;
; LPM_INDATA             ; REGISTERED   ; Untyped               ;
; LPM_ADDRESS_CONTROL    ; REGISTERED   ; Untyped               ;
; LPM_OUTDATA            ; UNREGISTERED ; Untyped               ;
; LPM_FILE               ; ex1.mif      ; Untyped               ;
; USE_EAB                ; ON           ; Untyped               ;
; DEVICE_FAMILY          ; Cyclone      ; Untyped               ;
; AUTO_CARRY_CHAINS      ; ON           ; AUTO_CARRY            ;
; IGNORE_CARRY_BUFFERS   ; OFF          ; IGNORE_CARRY          ;
; AUTO_CASCADE_CHAINS    ; ON           ; AUTO_CASCADE          ;
; IGNORE_CASCADE_BUFFERS ; OFF          ; IGNORE_CASCADE        ;
+------------------------+--------------+-----------------------+
Note: In order to hide this table in the UI and the text report file, please set the "Show Parameter Settings Tables in Synthesis Report" option in "Analysis and Synthesis Settings -> More Settings" to "Off".


+-------------------------------+
; Analysis & Synthesis Messages ;
+-------------------------------+
Info: *******************************************************************
Info: Running Quartus II Analysis & Synthesis
    Info: Version 8.0 Build 231 07/10/2008 Service Pack 1 SJ Web Edition
    Info: Processing started: Wed Mar 25 15:59:58 2009
Info: Command: quartus_map --read_settings_files=on --write_settings_files=off digicom -c digicom
Info: Found 2 design units, including 1 entities, in source file addlogic.vhd
    Info: Found design unit 1: addlogic-addlogic_arch
    Info: Found entity 1: addlogic
Info: Found 2 design units, including 1 entities, in source file control.vhd
    Info: Found design unit 1: control-control_arch
    Info: Found entity 1: control
Info: Found 2 design units, including 1 entities, in source file decoder.vhd
    Info: Found design unit 1: decoder-decoder
    Info: Found entity 1: decoder
Info: Found 1 design units, including 1 entities, in source file digicom.bdf
    Info: Found entity 1: digicom
Info: Found 2 design units, including 1 entities, in source file inpoutp.vhd
    Info: Found design unit 1: inpoutp-inpoutp_arch
    Info: Found entity 1: inpoutp
Info: Found 2 design units, including 1 entities, in source file reg.vhd
    Info: Found design unit 1: reg-regs_arch
    Info: Found entity 1: reg
Info: Found 2 design units, including 1 entities, in source file regOut.vhd
    Info: Found design unit 1: regOut-design
    Info: Found entity 1: regOut
Info: Found 2 design units, including 1 entities, in source file reset.vhd
    Info: Found design unit 1: reset-simplecom
    Info: Found entity 1: reset
Info: Found 2 design units, including 1 entities, in source file scounter.vhd
    Info: Found design unit 1: scounter-simplecom
    Info: Found entity 1: scounter
Info: Elaborating entity "digicom" for the top level hierarchy
Warning: Can't find a definition for parameter LPM_FILE -- assuming ex1.mif was intended to be a quoted string
Info: Elaborating entity "inpoutp" for hierarchy "inpoutp:inst4"
Info: Elaborating entity "reset" for hierarchy "reset:inst"
Info: Elaborating entity "scounter" for hierarchy "scounter:inst3"
Info: Elaborating entity "control" for hierarchy "control:inst1"
Info: Elaborating entity "reg" for hierarchy "reg:inst5"
Info: Elaborating entity "addlogic" for hierarchy "addlogic:inst2"
Info: Elaborating entity "LPM_RAM_IO" for hierarchy "LPM_RAM_IO:inst6"
Info: Elaborated megafunction instantiation "LPM_RAM_IO:inst6"
Info: Instantiated megafunction "LPM_RAM_IO:inst6" with the following parameter:
    Info: Parameter "LPM_ADDRESS_CONTROL" = "REGISTERED"
    Info: Parameter "LPM_FILE" = "ex1.mif"
    Info: Parameter "LPM_INDATA" = "REGISTERED"
    Info: Parameter "LPM_NUMWORDS" = "4096"
    Info: Parameter "LPM_OUTDATA" = "UNREGISTERED"
    Info: Parameter "LPM_WIDTH" = "16"
    Info: Parameter "LPM_WIDTHAD" = "12"
Info: Elaborating entity "altram" for hierarchy "LPM_RAM_IO:inst6|altram:sram"
Warning: Assertion warning: altram does not support Cyclone device family -- attempting best-case memory conversions, but power-up states and read during write behavior will be different for Cyclone devices
Info: Elaborated megafunction instantiation "LPM_RAM_IO:inst6|altram:sram", which is child of megafunction instantiation "LPM_RAM_IO:inst6"
Info: Elaborating entity "altsyncram" for hierarchy "LPM_RAM_IO:inst6|altram:sram|altsyncram:ram_block"
Info: Elaborated megafunction instantiation "LPM_RAM_IO:inst6|altram:sram|altsyncram:ram_block", which is child of megafunction instantiation "LPM_RAM_IO:inst6"
Info: Found 1 design units, including 1 entities, in source file db/altsyncram_2891.tdf
    Info: Found entity 1: altsyncram_2891
Info: Elaborating entity "altsyncram_2891" for hierarchy "LPM_RAM_IO:inst6|altram:sram|altsyncram:ram_block|altsyncram_2891:auto_generated"
Info: Elaborating entity "decoder" for hierarchy "decoder:inst9"
Info: Elaborating entity "regOut" for hierarchy "regOut:inst11"
Warning (10631): VHDL Process Statement warning at regOut.vhd(48): inferring latch(es) for signal or variable "register_led", which holds its previous value in one or more paths through the process
Info (10041): Inferred latch for "register_led[0]" at regOut.vhd(48)
Info (10041): Inferred latch for "register_led[1]" at regOut.vhd(48)
Info (10041): Inferred latch for "register_led[2]" at regOut.vhd(48)
Info (10041): Inferred latch for "register_led[3]" at regOut.vhd(48)
Info (10041): Inferred latch for "register_led[4]" at regOut.vhd(48)
Info (10041): Inferred latch for "register_led[5]" at regOut.vhd(48)
Info (10041): Inferred latch for "register_led[6]" at regOut.vhd(48)
Info (10041): Inferred latch for "register_led[7]" at regOut.vhd(48)
Warning (14130): Reduced register "inpoutp:inst4|input[7]" with stuck data_in port to stuck value GND
Warning (14130): Reduced register "inpoutp:inst4|input[6]" with stuck data_in port to stuck value GND
Warning (14130): Reduced register "inpoutp:inst4|input[5]" with stuck data_in port to stuck value GND
Warning (14130): Reduced register "inpoutp:inst4|input[4]" with stuck data_in port to stuck value GND
Warning: Tri-state node(s) do not directly drive top-level pin(s)
    Warning: Converted the fan-out from the tri-state buffer "lpm_ram_io:inst6|datatri[7]" to the node "lpm_ram_io:inst6|altram:sram|altsyncram:ram_block|altsyncram_2891:auto_generated|q_a[7]" into an OR gate
    Warning: Converted the fan-out from the tri-state buffer "lpm_ram_io:inst6|datatri[6]" to the node "lpm_ram_io:inst6|altram:sram|altsyncram:ram_block|altsyncram_2891:auto_generated|q_a[6]" into an OR gate
    Warning: Converted the fan-out from the tri-state buffer "lpm_ram_io:inst6|datatri[5]" to the node "lpm_ram_io:inst6|altram:sram|altsyncram:ram_block|altsyncram_2891:auto_generated|q_a[5]" into an OR gate
    Warning: Converted the fan-out from the tri-state buffer "lpm_ram_io:inst6|datatri[4]" to the node "lpm_ram_io:inst6|altram:sram|altsyncram:ram_block|altsyncram_2891:auto_generated|q_a[4]" into an OR gate
    Warning: Converted the fan-out from the tri-state buffer "lpm_ram_io:inst6|datatri[3]" to the node "lpm_ram_io:inst6|altram:sram|altsyncram:ram_block|altsyncram_2891:auto_generated|q_a[3]" into an OR gate
    Warning: Converted the fan-out from the tri-state buffer "lpm_ram_io:inst6|datatri[2]" to the node "lpm_ram_io:inst6|altram:sram|altsyncram:ram_block|altsyncram_2891:auto_generated|q_a[2]" into an OR gate
    Warning: Converted the fan-out from the tri-state buffer "lpm_ram_io:inst6|datatri[1]" to the node "lpm_ram_io:inst6|altram:sram|altsyncram:ram_block|altsyncram_2891:auto_generated|q_a[1]" into an OR gate
    Warning: Converted the fan-out from the tri-state buffer "lpm_ram_io:inst6|datatri[0]" to the node "lpm_ram_io:inst6|altram:sram|altsyncram:ram_block|altsyncram_2891:auto_generated|q_a[0]" into an OR gate
    Warning: Converted the fan-out from the tri-state buffer "lpm_ram_io:inst6|datatri[8]" to the node "lpm_ram_io:inst6|altram:sram|altsyncram:ram_block|altsyncram_2891:auto_generated|q_a[8]" into an OR gate
    Warning: Converted the fan-out from the tri-state buffer "lpm_ram_io:inst6|datatri[9]" to the node "lpm_ram_io:inst6|altram:sram|altsyncram:ram_block|altsyncram_2891:auto_generated|q_a[9]" into an OR gate
    Warning: Converted the fan-out from the tri-state buffer "lpm_ram_io:inst6|datatri[10]" to the node "lpm_ram_io:inst6|altram:sram|altsyncram:ram_block|altsyncram_2891:auto_generated|q_a[10]" into an OR gate
    Warning: Converted the fan-out from the tri-state buffer "lpm_ram_io:inst6|datatri[11]" to the node "lpm_ram_io:inst6|altram:sram|altsyncram:ram_block|altsyncram_2891:auto_generated|q_a[11]" into an OR gate
    Warning: Converted the fan-out from the tri-state buffer "lpm_ram_io:inst6|datatri[12]" to the node "lpm_ram_io:inst6|altram:sram|altsyncram:ram_block|altsyncram_2891:auto_generated|q_a[12]" into an OR gate
    Warning: Converted the fan-out from the tri-state buffer "lpm_ram_io:inst6|datatri[13]" to the node "lpm_ram_io:inst6|altram:sram|altsyncram:ram_block|altsyncram_2891:auto_generated|q_a[13]" into an OR gate
    Warning: Converted the fan-out from the tri-state buffer "lpm_ram_io:inst6|datatri[14]" to the node "lpm_ram_io:inst6|altram:sram|altsyncram:ram_block|altsyncram_2891:auto_generated|q_a[14]" into an OR gate
    Warning: Converted the fan-out from the tri-state buffer "lpm_ram_io:inst6|datatri[15]" to the node "lpm_ram_io:inst6|altram:sram|altsyncram:ram_block|altsyncram_2891:auto_generated|q_a[15]" into an OR gate
Warning: Output pins are stuck at VCC or GND
    Warning (13410): Pin "inpr[7]" is stuck at GND
    Warning (13410): Pin "inpr[6]" is stuck at GND
    Warning (13410): Pin "inpr[5]" is stuck at GND
    Warning (13410): Pin "inpr[4]" is stuck at GND
    Warning (13410): Pin "segOut1[0]" is stuck at GND
    Warning (13410): Pin "segOut2[0]" is stuck at GND
    Warning (13410): Pin "selected_reg[24]" is stuck at GND
    Warning (13410): Pin "selected_reg[16]" is stuck at GND
    Warning (13410): Pin "selected_reg[8]" is stuck at GND
    Warning (13410): Pin "selected_reg[0]" is stuck at GND
Info: Registers with preset signals will power-up high
Info: Implemented 1095 device resources after synthesis - the final resource count might be different
    Info: Implemented 20 input pins
    Info: Implemented 216 output pins
    Info: Implemented 843 logic cells
    Info: Implemented 16 RAM segments
Info: Quartus II Analysis & Synthesis was successful. 0 errors, 35 warnings
    Info: Peak virtual memory: 191 megabytes
    Info: Processing ended: Wed Mar 25 16:00:09 2009
    Info: Elapsed time: 00:00:11
    Info: Total CPU time (on all processors): 00:00:08


