Analysis & Synthesis report for nBitAddSub2_vhdl
Sun Mar 08 22:24:20 2009
Quartus II Version 8.0 Build 231 07/10/2008 Service Pack 1 SJ Web Edition


---------------------
; Table of Contents ;
---------------------
  1. Legal Notice
  2. Analysis & Synthesis Summary
  3. Analysis & Synthesis Settings
  4. Analysis & Synthesis Source Files Read
  5. Analysis & Synthesis Resource Usage Summary
  6. Analysis & Synthesis Resource Utilization by Entity
  7. General Register Statistics
  8. Parameter Settings for Inferred Entity Instance: lpm_add_sub:Add0
  9. Analysis & Synthesis Messages



----------------
; Legal Notice ;
----------------
Copyright (C) 1991-2008 Altera Corporation
Your use of Altera Corporation's design tools, logic functions 
and other software and tools, and its AMPP partner logic 
functions, and any output files from any of the foregoing 
(including device programming or simulation files), and any 
associated documentation or information are expressly subject 
to the terms and conditions of the Altera Program License 
Subscription Agreement, Altera MegaCore Function License 
Agreement, or other applicable license agreement, including, 
without limitation, that your use is for the sole purpose of 
programming logic devices manufactured by Altera and sold by 
Altera or its authorized distributors.  Please refer to the 
applicable agreement for further details.



+----------------------------------------------------------------------------+
; Analysis & Synthesis Summary                                               ;
+-----------------------------+----------------------------------------------+
; Analysis & Synthesis Status ; Successful - Sun Mar 08 22:24:19 2009        ;
; Quartus II Version          ; 8.0 Build 231 07/10/2008 SP 1 SJ Web Edition ;
; Revision Name               ; nBitAddSub2_vhdl                             ;
; Top-level Entity Name       ; nBitAddSub2_vhdl                             ;
; Family                      ; Cyclone                                      ;
; Total logic elements        ; 29                                           ;
; Total pins                  ; 32                                           ;
; Total virtual pins          ; 0                                            ;
; Total memory bits           ; 0                                            ;
; DSP block 9-bit elements    ; N/A until Partition Merge                    ;
; Total PLLs                  ; 0                                            ;
; Total DLLs                  ; N/A until Partition Merge                    ;
+-----------------------------+----------------------------------------------+


+--------------------------------------------------------------------------------------------------------+
; Analysis & Synthesis Settings                                                                          ;
+--------------------------------------------------------------+--------------------+--------------------+
; Option                                                       ; Setting            ; Default Value      ;
+--------------------------------------------------------------+--------------------+--------------------+
; Device                                                       ; EP1C4F324C8        ;                    ;
; Top-level entity name                                        ; nBitAddSub2_vhdl   ; nBitAddSub2_vhdl   ;
; Family name                                                  ; Cyclone            ; Stratix II         ;
; Use Generated Physical Constraints File                      ; Off                ;                    ;
; Use smart compilation                                        ; Off                ; Off                ;
; Maximum processors allowed for parallel compilation          ; 1                  ; 1                  ;
; Restructure Multiplexers                                     ; Auto               ; Auto               ;
; Create Debugging Nodes for IP Cores                          ; Off                ; Off                ;
; Preserve fewer node names                                    ; On                 ; On                 ;
; Disable OpenCore Plus hardware evaluation                    ; Off                ; Off                ;
; Verilog Version                                              ; Verilog_2001       ; Verilog_2001       ;
; VHDL Version                                                 ; VHDL93             ; VHDL93             ;
; State Machine Processing                                     ; Auto               ; Auto               ;
; Safe State Machine                                           ; Off                ; Off                ;
; Extract Verilog State Machines                               ; On                 ; On                 ;
; Extract VHDL State Machines                                  ; On                 ; On                 ;
; Ignore Verilog initial constructs                            ; Off                ; Off                ;
; Iteration limit for constant Verilog loops                   ; 5000               ; 5000               ;
; Iteration limit for non-constant Verilog loops               ; 250                ; 250                ;
; Add Pass-Through Logic to Inferred RAMs                      ; On                 ; On                 ;
; Parallel Synthesis                                           ; Off                ; Off                ;
; NOT Gate Push-Back                                           ; On                 ; On                 ;
; Power-Up Don't Care                                          ; On                 ; On                 ;
; Remove Redundant Logic Cells                                 ; Off                ; Off                ;
; Remove Duplicate Registers                                   ; On                 ; On                 ;
; Ignore CARRY Buffers                                         ; Off                ; Off                ;
; Ignore CASCADE Buffers                                       ; Off                ; Off                ;
; Ignore GLOBAL Buffers                                        ; Off                ; Off                ;
; Ignore ROW GLOBAL Buffers                                    ; Off                ; Off                ;
; Ignore LCELL Buffers                                         ; Off                ; Off                ;
; Ignore SOFT Buffers                                          ; On                 ; On                 ;
; Limit AHDL Integers to 32 Bits                               ; Off                ; Off                ;
; Optimization Technique                                       ; Balanced           ; Balanced           ;
; Carry Chain Length                                           ; 70                 ; 70                 ;
; Auto Carry Chains                                            ; On                 ; On                 ;
; Auto Open-Drain Pins                                         ; On                 ; On                 ;
; Perform WYSIWYG Primitive Resynthesis                        ; Off                ; Off                ;
; Perform gate-level register retiming                         ; Off                ; Off                ;
; Allow register retiming to trade off Tsu/Tco with Fmax       ; On                 ; On                 ;
; Auto ROM Replacement                                         ; On                 ; On                 ;
; Auto RAM Replacement                                         ; On                 ; On                 ;
; Auto Shift Register Replacement                              ; Auto               ; Auto               ;
; Auto Clock Enable Replacement                                ; On                 ; On                 ;
; Strict RAM Replacement                                       ; Off                ; Off                ;
; Allow Synchronous Control Signals                            ; On                 ; On                 ;
; Force Use of Synchronous Clear Signals                       ; Off                ; Off                ;
; Auto RAM Block Balancing                                     ; On                 ; On                 ;
; Auto RAM to Logic Cell Conversion                            ; Off                ; Off                ;
; Auto Resource Sharing                                        ; Off                ; Off                ;
; Allow Any RAM Size For Recognition                           ; Off                ; Off                ;
; Allow Any ROM Size For Recognition                           ; Off                ; Off                ;
; Allow Any Shift Register Size For Recognition                ; Off                ; Off                ;
; Ignore translate_off and synthesis_off directives            ; Off                ; Off                ;
; Show Parameter Settings Tables in Synthesis Report           ; On                 ; On                 ;
; Ignore Maximum Fan-Out Assignments                           ; Off                ; Off                ;
; Synchronization Register Chain Length                        ; 2                  ; 2                  ;
; PowerPlay Power Optimization                                 ; Normal compilation ; Normal compilation ;
; HDL message level                                            ; Level2             ; Level2             ;
; Suppress Register Optimization Related Messages              ; Off                ; Off                ;
; Number of Removed Registers Reported in Synthesis Report     ; 100                ; 100                ;
; Number of Inverted Registers Reported in Synthesis Report    ; 100                ; 100                ;
; Clock MUX Protection                                         ; On                 ; On                 ;
; Block Design Naming                                          ; Auto               ; Auto               ;
; Synthesis Effort                                             ; Auto               ; Auto               ;
; Shift Register Replacement - Allow Asynchronous Clear Signal ; On                 ; On                 ;
+--------------------------------------------------------------+--------------------+--------------------+


+----------------------------------------------------------------------------------------------------------------------------------------------------------------------+
; Analysis & Synthesis Source Files Read                                                                                                                               ;
+----------------------------------+-----------------+-----------------+-----------------------------------------------------------------------------------------------+
; File Name with User-Entered Path ; Used in Netlist ; File Type       ; File Name with Absolute Path                                                                  ;
+----------------------------------+-----------------+-----------------+-----------------------------------------------------------------------------------------------+
; nBitAddSub2_vhdl.vhd             ; yes             ; User VHDL File  ; G:/Work2008/NowWorking/DigComV32/자료모음/DigitalDesign/nBitAddSub2_vhdl/nBitAddSub2_vhdl.vhd ;
; lpm_add_sub.tdf                  ; yes             ; Megafunction    ; c:/altera/80sp1/quartus/libraries/megafunctions/lpm_add_sub.tdf                               ;
; addcore.inc                      ; yes             ; Megafunction    ; c:/altera/80sp1/quartus/libraries/megafunctions/addcore.inc                                   ;
; look_add.inc                     ; yes             ; Megafunction    ; c:/altera/80sp1/quartus/libraries/megafunctions/look_add.inc                                  ;
; bypassff.inc                     ; yes             ; Megafunction    ; c:/altera/80sp1/quartus/libraries/megafunctions/bypassff.inc                                  ;
; altshift.inc                     ; yes             ; Megafunction    ; c:/altera/80sp1/quartus/libraries/megafunctions/altshift.inc                                  ;
; alt_stratix_add_sub.inc          ; yes             ; Megafunction    ; c:/altera/80sp1/quartus/libraries/megafunctions/alt_stratix_add_sub.inc                       ;
; alt_mercury_add_sub.inc          ; yes             ; Megafunction    ; c:/altera/80sp1/quartus/libraries/megafunctions/alt_mercury_add_sub.inc                       ;
; aglobal80.inc                    ; yes             ; Megafunction    ; c:/altera/80sp1/quartus/libraries/megafunctions/aglobal80.inc                                 ;
; alt_stratix_add_sub.tdf          ; yes             ; Megafunction    ; c:/altera/80sp1/quartus/libraries/megafunctions/alt_stratix_add_sub.tdf                       ;
; stratix_lcell.inc                ; yes             ; Megafunction    ; c:/altera/80sp1/quartus/libraries/megafunctions/stratix_lcell.inc                             ;
+----------------------------------+-----------------+-----------------+-----------------------------------------------------------------------------------------------+


+------------------------------------------------------------------------------------------------------------+
; Analysis & Synthesis Resource Usage Summary                                                                ;
+---------------------------------------------+--------------------------------------------------------------+
; Resource                                    ; Usage                                                        ;
+---------------------------------------------+--------------------------------------------------------------+
; Total logic elements                        ; 29                                                           ;
;     -- Combinational with no register       ; 29                                                           ;
;     -- Register only                        ; 0                                                            ;
;     -- Combinational with a register        ; 0                                                            ;
;                                             ;                                                              ;
; Logic element usage by number of LUT inputs ;                                                              ;
;     -- 4 input functions                    ; 12                                                           ;
;     -- 3 input functions                    ; 9                                                            ;
;     -- 2 input functions                    ; 6                                                            ;
;     -- 1 input functions                    ; 2                                                            ;
;     -- 0 input functions                    ; 0                                                            ;
;                                             ;                                                              ;
; Logic elements by mode                      ;                                                              ;
;     -- normal mode                          ; 17                                                           ;
;     -- arithmetic mode                      ; 12                                                           ;
;     -- qfbk mode                            ; 0                                                            ;
;     -- register cascade mode                ; 0                                                            ;
;     -- synchronous clear/load mode          ; 0                                                            ;
;     -- asynchronous clear/load mode         ; 0                                                            ;
;                                             ;                                                              ;
; Total registers                             ; 0                                                            ;
; Total logic cells in carry chains           ; 15                                                           ;
; I/O pins                                    ; 32                                                           ;
; Maximum fan-out node                        ; lpm_add_sub:Add0|alt_stratix_add_sub:stratix_adder|result[0] ;
; Maximum fan-out                             ; 13                                                           ;
; Total fan-out                               ; 111                                                          ;
; Average fan-out                             ; 1.82                                                         ;
+---------------------------------------------+--------------------------------------------------------------+


+---------------------------------------------------------------------------------------------------------------------------------------------------------------------------------------------------------------------------------------------------------------------------------------+
; Analysis & Synthesis Resource Utilization by Entity                                                                                                                                                                                                                                   ;
+-------------------------------------------+-------------+--------------+-------------+------+--------------+--------------+-------------------+------------------+-----------------+------------+----------------------------------------------------------------------+--------------+
; Compilation Hierarchy Node                ; Logic Cells ; LC Registers ; Memory Bits ; Pins ; Virtual Pins ; LUT-Only LCs ; Register-Only LCs ; LUT/Register LCs ; Carry Chain LCs ; Packed LCs ; Full Hierarchy Name                                                  ; Library Name ;
+-------------------------------------------+-------------+--------------+-------------+------+--------------+--------------+-------------------+------------------+-----------------+------------+----------------------------------------------------------------------+--------------+
; |nBitAddSub2_vhdl                         ; 29 (24)     ; 0            ; 0           ; 32   ; 0            ; 29 (24)      ; 0 (0)             ; 0 (0)            ; 15 (10)         ; 0 (0)      ; |nBitAddSub2_vhdl                                                    ; work         ;
;    |lpm_add_sub:Add0|                     ; 5 (0)       ; 0            ; 0           ; 0    ; 0            ; 5 (0)        ; 0 (0)             ; 0 (0)            ; 5 (0)           ; 0 (0)      ; |nBitAddSub2_vhdl|lpm_add_sub:Add0                                   ; work         ;
;       |alt_stratix_add_sub:stratix_adder| ; 5 (5)       ; 0            ; 0           ; 0    ; 0            ; 5 (5)        ; 0 (0)             ; 0 (0)            ; 5 (5)           ; 0 (0)      ; |nBitAddSub2_vhdl|lpm_add_sub:Add0|alt_stratix_add_sub:stratix_adder ; work         ;
+-------------------------------------------+-------------+--------------+-------------+------+--------------+--------------+-------------------+------------------+-----------------+------------+----------------------------------------------------------------------+--------------+
Note: For table entries with two numbers listed, the numbers in parentheses indicate the number of resources of the given type used by the specific entity alone. The numbers listed outside of parentheses indicate the total resources of the given type used by the specific entity and all of its sub-entities in the hierarchy.


+------------------------------------------------------+
; General Register Statistics                          ;
+----------------------------------------------+-------+
; Statistic                                    ; Value ;
+----------------------------------------------+-------+
; Total registers                              ; 0     ;
; Number of registers using Synchronous Clear  ; 0     ;
; Number of registers using Synchronous Load   ; 0     ;
; Number of registers using Asynchronous Clear ; 0     ;
; Number of registers using Asynchronous Load  ; 0     ;
; Number of registers using Clock Enable       ; 0     ;
; Number of registers using Preset             ; 0     ;
+----------------------------------------------+-------+


+-------------------------------------------------------------------+
; Parameter Settings for Inferred Entity Instance: lpm_add_sub:Add0 ;
+------------------------+-------------+----------------------------+
; Parameter Name         ; Value       ; Type                       ;
+------------------------+-------------+----------------------------+
; LPM_WIDTH              ; 5           ; Untyped                    ;
; LPM_REPRESENTATION     ; UNSIGNED    ; Untyped                    ;
; LPM_DIRECTION          ; DEFAULT     ; Untyped                    ;
; ONE_INPUT_IS_CONSTANT  ; NO          ; Untyped                    ;
; LPM_PIPELINE           ; 0           ; Untyped                    ;
; MAXIMIZE_SPEED         ; 5           ; Untyped                    ;
; REGISTERED_AT_END      ; 0           ; Untyped                    ;
; OPTIMIZE_FOR_SPEED     ; 5           ; Untyped                    ;
; USE_CS_BUFFERS         ; 1           ; Untyped                    ;
; CARRY_CHAIN            ; MANUAL      ; Untyped                    ;
; CARRY_CHAIN_LENGTH     ; 48          ; CARRY_CHAIN_LENGTH         ;
; DEVICE_FAMILY          ; Cyclone     ; Untyped                    ;
; USE_WYS                ; OFF         ; Untyped                    ;
; STYLE                  ; FAST        ; Untyped                    ;
; CBXI_PARAMETER         ; add_sub_mag ; Untyped                    ;
; AUTO_CARRY_CHAINS      ; ON          ; AUTO_CARRY                 ;
; IGNORE_CARRY_BUFFERS   ; OFF         ; IGNORE_CARRY               ;
; AUTO_CASCADE_CHAINS    ; ON          ; AUTO_CASCADE               ;
; IGNORE_CASCADE_BUFFERS ; OFF         ; IGNORE_CASCADE             ;
+------------------------+-------------+----------------------------+
Note: In order to hide this table in the UI and the text report file, please set the "Show Parameter Settings Tables in Synthesis Report" option in "Analysis and Synthesis Settings -> More Settings" to "Off".


+-------------------------------+
; Analysis & Synthesis Messages ;
+-------------------------------+
Info: *******************************************************************
Info: Running Quartus II Analysis & Synthesis
    Info: Version 8.0 Build 231 07/10/2008 Service Pack 1 SJ Web Edition
    Info: Processing started: Sun Mar 08 22:24:14 2009
Info: Command: quartus_map --read_settings_files=on --write_settings_files=off nBitAddSub2_vhdl -c nBitAddSub2_vhdl
Info: Found 3 design units, including 1 entities, in source file nBitAddSub2_vhdl.vhd
    Info: Found design unit 1: my_package
    Info: Found design unit 2: nBitAddSub2_vhdl-design
    Info: Found entity 1: nBitAddSub2_vhdl
Info: Elaborating entity "nBitAddSub2_vhdl" for the top level hierarchy
Warning (10631): VHDL Process Statement warning at nBitAddSub2_vhdl.vhd(33): inferring latch(es) for signal or variable "sum", which holds its previous value in one or more paths through the process
Info (10041): Inferred latch for "sum[0]" at nBitAddSub2_vhdl.vhd(33)
Info (10041): Inferred latch for "sum[1]" at nBitAddSub2_vhdl.vhd(33)
Info (10041): Inferred latch for "sum[2]" at nBitAddSub2_vhdl.vhd(33)
Info (10041): Inferred latch for "sum[3]" at nBitAddSub2_vhdl.vhd(33)
Info (10041): Inferred latch for "sum[4]" at nBitAddSub2_vhdl.vhd(33)
Info (10041): Inferred latch for "sum[5]" at nBitAddSub2_vhdl.vhd(33)
Warning: LATCH primitive "sum[0]$latch" is permanently enabled
Warning: LATCH primitive "sum[1]$latch" is permanently enabled
Warning: LATCH primitive "sum[2]$latch" is permanently enabled
Warning: LATCH primitive "sum[3]$latch" is permanently enabled
Warning: LATCH primitive "sum[4]$latch" is permanently enabled
Warning: LATCH primitive "sum[5]$latch" is permanently enabled
Info: Inferred 1 megafunctions from design logic
    Info: Inferred adder/subtractor megafunction ("lpm_add_sub") from the following logic: "Add0"
Info: Elaborated megafunction instantiation "lpm_add_sub:Add0"
Info: Instantiated megafunction "lpm_add_sub:Add0" with the following parameter:
    Info: Parameter "LPM_WIDTH" = "5"
    Info: Parameter "LPM_REPRESENTATION" = "UNSIGNED"
    Info: Parameter "ONE_INPUT_IS_CONSTANT" = "NO"
Info: Elaborated megafunction instantiation "lpm_add_sub:Add0|alt_stratix_add_sub:stratix_adder", which is child of megafunction instantiation "lpm_add_sub:Add0"
Warning: Output pins are stuck at VCC or GND
    Warning (13410): Pin "seg1[0]" is stuck at GND
    Warning (13410): Pin "seg1[4]" is stuck at VCC
    Warning (13410): Pin "seg1[5]" is stuck at VCC
    Warning (13410): Pin "underflow" is stuck at GND
    Warning (13410): Pin "overflow" is stuck at GND
Info: Implemented 61 device resources after synthesis - the final resource count might be different
    Info: Implemented 9 input pins
    Info: Implemented 23 output pins
    Info: Implemented 29 logic cells
Info: Quartus II Analysis & Synthesis was successful. 0 errors, 13 warnings
    Info: Peak virtual memory: 177 megabytes
    Info: Processing ended: Sun Mar 08 22:24:20 2009
    Info: Elapsed time: 00:00:06
    Info: Total CPU time (on all processors): 00:00:04


