Flow report for DigiComV32_NewInst_BSF
Sat Oct 25 11:51:01 2008
Quartus II Version 8.0 Build 231 07/10/2008 Service Pack 1 SJ Web Edition


---------------------
; Table of Contents ;
---------------------
  1. Legal Notice
  2. Flow Summary
  3. Flow Settings
  4. Flow Non-Default Global Settings
  5. Flow Elapsed Time
  6. Flow Log



----------------
; Legal Notice ;
----------------
Copyright (C) 1991-2008 Altera Corporation
Your use of Altera Corporation's design tools, logic functions 
and other software and tools, and its AMPP partner logic 
functions, and any output files from any of the foregoing 
(including device programming or simulation files), and any 
associated documentation or information are expressly subject 
to the terms and conditions of the Altera Program License 
Subscription Agreement, Altera MegaCore Function License 
Agreement, or other applicable license agreement, including, 
without limitation, that your use is for the sole purpose of 
programming logic devices manufactured by Altera and sold by 
Altera or its authorized distributors.  Please refer to the 
applicable agreement for further details.



+-------------------------------------------------------------------------+
; Flow Summary                                                            ;
+--------------------------+----------------------------------------------+
; Flow Status              ; Successful - Sat Oct 25 11:51:01 2008        ;
; Quartus II Version       ; 8.0 Build 231 07/10/2008 SP 1 SJ Web Edition ;
; Revision Name            ; DigiComV32_NewInst_BSF                       ;
; Top-level Entity Name    ; DigiComV32_NewInst_BSF                       ;
; Family                   ; Cyclone                                      ;
; Device                   ; EP1C4F324C8                                  ;
; Timing Models            ; Final                                        ;
; Met timing requirements  ; No                                           ;
; Total logic elements     ; 684 / 4,000 ( 17 % )                         ;
; Total pins               ; 223 / 249 ( 90 % )                           ;
; Total virtual pins       ; 0                                            ;
; Total memory bits        ; 0 / 78,336 ( 0 % )                           ;
; DSP block 9-bit elements ; N/A until Partition Merge                    ;
; Total PLLs               ; 0 / 2 ( 0 % )                                ;
; Total DLLs               ; N/A until Partition Merge                    ;
+--------------------------+----------------------------------------------+


+--------------------------------------------+
; Flow Settings                              ;
+-------------------+------------------------+
; Option            ; Setting                ;
+-------------------+------------------------+
; Start date & time ; 10/25/2008 11:50:33    ;
; Main task         ; Compilation            ;
; Revision Name     ; DigiComV32_NewInst_BSF ;
+-------------------+------------------------+


+-------------------------------------------------------------------------------------------------------------+
; Flow Non-Default Global Settings                                                                            ;
+------------------------------------+-----------------------------+---------------+-------------+------------+
; Assignment Name                    ; Value                       ; Default Value ; Entity Name ; Section Id ;
+------------------------------------+-----------------------------+---------------+-------------+------------+
; COMPILER_SIGNATURE_ID              ; 81639508073.122490303203940 ; --            ; --          ; --         ;
; MAX_CORE_JUNCTION_TEMP             ; 85                          ; --            ; --          ; --         ;
; MIN_CORE_JUNCTION_TEMP             ; 0                           ; --            ; --          ; --         ;
; PARTITION_COLOR                    ; 14622752                    ; --            ; --          ; Top        ;
; PARTITION_NETLIST_TYPE             ; SOURCE                      ; --            ; --          ; Top        ;
; USE_GENERATED_PHYSICAL_CONSTRAINTS ; Off                         ; --            ; --          ; eda_palace ;
+------------------------------------+-----------------------------+---------------+-------------+------------+


+-----------------------------------------------------------------------------------------------------------------------------+
; Flow Elapsed Time                                                                                                           ;
+-------------------------+--------------+-------------------------+---------------------+------------------------------------+
; Module Name             ; Elapsed Time ; Average Processors Used ; Peak Virtual Memory ; Total CPU Time (on all processors) ;
+-------------------------+--------------+-------------------------+---------------------+------------------------------------+
; Analysis & Synthesis    ; 00:00:05     ; 1.0                     ; 179 MB              ; 00:00:04                           ;
; Fitter                  ; 00:00:10     ; 1.0                     ; 171 MB              ; 00:00:08                           ;
; Assembler               ; 00:00:02     ; 1.0                     ; 147 MB              ; 00:00:01                           ;
; Classic Timing Analyzer ; 00:00:02     ; 1.0                     ; 115 MB              ; 00:00:02                           ;
; Total                   ; 00:00:19     ; --                      ; --                  ; 00:00:15                           ;
+-------------------------+--------------+-------------------------+---------------------+------------------------------------+


------------
; Flow Log ;
------------
quartus_map --read_settings_files=on --write_settings_files=off DigiComV32_NewInst_BSF -c DigiComV32_NewInst_BSF
quartus_fit --read_settings_files=off --write_settings_files=off DigiComV32_NewInst_BSF -c DigiComV32_NewInst_BSF
quartus_asm --read_settings_files=off --write_settings_files=off DigiComV32_NewInst_BSF -c DigiComV32_NewInst_BSF
quartus_tan --read_settings_files=off --write_settings_files=off DigiComV32_NewInst_BSF -c DigiComV32_NewInst_BSF --timing_analysis_only



