Classic Timing Analyzer report for StepClock
Wed Mar 25 16:22:04 2009
Quartus II Version 8.0 Build 231 07/10/2008 Service Pack 1 SJ Web Edition


---------------------
; Table of Contents ;
---------------------
  1. Legal Notice
  2. Timing Analyzer Summary
  3. Timing Analyzer Settings
  4. Clock Settings Summary
  5. Clock Setup: 'clk'
  6. tsu
  7. tco
  8. th
  9. Timing Analyzer Messages



----------------
; Legal Notice ;
----------------
Copyright (C) 1991-2008 Altera Corporation
Your use of Altera Corporation's design tools, logic functions 
and other software and tools, and its AMPP partner logic 
functions, and any output files from any of the foregoing 
(including device programming or simulation files), and any 
associated documentation or information are expressly subject 
to the terms and conditions of the Altera Program License 
Subscription Agreement, Altera MegaCore Function License 
Agreement, or other applicable license agreement, including, 
without limitation, that your use is for the sole purpose of 
programming logic devices manufactured by Altera and sold by 
Altera or its authorized distributors.  Please refer to the 
applicable agreement for further details.



+--------------------------------------------------------------------------------------------------------------------------------------------------------------------------------------+
; Timing Analyzer Summary                                                                                                                                                              ;
+------------------------------+-------+---------------+------------------------------------------------+-------------------+-------------------+------------+----------+--------------+
; Type                         ; Slack ; Required Time ; Actual Time                                    ; From              ; To                ; From Clock ; To Clock ; Failed Paths ;
+------------------------------+-------+---------------+------------------------------------------------+-------------------+-------------------+------------+----------+--------------+
; Worst-case tsu               ; N/A   ; None          ; 4.111 ns                                       ; stepSwitch        ; stepClockOut~reg0 ; --         ; clk      ; 0            ;
; Worst-case tco               ; N/A   ; None          ; 6.781 ns                                       ; stepClockOut~reg0 ; stepClockOut      ; clk        ; --       ; 0            ;
; Worst-case th                ; N/A   ; None          ; -3.451 ns                                      ; stepSwitch        ; state             ; --         ; clk      ; 0            ;
; Clock Setup: 'clk'           ; N/A   ; None          ; Restricted to 275.03 MHz ( period = 3.636 ns ) ; stepClockOut~reg0 ; stepClockOut~reg0 ; clk        ; clk      ; 0            ;
; Total number of failed paths ;       ;               ;                                                ;                   ;                   ;            ;          ; 0            ;
+------------------------------+-------+---------------+------------------------------------------------+-------------------+-------------------+------------+----------+--------------+


+--------------------------------------------------------------------------------------------------------------------+
; Timing Analyzer Settings                                                                                           ;
+---------------------------------------------------------------------+--------------------+------+----+-------------+
; Option                                                              ; Setting            ; From ; To ; Entity Name ;
+---------------------------------------------------------------------+--------------------+------+----+-------------+
; Device Name                                                         ; EP1C4F324C8        ;      ;    ;             ;
; Timing Models                                                       ; Final              ;      ;    ;             ;
; Default hold multicycle                                             ; Same as Multicycle ;      ;    ;             ;
; Cut paths between unrelated clock domains                           ; On                 ;      ;    ;             ;
; Cut off read during write signal paths                              ; On                 ;      ;    ;             ;
; Cut off feedback from I/O pins                                      ; On                 ;      ;    ;             ;
; Report Combined Fast/Slow Timing                                    ; Off                ;      ;    ;             ;
; Ignore Clock Settings                                               ; Off                ;      ;    ;             ;
; Analyze latches as synchronous elements                             ; On                 ;      ;    ;             ;
; Enable Recovery/Removal analysis                                    ; Off                ;      ;    ;             ;
; Enable Clock Latency                                                ; Off                ;      ;    ;             ;
; Use TimeQuest Timing Analyzer                                       ; Off                ;      ;    ;             ;
; Number of source nodes to report per destination node               ; 10                 ;      ;    ;             ;
; Number of destination nodes to report                               ; 10                 ;      ;    ;             ;
; Number of paths to report                                           ; 200                ;      ;    ;             ;
; Report Minimum Timing Checks                                        ; Off                ;      ;    ;             ;
; Use Fast Timing Models                                              ; Off                ;      ;    ;             ;
; Report IO Paths Separately                                          ; Off                ;      ;    ;             ;
; Perform Multicorner Analysis                                        ; Off                ;      ;    ;             ;
; Reports the worst-case path for each clock domain and analysis      ; Off                ;      ;    ;             ;
; Removes common clock path pessimism (CCPP) during slack computation ; Off                ;      ;    ;             ;
+---------------------------------------------------------------------+--------------------+------+----+-------------+


+------------------------------------------------------------------------------------------------------------------------------------------------------------------------------------+
; Clock Settings Summary                                                                                                                                                             ;
+-----------------+--------------------+----------+------------------+---------------+--------------+----------+-----------------------+---------------------+--------+--------------+
; Clock Node Name ; Clock Setting Name ; Type     ; Fmax Requirement ; Early Latency ; Late Latency ; Based on ; Multiply Base Fmax by ; Divide Base Fmax by ; Offset ; Phase offset ;
+-----------------+--------------------+----------+------------------+---------------+--------------+----------+-----------------------+---------------------+--------+--------------+
; clk             ;                    ; User Pin ; None             ; 0.000 ns      ; 0.000 ns     ; --       ; N/A                   ; N/A                 ; N/A    ;              ;
+-----------------+--------------------+----------+------------------+---------------+--------------+----------+-----------------------+---------------------+--------+--------------+


+------------------------------------------------------------------------------------------------------------------------------------------------------------------------------------------------------------+
; Clock Setup: 'clk'                                                                                                                                                                                         ;
+-------+------------------------------------------------+-------------------+-------------------+------------+----------+-----------------------------+---------------------------+-------------------------+
; Slack ; Actual fmax (period)                           ; From              ; To                ; From Clock ; To Clock ; Required Setup Relationship ; Required Longest P2P Time ; Actual Longest P2P Time ;
+-------+------------------------------------------------+-------------------+-------------------+------------+----------+-----------------------------+---------------------------+-------------------------+
; N/A   ; Restricted to 275.03 MHz ( period = 3.636 ns ) ; stepClockOut~reg0 ; stepClockOut~reg0 ; clk        ; clk      ; None                        ; None                      ; 1.014 ns                ;
; N/A   ; Restricted to 275.03 MHz ( period = 3.636 ns ) ; state             ; stepClockOut~reg0 ; clk        ; clk      ; None                        ; None                      ; 0.824 ns                ;
+-------+------------------------------------------------+-------------------+-------------------+------------+----------+-----------------------------+---------------------------+-------------------------+


+-------------------------------------------------------------------------------+
; tsu                                                                           ;
+-------+--------------+------------+------------+-------------------+----------+
; Slack ; Required tsu ; Actual tsu ; From       ; To                ; To Clock ;
+-------+--------------+------------+------------+-------------------+----------+
; N/A   ; None         ; 4.111 ns   ; stepSwitch ; stepClockOut~reg0 ; clk      ;
; N/A   ; None         ; 3.949 ns   ; nRESET     ; stepClockOut~reg0 ; clk      ;
; N/A   ; None         ; 3.503 ns   ; stepSwitch ; state             ; clk      ;
+-------+--------------+------------+------------+-------------------+----------+


+-----------------------------------------------------------------------------------+
; tco                                                                               ;
+-------+--------------+------------+-------------------+--------------+------------+
; Slack ; Required tco ; Actual tco ; From              ; To           ; From Clock ;
+-------+--------------+------------+-------------------+--------------+------------+
; N/A   ; None         ; 6.781 ns   ; stepClockOut~reg0 ; stepClockOut ; clk        ;
+-------+--------------+------------+-------------------+--------------+------------+


+-------------------------------------------------------------------------------------+
; th                                                                                  ;
+---------------+-------------+-----------+------------+-------------------+----------+
; Minimum Slack ; Required th ; Actual th ; From       ; To                ; To Clock ;
+---------------+-------------+-----------+------------+-------------------+----------+
; N/A           ; None        ; -3.451 ns ; stepSwitch ; state             ; clk      ;
; N/A           ; None        ; -3.897 ns ; nRESET     ; stepClockOut~reg0 ; clk      ;
; N/A           ; None        ; -4.059 ns ; stepSwitch ; stepClockOut~reg0 ; clk      ;
+---------------+-------------+-----------+------------+-------------------+----------+


+--------------------------+
; Timing Analyzer Messages ;
+--------------------------+
Info: *******************************************************************
Info: Running Quartus II Classic Timing Analyzer
    Info: Version 8.0 Build 231 07/10/2008 Service Pack 1 SJ Web Edition
    Info: Processing started: Wed Mar 25 16:22:03 2009
Info: Command: quartus_tan --read_settings_files=off --write_settings_files=off StepClock -c StepClock --timing_analysis_only
Warning: Found pins functioning as undefined clocks and/or memory enables
    Info: Assuming node "clk" is an undefined clock
Info: Clock "clk" Internal fmax is restricted to 275.03 MHz between source register "stepClockOut~reg0" and destination register "stepClockOut~reg0"
    Info: fmax restricted to Clock High delay (1.818 ns) plus Clock Low delay (1.818 ns) : restricted to 3.636 ns. Expand message to see actual delay path.
        Info: + Longest register to register delay is 1.014 ns
            Info: 1: + IC(0.000 ns) + CELL(0.000 ns) = 0.000 ns; Loc. = LC_X1_Y1_N9; Fanout = 2; REG Node = 'stepClockOut~reg0'
            Info: 2: + IC(0.536 ns) + CELL(0.478 ns) = 1.014 ns; Loc. = LC_X1_Y1_N9; Fanout = 2; REG Node = 'stepClockOut~reg0'
            Info: Total cell delay = 0.478 ns ( 47.14 % )
            Info: Total interconnect delay = 0.536 ns ( 52.86 % )
        Info: - Smallest clock skew is 0.000 ns
            Info: + Shortest clock path from clock "clk" to destination register is 3.128 ns
                Info: 1: + IC(0.000 ns) + CELL(1.469 ns) = 1.469 ns; Loc. = PIN_J4; Fanout = 2; CLK Node = 'clk'
                Info: 2: + IC(0.948 ns) + CELL(0.711 ns) = 3.128 ns; Loc. = LC_X1_Y1_N9; Fanout = 2; REG Node = 'stepClockOut~reg0'
                Info: Total cell delay = 2.180 ns ( 69.69 % )
                Info: Total interconnect delay = 0.948 ns ( 30.31 % )
            Info: - Longest clock path from clock "clk" to source register is 3.128 ns
                Info: 1: + IC(0.000 ns) + CELL(1.469 ns) = 1.469 ns; Loc. = PIN_J4; Fanout = 2; CLK Node = 'clk'
                Info: 2: + IC(0.948 ns) + CELL(0.711 ns) = 3.128 ns; Loc. = LC_X1_Y1_N9; Fanout = 2; REG Node = 'stepClockOut~reg0'
                Info: Total cell delay = 2.180 ns ( 69.69 % )
                Info: Total interconnect delay = 0.948 ns ( 30.31 % )
        Info: + Micro clock to output delay of source is 0.224 ns
        Info: + Micro setup delay of destination is 0.037 ns
Info: tsu for register "stepClockOut~reg0" (data pin = "stepSwitch", clock pin = "clk") is 4.111 ns
    Info: + Longest pin to register delay is 7.202 ns
        Info: 1: + IC(0.000 ns) + CELL(1.475 ns) = 1.475 ns; Loc. = PIN_T5; Fanout = 2; PIN Node = 'stepSwitch'
        Info: 2: + IC(4.989 ns) + CELL(0.738 ns) = 7.202 ns; Loc. = LC_X1_Y1_N9; Fanout = 2; REG Node = 'stepClockOut~reg0'
        Info: Total cell delay = 2.213 ns ( 30.73 % )
        Info: Total interconnect delay = 4.989 ns ( 69.27 % )
    Info: + Micro setup delay of destination is 0.037 ns
    Info: - Shortest clock path from clock "clk" to destination register is 3.128 ns
        Info: 1: + IC(0.000 ns) + CELL(1.469 ns) = 1.469 ns; Loc. = PIN_J4; Fanout = 2; CLK Node = 'clk'
        Info: 2: + IC(0.948 ns) + CELL(0.711 ns) = 3.128 ns; Loc. = LC_X1_Y1_N9; Fanout = 2; REG Node = 'stepClockOut~reg0'
        Info: Total cell delay = 2.180 ns ( 69.69 % )
        Info: Total interconnect delay = 0.948 ns ( 30.31 % )
Info: tco from clock "clk" to destination pin "stepClockOut" through register "stepClockOut~reg0" is 6.781 ns
    Info: + Longest clock path from clock "clk" to source register is 3.128 ns
        Info: 1: + IC(0.000 ns) + CELL(1.469 ns) = 1.469 ns; Loc. = PIN_J4; Fanout = 2; CLK Node = 'clk'
        Info: 2: + IC(0.948 ns) + CELL(0.711 ns) = 3.128 ns; Loc. = LC_X1_Y1_N9; Fanout = 2; REG Node = 'stepClockOut~reg0'
        Info: Total cell delay = 2.180 ns ( 69.69 % )
        Info: Total interconnect delay = 0.948 ns ( 30.31 % )
    Info: + Micro clock to output delay of source is 0.224 ns
    Info: + Longest register to pin delay is 3.429 ns
        Info: 1: + IC(0.000 ns) + CELL(0.000 ns) = 0.000 ns; Loc. = LC_X1_Y1_N9; Fanout = 2; REG Node = 'stepClockOut~reg0'
        Info: 2: + IC(1.321 ns) + CELL(2.108 ns) = 3.429 ns; Loc. = PIN_U3; Fanout = 0; PIN Node = 'stepClockOut'
        Info: Total cell delay = 2.108 ns ( 61.48 % )
        Info: Total interconnect delay = 1.321 ns ( 38.52 % )
Info: th for register "state" (data pin = "stepSwitch", clock pin = "clk") is -3.451 ns
    Info: + Longest clock path from clock "clk" to destination register is 3.128 ns
        Info: 1: + IC(0.000 ns) + CELL(1.469 ns) = 1.469 ns; Loc. = PIN_J4; Fanout = 2; CLK Node = 'clk'
        Info: 2: + IC(0.948 ns) + CELL(0.711 ns) = 3.128 ns; Loc. = LC_X1_Y1_N5; Fanout = 1; REG Node = 'state'
        Info: Total cell delay = 2.180 ns ( 69.69 % )
        Info: Total interconnect delay = 0.948 ns ( 30.31 % )
    Info: + Micro hold delay of destination is 0.015 ns
    Info: - Shortest pin to register delay is 6.594 ns
        Info: 1: + IC(0.000 ns) + CELL(1.475 ns) = 1.475 ns; Loc. = PIN_T5; Fanout = 2; PIN Node = 'stepSwitch'
        Info: 2: + IC(5.004 ns) + CELL(0.115 ns) = 6.594 ns; Loc. = LC_X1_Y1_N5; Fanout = 1; REG Node = 'state'
        Info: Total cell delay = 1.590 ns ( 24.11 % )
        Info: Total interconnect delay = 5.004 ns ( 75.89 % )
Info: Quartus II Classic Timing Analyzer was successful. 0 errors, 1 warning
    Info: Peak virtual memory: 123 megabytes
    Info: Processing ended: Wed Mar 25 16:22:05 2009
    Info: Elapsed time: 00:00:02
    Info: Total CPU time (on all processors): 00:00:01


