Simulator report for nBitAddSub_sch
Fri Dec 19 15:32:27 2008
Quartus II Version 8.0 Build 231 07/10/2008 Service Pack 1 SJ Web Edition


---------------------
; Table of Contents ;
---------------------
  1. Legal Notice
  2. Simulator Summary
  3. Simulator Settings
  4. Simulation Waveforms
  5. Coverage Summary
  6. Complete 1/0-Value Coverage
  7. Missing 1-Value Coverage
  8. Missing 0-Value Coverage
  9. Simulator INI Usage
 10. Simulator Messages



----------------
; Legal Notice ;
----------------
Copyright (C) 1991-2008 Altera Corporation
Your use of Altera Corporation's design tools, logic functions 
and other software and tools, and its AMPP partner logic 
functions, and any output files from any of the foregoing 
(including device programming or simulation files), and any 
associated documentation or information are expressly subject 
to the terms and conditions of the Altera Program License 
Subscription Agreement, Altera MegaCore Function License 
Agreement, or other applicable license agreement, including, 
without limitation, that your use is for the sole purpose of 
programming logic devices manufactured by Altera and sold by 
Altera or its authorized distributors.  Please refer to the 
applicable agreement for further details.



+--------------------------------------------+
; Simulator Summary                          ;
+-----------------------------+--------------+
; Type                        ; Value        ;
+-----------------------------+--------------+
; Simulation Start Time       ; 0 ps         ;
; Simulation End Time         ; 1.0 us       ;
; Simulation Netlist Size     ; 23 nodes     ;
; Simulation Coverage         ;      93.33 % ;
; Total Number of Transitions ; 229          ;
; Simulation Breakpoints      ; 0            ;
; Family                      ; Cyclone      ;
; Device                      ; EP1C4F324C8  ;
+-----------------------------+--------------+


+-------------------------------------------------------------------------------------------------------------------------+
; Simulator Settings                                                                                                      ;
+--------------------------------------------------------------------------------------------+------------+---------------+
; Option                                                                                     ; Setting    ; Default Value ;
+--------------------------------------------------------------------------------------------+------------+---------------+
; Simulation mode                                                                            ; Timing     ; Timing        ;
; Start time                                                                                 ; 0 ns       ; 0 ns          ;
; Simulation results format                                                                  ; CVWF       ;               ;
; Add pins automatically to simulation output waveforms                                      ; On         ; On            ;
; Check outputs                                                                              ; Off        ; Off           ;
; Report simulation coverage                                                                 ; On         ; On            ;
; Display complete 1/0 value coverage report                                                 ; On         ; On            ;
; Display missing 1-value coverage report                                                    ; On         ; On            ;
; Display missing 0-value coverage report                                                    ; On         ; On            ;
; Detect setup and hold time violations                                                      ; Off        ; Off           ;
; Detect glitches                                                                            ; Off        ; Off           ;
; Disable timing delays in Timing Simulation                                                 ; Off        ; Off           ;
; Generate Signal Activity File                                                              ; Off        ; Off           ;
; Generate VCD File for PowerPlay Power Analyzer                                             ; Off        ; Off           ;
; Group bus channels in simulation results                                                   ; Off        ; Off           ;
; Preserve fewer signal transitions to reduce memory requirements                            ; On         ; On            ;
; Trigger vector comparison with the specified mode                                          ; INPUT_EDGE ; INPUT_EDGE    ;
; Disable setup and hold time violations detection in input registers of bi-directional pins ; Off        ; Off           ;
; Overwrite Waveform Inputs With Simulation Outputs                                          ; On         ;               ;
; Perform Glitch Filtering in Timing Simulation                                              ; Auto       ; Auto          ;
+--------------------------------------------------------------------------------------------+------------+---------------+


+----------------------+
; Simulation Waveforms ;
+----------------------+
Waveform report data cannot be output to ASCII.
Please use Quartus II to view the waveform report data.


+--------------------------------------------------------------------+
; Coverage Summary                                                   ;
+-----------------------------------------------------+--------------+
; Type                                                ; Value        ;
+-----------------------------------------------------+--------------+
; Total coverage as a percentage                      ;      93.33 % ;
; Total nodes checked                                 ; 23           ;
; Total output ports checked                          ; 30           ;
; Total output ports with complete 1/0-value coverage ; 28           ;
; Total output ports with no 1/0-value coverage       ; 1            ;
; Total output ports with no 1-value coverage         ; 2            ;
; Total output ports with no 0-value coverage         ; 1            ;
+-----------------------------------------------------+--------------+


The following table displays output ports that toggle between 1 and 0 during simulation.
+---------------------------------------------------------------------------------------------------------------------+
; Complete 1/0-Value Coverage                                                                                         ;
+----------------------------------------------+---------------------------------------------------+------------------+
; Node Name                                    ; Output Port Name                                  ; Output Port Type ;
+----------------------------------------------+---------------------------------------------------+------------------+
; |nBitAddSub_sch|FullAdder_sch:inst2|inst4~27 ; |nBitAddSub_sch|FullAdder_sch:inst2|inst4~27      ; combout          ;
; |nBitAddSub_sch|FullAdder_sch:inst2|inst4~29 ; |nBitAddSub_sch|FullAdder_sch:inst2|inst4~29      ; combout          ;
; |nBitAddSub_sch|FullAdder_sch:inst2|inst4~29 ; |nBitAddSub_sch|FullAdder_sch:inst2|inst4~30      ; cout0            ;
; |nBitAddSub_sch|FullAdder_sch:inst2|inst4~29 ; |nBitAddSub_sch|FullAdder_sch:inst2|inst4~30COUT1 ; cout1            ;
; |nBitAddSub_sch|FullAdder_sch:inst2|inst4~31 ; |nBitAddSub_sch|FullAdder_sch:inst2|inst4~31      ; combout          ;
; |nBitAddSub_sch|FullAdder_sch:inst2|inst4~31 ; |nBitAddSub_sch|FullAdder_sch:inst2|inst4~32      ; cout0            ;
; |nBitAddSub_sch|FullAdder_sch:inst2|inst4~31 ; |nBitAddSub_sch|FullAdder_sch:inst2|inst4~32COUT1 ; cout1            ;
; |nBitAddSub_sch|FullAdder_sch:inst2|inst4~33 ; |nBitAddSub_sch|FullAdder_sch:inst2|inst4~33      ; combout          ;
; |nBitAddSub_sch|FullAdder_sch:inst2|inst4~33 ; |nBitAddSub_sch|FullAdder_sch:inst2|inst4~34      ; cout0            ;
; |nBitAddSub_sch|FullAdder_sch:inst2|inst4~33 ; |nBitAddSub_sch|FullAdder_sch:inst2|inst4~34COUT1 ; cout1            ;
; |nBitAddSub_sch|FullAdder_sch:inst2|inst4~36 ; |nBitAddSub_sch|FullAdder_sch:inst2|inst4~36      ; cout0            ;
; |nBitAddSub_sch|FullAdder_sch:inst2|inst4~36 ; |nBitAddSub_sch|FullAdder_sch:inst2|inst4~36COUT1 ; cout1            ;
; |nBitAddSub_sch|FullAdder_sch:inst|inst4~2   ; |nBitAddSub_sch|FullAdder_sch:inst|inst4~2        ; combout          ;
; |nBitAddSub_sch|inst4                        ; |nBitAddSub_sch|inst4                             ; combout          ;
; |nBitAddSub_sch|inst5                        ; |nBitAddSub_sch|inst5                             ; combout          ;
; |nBitAddSub_sch|FullAdder_sch:inst|inst11~4  ; |nBitAddSub_sch|FullAdder_sch:inst|inst11~4       ; combout          ;
; |nBitAddSub_sch|C                            ; |nBitAddSub_sch|C                                 ; padio            ;
; |nBitAddSub_sch|s[3]                         ; |nBitAddSub_sch|s[3]                              ; padio            ;
; |nBitAddSub_sch|s[2]                         ; |nBitAddSub_sch|s[2]                              ; padio            ;
; |nBitAddSub_sch|s[1]                         ; |nBitAddSub_sch|s[1]                              ; padio            ;
; |nBitAddSub_sch|s[0]                         ; |nBitAddSub_sch|s[0]                              ; padio            ;
; |nBitAddSub_sch|a[0]                         ; |nBitAddSub_sch|a[0]~corein                       ; combout          ;
; |nBitAddSub_sch|b[0]                         ; |nBitAddSub_sch|b[0]~corein                       ; combout          ;
; |nBitAddSub_sch|M                            ; |nBitAddSub_sch|M~corein                          ; combout          ;
; |nBitAddSub_sch|b[3]                         ; |nBitAddSub_sch|b[3]~corein                       ; combout          ;
; |nBitAddSub_sch|a[3]                         ; |nBitAddSub_sch|a[3]~corein                       ; combout          ;
; |nBitAddSub_sch|a[2]                         ; |nBitAddSub_sch|a[2]~corein                       ; combout          ;
; |nBitAddSub_sch|a[1]                         ; |nBitAddSub_sch|a[1]~corein                       ; combout          ;
+----------------------------------------------+---------------------------------------------------+------------------+


The following table displays output ports that do not toggle to 1 during simulation.
+-----------------------------------------------------------------------+
; Missing 1-Value Coverage                                              ;
+----------------------+-----------------------------+------------------+
; Node Name            ; Output Port Name            ; Output Port Type ;
+----------------------+-----------------------------+------------------+
; |nBitAddSub_sch|b[2] ; |nBitAddSub_sch|b[2]~corein ; combout          ;
; |nBitAddSub_sch|b[1] ; |nBitAddSub_sch|b[1]~corein ; combout          ;
+----------------------+-----------------------------+------------------+


The following table displays output ports that do not toggle to 0 during simulation.
+-----------------------------------------------------------------------+
; Missing 0-Value Coverage                                              ;
+----------------------+-----------------------------+------------------+
; Node Name            ; Output Port Name            ; Output Port Type ;
+----------------------+-----------------------------+------------------+
; |nBitAddSub_sch|b[2] ; |nBitAddSub_sch|b[2]~corein ; combout          ;
+----------------------+-----------------------------+------------------+


+---------------------+
; Simulator INI Usage ;
+--------+------------+
; Option ; Usage      ;
+--------+------------+


+--------------------+
; Simulator Messages ;
+--------------------+
Info: *******************************************************************
Info: Running Quartus II Simulator
    Info: Version 8.0 Build 231 07/10/2008 Service Pack 1 SJ Web Edition
    Info: Processing started: Fri Dec 19 15:32:26 2008
Info: Command: quartus_sim --read_settings_files=on --write_settings_files=off nBitAddSub_sch -c nBitAddSub_sch
Info: Using vector source file "F:/Work2008/NowWorking/compArch/자료모음/DigitalDesign/DigitalDesign/nBitAddSub_sch/nBitAddSub_sch.vwf"
Info: Overwriting simulation input file with simulation results
    Info: A backup of nBitAddSub_sch.vwf called nBitAddSub_sch.sim_ori.vwf has been created in the db folder
Info: Option to preserve fewer signal transitions to reduce memory requirements is enabled
    Info: Simulation has been partitioned into sub-simulations according to the maximum transition count determined by the engine. Transitions from memory will be flushed out to disk at the end of each sub-simulation to reduce memory requirements.
Info: Simulation partitioned into 1 sub-simulations
Info: Simulation coverage is      93.33 %
Info: Number of transitions in simulation is 229
Info: Vector file nBitAddSub_sch.vwf is saved in VWF text format. You can compress it into CVWF format in order to reduce file size. For more details please refer to the Quartus II Help.
Info: Quartus II Simulator was successful. 0 errors, 0 warnings
    Info: Peak virtual memory: 112 megabytes
    Info: Processing ended: Fri Dec 19 15:32:27 2008
    Info: Elapsed time: 00:00:01
    Info: Total CPU time (on all processors): 00:00:01


