Classic Timing Analyzer report for Comparator
Sun Mar 08 22:03:02 2009
Quartus II Version 8.0 Build 231 07/10/2008 Service Pack 1 SJ Web Edition


---------------------
; Table of Contents ;
---------------------
  1. Legal Notice
  2. Timing Analyzer Summary
  3. Timing Analyzer Settings
  4. tpd
  5. Timing Analyzer Messages



----------------
; Legal Notice ;
----------------
Copyright (C) 1991-2008 Altera Corporation
Your use of Altera Corporation's design tools, logic functions 
and other software and tools, and its AMPP partner logic 
functions, and any output files from any of the foregoing 
(including device programming or simulation files), and any 
associated documentation or information are expressly subject 
to the terms and conditions of the Altera Program License 
Subscription Agreement, Altera MegaCore Function License 
Agreement, or other applicable license agreement, including, 
without limitation, that your use is for the sole purpose of 
programming logic devices manufactured by Altera and sold by 
Altera or its authorized distributors.  Please refer to the 
applicable agreement for further details.



+----------------------------------------------------------------------------------------------------------------------------+
; Timing Analyzer Summary                                                                                                    ;
+------------------------------+-------+---------------+-------------+------+---------+------------+----------+--------------+
; Type                         ; Slack ; Required Time ; Actual Time ; From ; To      ; From Clock ; To Clock ; Failed Paths ;
+------------------------------+-------+---------------+-------------+------+---------+------------+----------+--------------+
; Worst-case tpd               ; N/A   ; None          ; 12.898 ns   ; a[2] ; aEqualb ; --         ; --       ; 0            ;
; Total number of failed paths ;       ;               ;             ;      ;         ;            ;          ; 0            ;
+------------------------------+-------+---------------+-------------+------+---------+------------+----------+--------------+


+--------------------------------------------------------------------------------------------------------------------+
; Timing Analyzer Settings                                                                                           ;
+---------------------------------------------------------------------+--------------------+------+----+-------------+
; Option                                                              ; Setting            ; From ; To ; Entity Name ;
+---------------------------------------------------------------------+--------------------+------+----+-------------+
; Device Name                                                         ; EP1C4F324C8        ;      ;    ;             ;
; Timing Models                                                       ; Final              ;      ;    ;             ;
; Default hold multicycle                                             ; Same as Multicycle ;      ;    ;             ;
; Cut paths between unrelated clock domains                           ; On                 ;      ;    ;             ;
; Cut off read during write signal paths                              ; On                 ;      ;    ;             ;
; Cut off feedback from I/O pins                                      ; On                 ;      ;    ;             ;
; Report Combined Fast/Slow Timing                                    ; Off                ;      ;    ;             ;
; Ignore Clock Settings                                               ; Off                ;      ;    ;             ;
; Analyze latches as synchronous elements                             ; On                 ;      ;    ;             ;
; Enable Recovery/Removal analysis                                    ; Off                ;      ;    ;             ;
; Enable Clock Latency                                                ; Off                ;      ;    ;             ;
; Use TimeQuest Timing Analyzer                                       ; Off                ;      ;    ;             ;
; Number of source nodes to report per destination node               ; 10                 ;      ;    ;             ;
; Number of destination nodes to report                               ; 10                 ;      ;    ;             ;
; Number of paths to report                                           ; 200                ;      ;    ;             ;
; Report Minimum Timing Checks                                        ; Off                ;      ;    ;             ;
; Use Fast Timing Models                                              ; Off                ;      ;    ;             ;
; Report IO Paths Separately                                          ; Off                ;      ;    ;             ;
; Perform Multicorner Analysis                                        ; Off                ;      ;    ;             ;
; Reports the worst-case path for each clock domain and analysis      ; Off                ;      ;    ;             ;
; Removes common clock path pessimism (CCPP) during slack computation ; Off                ;      ;    ;             ;
+---------------------------------------------------------------------+--------------------+------+----+-------------+


+---------------------------------------------------------------+
; tpd                                                           ;
+-------+-------------------+-----------------+------+----------+
; Slack ; Required P2P Time ; Actual P2P Time ; From ; To       ;
+-------+-------------------+-----------------+------+----------+
; N/A   ; None              ; 12.898 ns       ; a[2] ; aEqualb  ;
; N/A   ; None              ; 12.891 ns       ; a[2] ; aLessB   ;
; N/A   ; None              ; 12.797 ns       ; a[2] ; aBiggerb ;
; N/A   ; None              ; 12.355 ns       ; b[3] ; aEqualb  ;
; N/A   ; None              ; 12.348 ns       ; b[3] ; aLessB   ;
; N/A   ; None              ; 12.280 ns       ; a[1] ; aEqualb  ;
; N/A   ; None              ; 12.273 ns       ; a[1] ; aLessB   ;
; N/A   ; None              ; 12.254 ns       ; b[3] ; aBiggerb ;
; N/A   ; None              ; 12.243 ns       ; a[3] ; aEqualb  ;
; N/A   ; None              ; 12.236 ns       ; a[3] ; aLessB   ;
; N/A   ; None              ; 12.179 ns       ; a[1] ; aBiggerb ;
; N/A   ; None              ; 12.142 ns       ; a[3] ; aBiggerb ;
; N/A   ; None              ; 12.068 ns       ; b[2] ; aEqualb  ;
; N/A   ; None              ; 12.061 ns       ; b[2] ; aLessB   ;
; N/A   ; None              ; 11.968 ns       ; b[0] ; aEqualb  ;
; N/A   ; None              ; 11.967 ns       ; b[2] ; aBiggerb ;
; N/A   ; None              ; 11.961 ns       ; b[0] ; aLessB   ;
; N/A   ; None              ; 11.867 ns       ; b[0] ; aBiggerb ;
; N/A   ; None              ; 11.761 ns       ; b[1] ; aEqualb  ;
; N/A   ; None              ; 11.754 ns       ; b[1] ; aLessB   ;
; N/A   ; None              ; 11.660 ns       ; b[1] ; aBiggerb ;
; N/A   ; None              ; 11.468 ns       ; a[0] ; aEqualb  ;
; N/A   ; None              ; 11.461 ns       ; a[0] ; aLessB   ;
; N/A   ; None              ; 11.367 ns       ; a[0] ; aBiggerb ;
+-------+-------------------+-----------------+------+----------+


+--------------------------+
; Timing Analyzer Messages ;
+--------------------------+
Info: *******************************************************************
Info: Running Quartus II Classic Timing Analyzer
    Info: Version 8.0 Build 231 07/10/2008 Service Pack 1 SJ Web Edition
    Info: Processing started: Sun Mar 08 22:03:01 2009
Info: Command: quartus_tan --read_settings_files=off --write_settings_files=off Comparator -c Comparator --timing_analysis_only
Info: Longest tpd from source pin "a[2]" to destination pin "aEqualb" is 12.898 ns
    Info: 1: + IC(0.000 ns) + CELL(1.475 ns) = 1.475 ns; Loc. = PIN_T5; Fanout = 3; PIN Node = 'a[2]'
    Info: 2: + IC(5.384 ns) + CELL(0.590 ns) = 7.449 ns; Loc. = LC_X6_Y1_N3; Fanout = 3; COMB Node = 'LessThan0~252'
    Info: 3: + IC(0.428 ns) + CELL(0.442 ns) = 8.319 ns; Loc. = LC_X6_Y1_N6; Fanout = 3; COMB Node = 'LessThan0~255'
    Info: 4: + IC(0.440 ns) + CELL(0.114 ns) = 8.873 ns; Loc. = LC_X6_Y1_N8; Fanout = 1; COMB Node = 'aEqualb~13'
    Info: 5: + IC(1.917 ns) + CELL(2.108 ns) = 12.898 ns; Loc. = PIN_U10; Fanout = 0; PIN Node = 'aEqualb'
    Info: Total cell delay = 4.729 ns ( 36.66 % )
    Info: Total interconnect delay = 8.169 ns ( 63.34 % )
Info: Quartus II Classic Timing Analyzer was successful. 0 errors, 0 warnings
    Info: Peak virtual memory: 124 megabytes
    Info: Processing ended: Sun Mar 08 22:03:03 2009
    Info: Elapsed time: 00:00:02
    Info: Total CPU time (on all processors): 00:00:01


