Classic Timing Analyzer report for ParityGenerator
Sun Mar 08 23:46:14 2009
Quartus II Version 8.0 Build 231 07/10/2008 Service Pack 1 SJ Web Edition


---------------------
; Table of Contents ;
---------------------
  1. Legal Notice
  2. Timing Analyzer Summary
  3. Timing Analyzer Settings
  4. tpd
  5. Timing Analyzer Messages



----------------
; Legal Notice ;
----------------
Copyright (C) 1991-2008 Altera Corporation
Your use of Altera Corporation's design tools, logic functions 
and other software and tools, and its AMPP partner logic 
functions, and any output files from any of the foregoing 
(including device programming or simulation files), and any 
associated documentation or information are expressly subject 
to the terms and conditions of the Altera Program License 
Subscription Agreement, Altera MegaCore Function License 
Agreement, or other applicable license agreement, including, 
without limitation, that your use is for the sole purpose of 
programming logic devices manufactured by Altera and sold by 
Altera or its authorized distributors.  Please refer to the 
applicable agreement for further details.



+----------------------------------------------------------------------------------------------------------------------------------+
; Timing Analyzer Summary                                                                                                          ;
+------------------------------+-------+---------------+-------------+----------+-----------+------------+----------+--------------+
; Type                         ; Slack ; Required Time ; Actual Time ; From     ; To        ; From Clock ; To Clock ; Failed Paths ;
+------------------------------+-------+---------------+-------------+----------+-----------+------------+----------+--------------+
; Worst-case tpd               ; N/A   ; None          ; 11.931 ns   ; input[5] ; output[7] ; --         ; --       ; 0            ;
; Total number of failed paths ;       ;               ;             ;          ;           ;            ;          ; 0            ;
+------------------------------+-------+---------------+-------------+----------+-----------+------------+----------+--------------+


+--------------------------------------------------------------------------------------------------------------------+
; Timing Analyzer Settings                                                                                           ;
+---------------------------------------------------------------------+--------------------+------+----+-------------+
; Option                                                              ; Setting            ; From ; To ; Entity Name ;
+---------------------------------------------------------------------+--------------------+------+----+-------------+
; Device Name                                                         ; EP1C4F324C8        ;      ;    ;             ;
; Timing Models                                                       ; Final              ;      ;    ;             ;
; Default hold multicycle                                             ; Same as Multicycle ;      ;    ;             ;
; Cut paths between unrelated clock domains                           ; On                 ;      ;    ;             ;
; Cut off read during write signal paths                              ; On                 ;      ;    ;             ;
; Cut off feedback from I/O pins                                      ; On                 ;      ;    ;             ;
; Report Combined Fast/Slow Timing                                    ; Off                ;      ;    ;             ;
; Ignore Clock Settings                                               ; Off                ;      ;    ;             ;
; Analyze latches as synchronous elements                             ; On                 ;      ;    ;             ;
; Enable Recovery/Removal analysis                                    ; Off                ;      ;    ;             ;
; Enable Clock Latency                                                ; Off                ;      ;    ;             ;
; Use TimeQuest Timing Analyzer                                       ; Off                ;      ;    ;             ;
; Number of source nodes to report per destination node               ; 10                 ;      ;    ;             ;
; Number of destination nodes to report                               ; 10                 ;      ;    ;             ;
; Number of paths to report                                           ; 200                ;      ;    ;             ;
; Report Minimum Timing Checks                                        ; Off                ;      ;    ;             ;
; Use Fast Timing Models                                              ; Off                ;      ;    ;             ;
; Report IO Paths Separately                                          ; Off                ;      ;    ;             ;
; Perform Multicorner Analysis                                        ; Off                ;      ;    ;             ;
; Reports the worst-case path for each clock domain and analysis      ; Off                ;      ;    ;             ;
; Removes common clock path pessimism (CCPP) during slack computation ; Off                ;      ;    ;             ;
+---------------------------------------------------------------------+--------------------+------+----+-------------+


+--------------------------------------------------------------------+
; tpd                                                                ;
+-------+-------------------+-----------------+----------+-----------+
; Slack ; Required P2P Time ; Actual P2P Time ; From     ; To        ;
+-------+-------------------+-----------------+----------+-----------+
; N/A   ; None              ; 11.931 ns       ; input[5] ; output[7] ;
; N/A   ; None              ; 11.888 ns       ; input[1] ; output[7] ;
; N/A   ; None              ; 11.721 ns       ; input[2] ; output[7] ;
; N/A   ; None              ; 11.704 ns       ; input[4] ; output[7] ;
; N/A   ; None              ; 11.564 ns       ; input[0] ; output[7] ;
; N/A   ; None              ; 11.359 ns       ; input[3] ; output[7] ;
; N/A   ; None              ; 11.324 ns       ; input[6] ; output[7] ;
; N/A   ; None              ; 10.846 ns       ; input[2] ; output[2] ;
; N/A   ; None              ; 10.801 ns       ; input[4] ; output[4] ;
; N/A   ; None              ; 10.531 ns       ; input[1] ; output[1] ;
; N/A   ; None              ; 10.482 ns       ; input[0] ; output[0] ;
; N/A   ; None              ; 10.478 ns       ; input[3] ; output[3] ;
; N/A   ; None              ; 10.216 ns       ; input[6] ; output[6] ;
; N/A   ; None              ; 10.080 ns       ; input[5] ; output[5] ;
+-------+-------------------+-----------------+----------+-----------+


+--------------------------+
; Timing Analyzer Messages ;
+--------------------------+
Info: *******************************************************************
Info: Running Quartus II Classic Timing Analyzer
    Info: Version 8.0 Build 231 07/10/2008 Service Pack 1 SJ Web Edition
    Info: Processing started: Sun Mar 08 23:46:13 2009
Info: Command: quartus_tan --read_settings_files=off --write_settings_files=off ParityGenerator -c ParityGenerator --timing_analysis_only
Info: Longest tpd from source pin "input[5]" to destination pin "output[7]" is 11.931 ns
    Info: 1: + IC(0.000 ns) + CELL(1.475 ns) = 1.475 ns; Loc. = PIN_T5; Fanout = 2; PIN Node = 'input[5]'
    Info: 2: + IC(6.014 ns) + CELL(0.590 ns) = 8.079 ns; Loc. = LC_X14_Y1_N2; Fanout = 1; COMB Node = 'temp1~5'
    Info: 3: + IC(1.744 ns) + CELL(2.108 ns) = 11.931 ns; Loc. = PIN_R10; Fanout = 0; PIN Node = 'output[7]'
    Info: Total cell delay = 4.173 ns ( 34.98 % )
    Info: Total interconnect delay = 7.758 ns ( 65.02 % )
Info: Quartus II Classic Timing Analyzer was successful. 0 errors, 0 warnings
    Info: Peak virtual memory: 123 megabytes
    Info: Processing ended: Sun Mar 08 23:46:15 2009
    Info: Elapsed time: 00:00:02
    Info: Total CPU time (on all processors): 00:00:01


