Classic Timing Analyzer report for StructCarAlarm
Mon Mar 09 00:14:33 2009
Quartus II Version 8.0 Build 231 07/10/2008 Service Pack 1 SJ Web Edition


---------------------
; Table of Contents ;
---------------------
  1. Legal Notice
  2. Timing Analyzer Summary
  3. Timing Analyzer Settings
  4. tpd
  5. Timing Analyzer Messages



----------------
; Legal Notice ;
----------------
Copyright (C) 1991-2008 Altera Corporation
Your use of Altera Corporation's design tools, logic functions 
and other software and tools, and its AMPP partner logic 
functions, and any output files from any of the foregoing 
(including device programming or simulation files), and any 
associated documentation or information are expressly subject 
to the terms and conditions of the Altera Program License 
Subscription Agreement, Altera MegaCore Function License 
Agreement, or other applicable license agreement, including, 
without limitation, that your use is for the sole purpose of 
programming logic devices manufactured by Altera and sold by 
Altera or its authorized distributors.  Please refer to the 
applicable agreement for further details.



+------------------------------------------------------------------------------------------------------------------------------+
; Timing Analyzer Summary                                                                                                      ;
+------------------------------+-------+---------------+-------------+----------+-------+------------+----------+--------------+
; Type                         ; Slack ; Required Time ; Actual Time ; From     ; To    ; From Clock ; To Clock ; Failed Paths ;
+------------------------------+-------+---------------+-------------+----------+-------+------------+----------+--------------+
; Worst-case tpd               ; N/A   ; None          ; 12.170 ns   ; SeatBelt ; Alarm ; --         ; --       ; 0            ;
; Total number of failed paths ;       ;               ;             ;          ;       ;            ;          ; 0            ;
+------------------------------+-------+---------------+-------------+----------+-------+------------+----------+--------------+


+--------------------------------------------------------------------------------------------------------------------+
; Timing Analyzer Settings                                                                                           ;
+---------------------------------------------------------------------+--------------------+------+----+-------------+
; Option                                                              ; Setting            ; From ; To ; Entity Name ;
+---------------------------------------------------------------------+--------------------+------+----+-------------+
; Device Name                                                         ; EP1C4F324C8        ;      ;    ;             ;
; Timing Models                                                       ; Final              ;      ;    ;             ;
; Default hold multicycle                                             ; Same as Multicycle ;      ;    ;             ;
; Cut paths between unrelated clock domains                           ; On                 ;      ;    ;             ;
; Cut off read during write signal paths                              ; On                 ;      ;    ;             ;
; Cut off feedback from I/O pins                                      ; On                 ;      ;    ;             ;
; Report Combined Fast/Slow Timing                                    ; Off                ;      ;    ;             ;
; Ignore Clock Settings                                               ; Off                ;      ;    ;             ;
; Analyze latches as synchronous elements                             ; On                 ;      ;    ;             ;
; Enable Recovery/Removal analysis                                    ; Off                ;      ;    ;             ;
; Enable Clock Latency                                                ; Off                ;      ;    ;             ;
; Use TimeQuest Timing Analyzer                                       ; Off                ;      ;    ;             ;
; Minimum Core Junction Temperature                                   ; 0                  ;      ;    ;             ;
; Maximum Core Junction Temperature                                   ; 85                 ;      ;    ;             ;
; Number of source nodes to report per destination node               ; 10                 ;      ;    ;             ;
; Number of destination nodes to report                               ; 10                 ;      ;    ;             ;
; Number of paths to report                                           ; 200                ;      ;    ;             ;
; Report Minimum Timing Checks                                        ; Off                ;      ;    ;             ;
; Use Fast Timing Models                                              ; Off                ;      ;    ;             ;
; Report IO Paths Separately                                          ; Off                ;      ;    ;             ;
; Perform Multicorner Analysis                                        ; Off                ;      ;    ;             ;
; Reports the worst-case path for each clock domain and analysis      ; Off                ;      ;    ;             ;
; Removes common clock path pessimism (CCPP) during slack computation ; Off                ;      ;    ;             ;
+---------------------------------------------------------------------+--------------------+------+----+-------------+


+----------------------------------------------------------------+
; tpd                                                            ;
+-------+-------------------+-----------------+----------+-------+
; Slack ; Required P2P Time ; Actual P2P Time ; From     ; To    ;
+-------+-------------------+-----------------+----------+-------+
; N/A   ; None              ; 12.170 ns       ; SeatBelt ; Alarm ;
; N/A   ; None              ; 11.378 ns       ; Ignition ; Alarm ;
; N/A   ; None              ; 10.166 ns       ; Door     ; Alarm ;
+-------+-------------------+-----------------+----------+-------+


+--------------------------+
; Timing Analyzer Messages ;
+--------------------------+
Info: *******************************************************************
Info: Running Quartus II Classic Timing Analyzer
    Info: Version 8.0 Build 231 07/10/2008 Service Pack 1 SJ Web Edition
    Info: Processing started: Mon Mar 09 00:14:32 2009
Info: Command: quartus_tan --read_settings_files=off --write_settings_files=off StructCarAlarm -c StructCarAlarm --timing_analysis_only
Info: Longest tpd from source pin "SeatBelt" to destination pin "Alarm" is 12.170 ns
    Info: 1: + IC(0.000 ns) + CELL(1.475 ns) = 1.475 ns; Loc. = PIN_B9; Fanout = 1; PIN Node = 'SeatBelt'
    Info: 2: + IC(6.682 ns) + CELL(0.590 ns) = 8.747 ns; Loc. = LC_X13_Y2_N2; Fanout = 1; COMB Node = 'OR21:U4|out1~18'
    Info: 3: + IC(1.315 ns) + CELL(2.108 ns) = 12.170 ns; Loc. = PIN_V10; Fanout = 0; PIN Node = 'Alarm'
    Info: Total cell delay = 4.173 ns ( 34.29 % )
    Info: Total interconnect delay = 7.997 ns ( 65.71 % )
Info: Quartus II Classic Timing Analyzer was successful. 0 errors, 0 warnings
    Info: Peak virtual memory: 123 megabytes
    Info: Processing ended: Mon Mar 09 00:14:34 2009
    Info: Elapsed time: 00:00:02
    Info: Total CPU time (on all processors): 00:00:01


